<?xml version="1.0" encoding="UTF-8" ?>
<testsuites>
  <testsuite errors="0" failures="0" hostname="atari" id="0" name="ConfigExceptionTest" package="rescuecore2.config" tests="8" time="0.151" timestamp="2011-04-02T19:31:36">
      <properties>
[...]
</properties>

      <testcase classname="rescuecore2.config.ConfigExceptionTest" name="testFilenameConstructor" time="0.01" />

      <testcase classname="rescuecore2.config.ConfigExceptionTest" name="testFilenameAndStringConstructor" time="0.0" />

      <testcase classname="rescuecore2.config.ConfigExceptionTest" name="testFilenameAndCauseConstructor" time="0.001" />

      <testcase classname="rescuecore2.config.ConfigExceptionTest" name="testFilenameAndLineNumberConstructor" time="0.0" />

      <testcase classname="rescuecore2.config.ConfigExceptionTest" name="testFilenameLineNumberAndStringConstructor" time="0.0" />

      <testcase classname="rescuecore2.config.ConfigExceptionTest" name="testFilenameLineNumberAndCauseConstructor" time="0.0" />

      <testcase classname="rescuecore2.config.ConfigExceptionTest" name="testFilenameStringAndCauseConstructor" time="0.0" />

      <testcase classname="rescuecore2.config.ConfigExceptionTest" name="testFilenameLineNumberStringAndCauseConstructor" time="0.001" />

      <system-out />

      <system-err />

  </testsuite>
  <testsuite errors="0" failures="0" hostname="atari" id="1" name="ConfigTest" package="rescuecore2.config" tests="65" time="0.235" timestamp="2011-04-02T19:31:38">
      <properties>
[...]
</properties>

      <testcase classname="rescuecore2.config.ConfigTest" name="testConstructor" time="0.013" />

      <testcase classname="rescuecore2.config.ConfigTest" name="testReadFile" time="0.046" />

      <testcase classname="rescuecore2.config.ConfigTest" name="testReadReader" time="0.003" />

      <testcase classname="rescuecore2.config.ConfigTest" name="testReadReaderWithInclude" time="0.001" />

      <testcase classname="rescuecore2.config.ConfigTest" name="testReadResource" time="0.004" />

      <testcase classname="rescuecore2.config.ConfigTest" name="testCommentsIgnored" time="0.009" />

      <testcase classname="rescuecore2.config.ConfigTest" name="testReadFromConstructor" time="0.002" />

      <testcase classname="rescuecore2.config.ConfigTest" name="testReadWithIncludes" time="0.005" />

      <testcase classname="rescuecore2.config.ConfigTest" name="testReadWithIncludes2" time="0.002" />

      <testcase classname="rescuecore2.config.ConfigTest" name="testReadMultiple" time="0.005" />

      <testcase classname="rescuecore2.config.ConfigTest" name="testReadMultipleWithIncludes" time="0.004" />

      <testcase classname="rescuecore2.config.ConfigTest" name="testReadWithIncludeSubdir" time="0.001" />

      <testcase classname="rescuecore2.config.ConfigTest" name="testReadWithIncludeSubdirFile" time="0.001" />

      <testcase classname="rescuecore2.config.ConfigTest" name="testReadEntireDirectory" time="0.001" />

      <testcase classname="rescuecore2.config.ConfigTest" name="testReadEntireDirectoryTree" time="0.001" />

      <testcase classname="rescuecore2.config.ConfigTest" name="testWhitespace" time="0.003" />

      <testcase classname="rescuecore2.config.ConfigTest" name="testGetCaseSensitive" time="0.001" />

      <testcase classname="rescuecore2.config.ConfigTest" name="testGetAllKeys" time="0.002" />

      <testcase classname="rescuecore2.config.ConfigTest" name="testStrings" time="0.001" />

      <testcase classname="rescuecore2.config.ConfigTest" name="testIntegers" time="0.004" />

      <testcase classname="rescuecore2.config.ConfigTest" name="testDoubles" time="0.006" />

      <testcase classname="rescuecore2.config.ConfigTest" name="testBooleans" time="0.001" />

      <testcase classname="rescuecore2.config.ConfigTest" name="testParseBooleans" time="0.003" />

      <testcase classname="rescuecore2.config.ConfigTest" name="testArrays" time="0.002" />

      <testcase classname="rescuecore2.config.ConfigTest" name="testArraysDefaultValue" time="0.0" />

      <testcase classname="rescuecore2.config.ConfigTest" name="testRemoveKey" time="0.0" />

      <testcase classname="rescuecore2.config.ConfigTest" name="testRemoveAllKeys" time="0.0" />

      <testcase classname="rescuecore2.config.ConfigTest" name="testReadNullFile" time="0.0" />

      <testcase classname="rescuecore2.config.ConfigTest" name="testReadNullString" time="0.0" />

      <testcase classname="rescuecore2.config.ConfigTest" name="testReadNullReader" time="0.0" />

      <testcase classname="rescuecore2.config.ConfigTest" name="testReadNonexistantFile" time="0.0" />

      <testcase classname="rescuecore2.config.ConfigTest" name="testNonExistantInclude" time="0.001" />

      <testcase classname="rescuecore2.config.ConfigTest" name="testEmptyInclude" time="0.0" />

      <testcase classname="rescuecore2.config.ConfigTest" name="testMalformedConfig" time="0.001" />

      <testcase classname="rescuecore2.config.ConfigTest" name="testWrite" time="0.001" />

      <testcase classname="rescuecore2.config.ConfigTest" name="testWriteNullWriter" time="0.0" />

      <testcase classname="rescuecore2.config.ConfigTest" name="testGetNullKey" time="0.0" />

      <testcase classname="rescuecore2.config.ConfigTest" name="testGetNullIntKey" time="0.0" />

      <testcase classname="rescuecore2.config.ConfigTest" name="testGetNullFloatKey" time="0.0" />

      <testcase classname="rescuecore2.config.ConfigTest" name="testGetNullBooleanKey" time="0.0" />

      <testcase classname="rescuecore2.config.ConfigTest" name="testSetNullKey" time="0.0" />

      <testcase classname="rescuecore2.config.ConfigTest" name="testSetNullIntKey" time="0.001" />

      <testcase classname="rescuecore2.config.ConfigTest" name="testSetNullFloatKey" time="0.0" />

      <testcase classname="rescuecore2.config.ConfigTest" name="testSetNullBooleanKey" time="0.0" />

      <testcase classname="rescuecore2.config.ConfigTest" name="testRemoveNullKey" time="0.001" />

      <testcase classname="rescuecore2.config.ConfigTest" name="testSetNullValue" time="0.0" />

      <testcase classname="rescuecore2.config.ConfigTest" name="testGetNonexistantKey" time="0.0" />

      <testcase classname="rescuecore2.config.ConfigTest" name="testSetMethodsClearCache" time="0.0" />

      <testcase classname="rescuecore2.config.ConfigTest" name="testRemoveKeyClearsCache" time="0.001" />

      <testcase classname="rescuecore2.config.ConfigTest" name="testRemoveAllKeysClearsCache" time="0.0" />

      <testcase classname="rescuecore2.config.ConfigTest" name="testGetValueWithDefault" time="0.001" />

      <testcase classname="rescuecore2.config.ConfigTest" name="testGetValueWithNullKeyAndDefault" time="0.0" />

      <testcase classname="rescuecore2.config.ConfigTest" name="testGetIntValueWithDefault" time="0.0" />

      <testcase classname="rescuecore2.config.ConfigTest" name="testGetIntValueWithNullKeyAndDefault" time="0.0" />

      <testcase classname="rescuecore2.config.ConfigTest" name="testGetFloatValueWithDefault" time="0.001" />

      <testcase classname="rescuecore2.config.ConfigTest" name="testGetFloatValueWithNullKeyAndDefault" time="0.0" />

      <testcase classname="rescuecore2.config.ConfigTest" name="testGetBooleanValueWithDefault" time="0.001" />

      <testcase classname="rescuecore2.config.ConfigTest" name="testGetBooleanValueWithNullKeyAndDefault" time="0.0" />

      <testcase classname="rescuecore2.config.ConfigTest" name="testDollarNotation" time="0.001" />

      <testcase classname="rescuecore2.config.ConfigTest" name="testBrokenDollarNotation" time="0.0" />

      <testcase classname="rescuecore2.config.ConfigTest" name="testDollarNotationSetValue" time="0.006" />

      <testcase classname="rescuecore2.config.ConfigTest" name="testDollarNotationCache" time="0.001" />

      <testcase classname="rescuecore2.config.ConfigTest" name="testDollarNotationTypes" time="0.003" />

      <testcase classname="rescuecore2.config.ConfigTest" name="testWriteWithReferences" time="0.0" />

      <testcase classname="rescuecore2.config.ConfigTest" name="testReferenceWithDefault" time="0.0" />

      <system-out><![CDATA[TRACE root : Setting 'key' to 'value'
TRACE root : Setting 'int' to '5'
TRACE root : Setting 'float' to '3.4'
TRACE root : Setting 'boolean' to 'true'
TRACE root : Setting 'key' to 'value'
TRACE root : Setting 'int' to '5'
TRACE root : Setting 'float' to '3.4'
TRACE root : Setting 'boolean' to 'true'
TRACE root : Reading included config 'basic.cfg'
TRACE root : Setting 'resourcekey' to 'something'
TRACE root : Setting 'resourceint' to '-9'
TRACE root : Setting 'resourcefloat' to '27.4'
TRACE root : Setting 'resourceboolean' to 'false'
TRACE root : Setting 'key' to 'value'
TRACE root : Setting 'int' to '5'
TRACE root : Setting 'float' to '3.4'
TRACE root : Setting 'boolean' to 'true'
TRACE root : Setting 'key' to 'value'
TRACE root : Setting 'int' to '5'
TRACE root : Setting 'float' to '3.4'
TRACE root : Setting 'boolean' to 'true'
TRACE root : Reading included config 'basic.cfg'
TRACE root : Setting 'key' to 'value'
TRACE root : Setting 'int' to '5'
TRACE root : Setting 'float' to '3.4'
TRACE root : Setting 'boolean' to 'true'
TRACE root : Setting 'newkey' to 'newvalue'
TRACE root : Setting 'int' to '2'
WARN root : Redefining config key 'int' as '2'
TRACE root : Setting 'newkey' to 'newvalue'
TRACE root : Setting 'int' to '2'
TRACE root : Reading included config 'basic.cfg'
TRACE root : Setting 'key' to 'value'
TRACE root : Setting 'int' to '5'
WARN root : Redefining config key 'int' as '5'
TRACE root : Setting 'float' to '3.4'
TRACE root : Setting 'boolean' to 'true'
TRACE root : Setting 'key' to 'value'
TRACE root : Setting 'int' to '5'
TRACE root : Setting 'float' to '3.4'
TRACE root : Setting 'boolean' to 'true'
TRACE root : Setting 'key' to 'newvalue'
WARN root : Redefining config key 'key' as 'newvalue'
TRACE root : Setting 'int' to '6'
WARN root : Redefining config key 'int' as '6'
TRACE root : Setting 'float' to '9.4'
WARN root : Redefining config key 'float' as '9.4'
TRACE root : Setting 'boolean' to 'false'
WARN root : Redefining config key 'boolean' as 'false'
TRACE root : Setting 'key' to 'value'
TRACE root : Setting 'int' to '5'
TRACE root : Setting 'float' to '3.4'
TRACE root : Setting 'boolean' to 'true'
TRACE root : Reading included config 'basic.cfg'
TRACE root : Setting 'key' to 'value'
TRACE root : Setting 'int' to '5'
TRACE root : Setting 'float' to '3.4'
TRACE root : Setting 'boolean' to 'true'
TRACE root : Setting 'newkey' to 'newvalue'
TRACE root : Setting 'int' to '2'
WARN root : Redefining config key 'int' as '2'
TRACE root : Setting 'key1' to 'value1'
TRACE root : Reading included config 'configdir'
TRACE root : Setting 'key_a' to 'a'
TRACE root : Setting 'key_b' to 'b'
TRACE root : Setting 'key1' to 'value1'
TRACE root : Reading included config 'configdir/a.cfg'
TRACE root : Setting 'key_a' to 'a'
TRACE root : Setting 'key_a' to 'a'
TRACE root : Setting 'key_b' to 'b'
TRACE root : Setting 'key_a' to 'a'
TRACE root : Setting 'key_b' to 'b'
TRACE root : Setting 'key1' to 'value1'
TRACE root : Setting 'key2' to 'value2'
TRACE root : Setting 'key3' to 'value3'
TRACE root : Setting 'key4' to 'value4'
TRACE root : Setting 'key5' to 'value5'
TRACE root : Setting 'key6' to 'value6'
TRACE root : Setting 'key7' to 'value7'
TRACE root : Setting 'key8' to 'value8'
TRACE root : Setting 'key9' to 'value9'
TRACE root : Setting 'key10' to 'value10'
TRACE root : Setting 'key' to 'value'
TRACE root : Setting 'int' to '5'
TRACE root : Setting 'float' to '3.4'
TRACE root : Setting 'boolean' to 'true'
TRACE root : Setting 'key' to 'value'
TRACE root : Setting 'int' to '5'
TRACE root : Setting 'float' to '3.4'
TRACE root : Setting 'boolean' to 'true'
TRACE root : Setting 'key' to 'value'
TRACE root : Setting 'int' to '5'
TRACE root : Setting 'float' to '3.4'
TRACE root : Setting 'boolean' to 'true'
TRACE root : Setting 'key' to 'value'
TRACE root : Setting 'int' to '5'
TRACE root : Setting 'float' to '3.4'
TRACE root : Setting 'boolean' to 'true'
TRACE root : Setting 'key' to 'value'
TRACE root : Setting 'int' to '5'
TRACE root : Setting 'float' to '3.4'
TRACE root : Setting 'boolean' to 'true'
TRACE root : Setting 'key' to 'value'
TRACE root : Setting 'int' to '5'
TRACE root : Setting 'float' to '3.4'
TRACE root : Setting 'boolean' to 'true'
TRACE root : Setting 'key1' to 'true'
TRACE root : Setting 'key2' to 'True'
TRACE root : Setting 'key3' to 't'
TRACE root : Setting 'key4' to 'T'
TRACE root : Setting 'key5' to 'tRUe'
TRACE root : Setting 'key6' to 'yes'
TRACE root : Setting 'key7' to 'YEs'
TRACE root : Setting 'key8' to 'y'
TRACE root : Setting 'key9' to '1'
TRACE root : Setting 'key10' to 'false'
TRACE root : Setting 'key11' to 'something'
TRACE root : Setting 'key12' to '0'
TRACE root : Setting 'key13' to 'Yes!'
TRACE root : Setting 'key14' to 'Yes. I mean no. Well, maybe.'
TRACE root : Setting 'key15' to '11'
TRACE root : Setting 'key16' to 'true.'
TRACE root : Setting 'key17' to '!true'
TRACE root : Setting 'key1' to 'value'
TRACE root : Setting 'key2' to 'value1 value2'
TRACE root : Setting 'key3' to 'value1,value2'
TRACE root : Setting 'key4' to 'value1|value2'
TRACE root : Setting 'key5' to 'value1,   value2'
TRACE root : Setting 'key6' to 'value1  ,,,, ,  value2'
TRACE root : Setting 'key' to 'value'
TRACE root : Setting 'int' to '5'
TRACE root : Setting 'float' to '3.4'
TRACE root : Setting 'boolean' to 'true'
TRACE root : Setting 'key' to 'value'
TRACE root : Setting 'int' to '5'
TRACE root : Setting 'float' to '3.4'
TRACE root : Setting 'boolean' to 'true'
TRACE root : Setting 'key' to 'value'
TRACE root : Reading included config 'i-do-not-exist.cfg'
TRACE root : Setting 'key' to 'value'
TRACE root : Setting 'key' to 'value'
TRACE root : Setting 'int' to '5'
TRACE root : Setting 'float' to '3.4'
TRACE root : Setting 'boolean' to 'true'
TRACE root : Setting 'key' to 'value'
TRACE root : Setting 'int' to '5'
TRACE root : Setting 'float' to '3.4'
TRACE root : Setting 'boolean' to 'true'
TRACE root : Setting 'key' to 'value'
TRACE root : Setting 'int' to '5'
TRACE root : Setting 'float' to '3.4'
TRACE root : Setting 'boolean' to 'true'
TRACE root : Setting 'key' to 'value'
TRACE root : Setting 'int' to '5'
TRACE root : Setting 'float' to '3.4'
TRACE root : Setting 'boolean' to 'true'
TRACE root : Setting 'key' to 'value'
TRACE root : Setting 'int' to '5'
TRACE root : Setting 'float' to '3.4'
TRACE root : Setting 'boolean' to 'true'
TRACE root : Setting 'dollar.third' to '${dollar.first} and oranges'
TRACE root : Setting 'dollar.first' to 'apples'
TRACE root : Setting 'dollar.second' to 'oranges and ${dollar.first}'
TRACE root : Setting 'dollar.fourth' to '${dollar.first}'
TRACE root : Setting 'dollar.first' to 'bananas'
TRACE root : Setting 'dollar.second' to 'go ${dollar.third}!'
TRACE root : Setting 'dollar.third' to '${dollar.first} and oranges'
TRACE root : Setting 'dollar.first' to 'apples'
TRACE root : Setting 'dollar.second' to 'oranges and ${dollar.first}'
TRACE root : Setting 'dollar.fourth' to '${dollar.first}'
TRACE root : Setting 'dollar.third' to '${dollar.first} and oranges'
TRACE root : Setting 'dollar.first' to 'apples'
TRACE root : Setting 'dollar.second' to 'oranges and ${dollar.first}'
TRACE root : Setting 'dollar.fourth' to '${dollar.first}'
TRACE root : Setting 'int.first' to '10'
TRACE root : Setting 'int.second' to '${int.first}'
TRACE root : Setting 'float.first' to '0.4'
TRACE root : Setting 'float.second' to '${float.first}'
TRACE root : Setting 'boolean.first' to 'false'
TRACE root : Setting 'boolean.second' to '${boolean.first}'
TRACE root : Setting 'array.first' to 'foo bar'
TRACE root : Setting 'array.second' to '${array.first}'
TRACE root : Setting 'array.third' to '${array.first} baz'
TRACE root : Setting 'dollar.first' to 'apples'
TRACE root : Setting 'dollar.second' to '${dollar.first} and ${nonexistant:oranges}'
]]></system-out>

      <system-err />

  </testsuite>
  <testsuite errors="0" failures="0" hostname="atari" id="2" name="ConnectionManagerTest" package="rescuecore2.connection" tests="5" time="7.171" timestamp="2011-04-02T19:31:41">
      <properties>
[...]
</properties>

      <testcase classname="rescuecore2.connection.ConnectionManagerTest" name="testListen" time="1.099" />

      <testcase classname="rescuecore2.connection.ConnectionManagerTest" name="testListenMultiplePorts" time="1.005" />

      <testcase classname="rescuecore2.connection.ConnectionManagerTest" name="testShutdown" time="2.004" />

      <testcase classname="rescuecore2.connection.ConnectionManagerTest" name="testShutdownPreventsListen" time="1.006" />

      <testcase classname="rescuecore2.connection.ConnectionManagerTest" name="testInterruptedShutdown" time="2.005" />

      <system-out><![CDATA[INFO root : Listening for connections on port 34332
DEBUG root : Starting TCPConnection: local port 34332, endpoint = /127.0.0.1:33060. Registry: rescuecore2.registry.Registry@1315d34
DEBUG root : Starting TCPConnection: local port 34332, endpoint = /127.0.0.1:33061. Registry: rescuecore2.registry.Registry@1315d34
DEBUG root : Starting TCPConnection: local port 34332, endpoint = /127.0.0.1:33062. Registry: rescuecore2.registry.Registry@1315d34
DEBUG root : Starting TCPConnection: local port 34332, endpoint = /127.0.0.1:33063. Registry: rescuecore2.registry.Registry@1315d34
DEBUG root : Starting TCPConnection: local port 34332, endpoint = /127.0.0.1:33064. Registry: rescuecore2.registry.Registry@1315d34
DEBUG root : Starting TCPConnection: local port 34332, endpoint = /127.0.0.1:33065. Registry: rescuecore2.registry.Registry@1315d34
INFO root : Listening for connections on port 34332
INFO root : Listening for connections on port 34333
DEBUG root : Starting TCPConnection: local port 34333, endpoint = /127.0.0.1:50933. Registry: rescuecore2.registry.Registry@e6f7d2
DEBUG root : Starting TCPConnection: local port 34332, endpoint = /127.0.0.1:33066. Registry: rescuecore2.registry.Registry@e6f7d2
INFO root : Listening for connections on port 34332
INFO root : Listening for connections on port 34333
DEBUG root : Starting TCPConnection: local port 34332, endpoint = /127.0.0.1:33068. Registry: rescuecore2.registry.Registry@9e5c73
DEBUG root : Starting TCPConnection: local port 34333, endpoint = /127.0.0.1:50935. Registry: rescuecore2.registry.Registry@9e5c73
INFO root : Listening for connections on port 34332
DEBUG root : Starting TCPConnection: local port 34332, endpoint = /127.0.0.1:33072. Registry: rescuecore2.registry.Registry@290fbc
INFO root : Listening for connections on port 34332
DEBUG root : Starting TCPConnection: local port 34332, endpoint = /127.0.0.1:33074. Registry: rescuecore2.registry.Registry@10dc6b5
ERROR root : ConnectionManager interrupted while shutting down read threads
java.lang.InterruptedException
	at rescuecore2.misc.WorkerThread.kill(WorkerThread.java:37)
	at rescuecore2.connection.ConnectionManager.shutdown(ConnectionManager.java:66)
	at rescuecore2.connection.ConnectionManagerTest.testInterruptedShutdown(ConnectionManagerTest.java:132)
	at sun.reflect.NativeMethodAccessorImpl.invoke0(Native Method)
	at sun.reflect.NativeMethodAccessorImpl.invoke(NativeMethodAccessorImpl.java:57)
	at sun.reflect.DelegatingMethodAccessorImpl.invoke(DelegatingMethodAccessorImpl.java:43)
	at java.lang.reflect.Method.invoke(Method.java:616)
	at org.junit.runners.model.FrameworkMethod$1.runReflectiveCall(FrameworkMethod.java:44)
	at org.junit.internal.runners.model.ReflectiveCallable.run(ReflectiveCallable.java:15)
	at org.junit.runners.model.FrameworkMethod.invokeExplosively(FrameworkMethod.java:41)
	at org.junit.internal.runners.statements.InvokeMethod.evaluate(InvokeMethod.java:20)
	at org.junit.internal.runners.statements.RunBefores.evaluate(RunBefores.java:28)
	at org.junit.internal.runners.statements.RunAfters.evaluate(RunAfters.java:31)
	at org.junit.runners.BlockJUnit4ClassRunner.runChild(BlockJUnit4ClassRunner.java:73)
	at org.junit.runners.BlockJUnit4ClassRunner.runChild(BlockJUnit4ClassRunner.java:46)
	at org.junit.runners.ParentRunner.runChildren(ParentRunner.java:180)
	at org.junit.runners.ParentRunner.access$000(ParentRunner.java:41)
	at org.junit.runners.ParentRunner$1.evaluate(ParentRunner.java:173)
	at org.junit.internal.runners.statements.RunBefores.evaluate(RunBefores.java:28)
	at org.junit.internal.runners.statements.RunAfters.evaluate(RunAfters.java:31)
	at org.junit.runners.ParentRunner.run(ParentRunner.java:220)
	at junit.framework.JUnit4TestAdapter.run(JUnit4TestAdapter.java:39)
	at org.apache.tools.ant.taskdefs.optional.junit.JUnitTestRunner.run(JUnitTestRunner.java:420)
	at org.apache.tools.ant.taskdefs.optional.junit.JUnitTestRunner.launch(JUnitTestRunner.java:911)
	at org.apache.tools.ant.taskdefs.optional.junit.JUnitTestRunner.main(JUnitTestRunner.java:768)
]]></system-out>

      <system-err />

  </testsuite>
  <testsuite errors="0" failures="0" hostname="atari" id="3" name="StreamConnectionTest" package="rescuecore2.connection" tests="24" time="15.254" timestamp="2011-04-02T19:31:50">
      <properties>
[...]
</properties>

      <testcase classname="rescuecore2.connection.StreamConnectionTest" name="testSendBytes" time="1.063" />

      <testcase classname="rescuecore2.connection.StreamConnectionTest" name="testIOExceptionOnReadSize" time="1.003" />

      <testcase classname="rescuecore2.connection.StreamConnectionTest" name="testIOExceptionOnReadSize2" time="1.002" />

      <testcase classname="rescuecore2.connection.StreamConnectionTest" name="testIOExceptionOnReadContent" time="1.002" />

      <testcase classname="rescuecore2.connection.StreamConnectionTest" name="testNegativeSizeInput" time="0.015" />

      <testcase classname="rescuecore2.connection.StreamConnectionTest" name="testShortContent" time="3.004" />

      <testcase classname="rescuecore2.connection.StreamConnectionTest" name="testShortSizeField" time="3.002" />

      <testcase classname="rescuecore2.connection.StreamConnectionTest" name="testExceptionOnOutputFlush" time="0.003" />

      <testcase classname="rescuecore2.connection.StreamConnectionTest" name="testExceptionOnOutputClose" time="0.003" />

      <testcase classname="rescuecore2.connection.StreamConnectionTest" name="testExceptionOnInputClose" time="0.004" />

      <testcase classname="rescuecore2.connection.StreamConnectionTest" name="testInterruptedDuringShutdown" time="0.006" />

      <testcase classname="rescuecore2.connection.StreamConnectionTest" name="testNoMessagesReceivedBeforeStartup" time="1.005" />

      <testcase classname="rescuecore2.connection.StreamConnectionTest" name="testNoMessagesAfterShutdown" time="1.007" />

      <testcase classname="rescuecore2.connection.StreamConnectionTest" name="testIsAlive" time="0.003" />

      <testcase classname="rescuecore2.connection.StreamConnectionTest" name="testRemoveConnectionListener" time="1.011" />

      <testcase classname="rescuecore2.connection.StreamConnectionTest" name="testMultipleStartup" time="0.008" />

      <testcase classname="rescuecore2.connection.StreamConnectionTest" name="testMultipleShutdown" time="2.007" />

      <testcase classname="rescuecore2.connection.StreamConnectionTest" name="testSendMessage" time="0.007" />

      <testcase classname="rescuecore2.connection.StreamConnectionTest" name="testSendMessages" time="0.008" />

      <testcase classname="rescuecore2.connection.StreamConnectionTest" name="testSendNullMessage" time="0.001" />

      <testcase classname="rescuecore2.connection.StreamConnectionTest" name="testSendNullMessages" time="0.001" />

      <testcase classname="rescuecore2.connection.StreamConnectionTest" name="testSendMessageBeforeStartup" time="0.0" />

      <testcase classname="rescuecore2.connection.StreamConnectionTest" name="testSendMessageAfterShutdown" time="0.004" />

      <testcase classname="rescuecore2.connection.StreamConnectionTest" name="testRegisterNewMessageFactory" time="0.02" />

      <system-out><![CDATA[DEBUG root : Starting rescuecore2.connection.StreamConnection@15fadcf. Registry: System
DEBUG root : Starting rescuecore2.connection.StreamConnection@19360e2. Registry: System
ERROR root : Error reading from StreamConnection rescuecore2.connection.StreamConnection@19360e2
java.io.IOException: Fail on read
	at rescuecore2.connection.StreamConnectionTest$TestInputStream.read(StreamConnectionTest.java:240)
	at rescuecore2.misc.EncodingTools.readInt32(EncodingTools.java:84)
	at rescuecore2.connection.StreamConnection$ReadThread.work(StreamConnection.java:110)
	at rescuecore2.misc.WorkerThread.run(WorkerThread.java:48)
DEBUG root : Starting rescuecore2.connection.StreamConnection@17e4ca. Registry: System
ERROR root : Error reading from StreamConnection rescuecore2.connection.StreamConnection@17e4ca
java.io.IOException: Fail on read
	at rescuecore2.connection.StreamConnectionTest$TestInputStream.read(StreamConnectionTest.java:240)
	at rescuecore2.misc.EncodingTools.readInt32(EncodingTools.java:88)
	at rescuecore2.connection.StreamConnection$ReadThread.work(StreamConnection.java:110)
	at rescuecore2.misc.WorkerThread.run(WorkerThread.java:48)
DEBUG root : Starting rescuecore2.connection.StreamConnection@c62c8. Registry: System
ERROR root : Error reading from StreamConnection rescuecore2.connection.StreamConnection@c62c8
java.io.IOException: Fail on read
	at rescuecore2.connection.StreamConnectionTest$TestInputStream.read(StreamConnectionTest.java:240)
	at java.io.InputStream.read(InputStream.java:171)
	at rescuecore2.misc.EncodingTools.readBytes(EncodingTools.java:264)
	at rescuecore2.connection.StreamConnection$ReadThread.work(StreamConnection.java:112)
	at rescuecore2.misc.WorkerThread.run(WorkerThread.java:48)
DEBUG root : Starting rescuecore2.connection.StreamConnection@79a2e7. Registry: rescuecore2.registry.Registry@14a55f2
ERROR root : AbstractConnection error reading message
java.io.EOFException: Broken input pipe. Read 0 bytes of 4.
	at rescuecore2.misc.EncodingTools.readInt32(EncodingTools.java:86)
	at rescuecore2.misc.EncodingTools.readString(EncodingTools.java:204)
	at rescuecore2.misc.EncodingTools.readMessage(EncodingTools.java:731)
	at rescuecore2.connection.AbstractConnection.bytesReceived(AbstractConnection.java:212)
	at rescuecore2.connection.StreamConnection$ReadThread.work(StreamConnection.java:113)
	at rescuecore2.misc.WorkerThread.run(WorkerThread.java:48)
DEBUG root : Starting rescuecore2.connection.StreamConnection@3bc257. Registry: System
DEBUG root : Starting rescuecore2.connection.StreamConnection@76fba0. Registry: System
DEBUG root : Starting rescuecore2.connection.StreamConnection@bc8e1e. Registry: System
INFO root : Shutting down rescuecore2.connection.StreamConnection@bc8e1e
ERROR root : StreamConnection error flushing output buffer
java.io.IOException: Fail on flush
	at rescuecore2.connection.StreamConnectionTest$TestOutputStream.flush(StreamConnectionTest.java:311)
	at rescuecore2.connection.StreamConnection.shutdownImpl(StreamConnection.java:76)
	at rescuecore2.connection.AbstractConnection.shutdown(AbstractConnection.java:87)
	at rescuecore2.connection.StreamConnectionTest.testExceptionOnOutputFlush(StreamConnectionTest.java:173)
	at sun.reflect.NativeMethodAccessorImpl.invoke0(Native Method)
	at sun.reflect.NativeMethodAccessorImpl.invoke(NativeMethodAccessorImpl.java:57)
	at sun.reflect.DelegatingMethodAccessorImpl.invoke(DelegatingMethodAccessorImpl.java:43)
	at java.lang.reflect.Method.invoke(Method.java:616)
	at org.junit.runners.model.FrameworkMethod$1.runReflectiveCall(FrameworkMethod.java:44)
	at org.junit.internal.runners.model.ReflectiveCallable.run(ReflectiveCallable.java:15)
	at org.junit.runners.model.FrameworkMethod.invokeExplosively(FrameworkMethod.java:41)
	at org.junit.internal.runners.statements.InvokeMethod.evaluate(InvokeMethod.java:20)
	at org.junit.internal.runners.statements.RunBefores.evaluate(RunBefores.java:28)
	at org.junit.internal.runners.statements.RunAfters.evaluate(RunAfters.java:31)
	at org.junit.runners.BlockJUnit4ClassRunner.runChild(BlockJUnit4ClassRunner.java:73)
	at org.junit.runners.BlockJUnit4ClassRunner.runChild(BlockJUnit4ClassRunner.java:46)
	at org.junit.runners.ParentRunner.runChildren(ParentRunner.java:180)
	at org.junit.runners.ParentRunner.access$000(ParentRunner.java:41)
	at org.junit.runners.ParentRunner$1.evaluate(ParentRunner.java:173)
	at org.junit.internal.runners.statements.RunBefores.evaluate(RunBefores.java:28)
	at org.junit.internal.runners.statements.RunAfters.evaluate(RunAfters.java:31)
	at org.junit.runners.ParentRunner.run(ParentRunner.java:220)
	at junit.framework.JUnit4TestAdapter.run(JUnit4TestAdapter.java:39)
	at org.apache.tools.ant.taskdefs.optional.junit.JUnitTestRunner.run(JUnitTestRunner.java:420)
	at org.apache.tools.ant.taskdefs.optional.junit.JUnitTestRunner.launch(JUnitTestRunner.java:911)
	at org.apache.tools.ant.taskdefs.optional.junit.JUnitTestRunner.main(JUnitTestRunner.java:768)
DEBUG root : Starting rescuecore2.connection.StreamConnection@10dc6b5. Registry: System
INFO root : Shutting down rescuecore2.connection.StreamConnection@10dc6b5
ERROR root : StreamConnection error closing output buffer
java.io.IOException: Fail on close
	at rescuecore2.connection.StreamConnectionTest$TestOutputStream.close(StreamConnectionTest.java:321)
	at rescuecore2.connection.StreamConnection.shutdownImpl(StreamConnection.java:82)
	at rescuecore2.connection.AbstractConnection.shutdown(AbstractConnection.java:87)
	at rescuecore2.connection.StreamConnectionTest.testExceptionOnOutputClose(StreamConnectionTest.java:185)
	at sun.reflect.NativeMethodAccessorImpl.invoke0(Native Method)
	at sun.reflect.NativeMethodAccessorImpl.invoke(NativeMethodAccessorImpl.java:57)
	at sun.reflect.DelegatingMethodAccessorImpl.invoke(DelegatingMethodAccessorImpl.java:43)
	at java.lang.reflect.Method.invoke(Method.java:616)
	at org.junit.runners.model.FrameworkMethod$1.runReflectiveCall(FrameworkMethod.java:44)
	at org.junit.internal.runners.model.ReflectiveCallable.run(ReflectiveCallable.java:15)
	at org.junit.runners.model.FrameworkMethod.invokeExplosively(FrameworkMethod.java:41)
	at org.junit.internal.runners.statements.InvokeMethod.evaluate(InvokeMethod.java:20)
	at org.junit.internal.runners.statements.RunBefores.evaluate(RunBefores.java:28)
	at org.junit.internal.runners.statements.RunAfters.evaluate(RunAfters.java:31)
	at org.junit.runners.BlockJUnit4ClassRunner.runChild(BlockJUnit4ClassRunner.java:73)
	at org.junit.runners.BlockJUnit4ClassRunner.runChild(BlockJUnit4ClassRunner.java:46)
	at org.junit.runners.ParentRunner.runChildren(ParentRunner.java:180)
	at org.junit.runners.ParentRunner.access$000(ParentRunner.java:41)
	at org.junit.runners.ParentRunner$1.evaluate(ParentRunner.java:173)
	at org.junit.internal.runners.statements.RunBefores.evaluate(RunBefores.java:28)
	at org.junit.internal.runners.statements.RunAfters.evaluate(RunAfters.java:31)
	at org.junit.runners.ParentRunner.run(ParentRunner.java:220)
	at junit.framework.JUnit4TestAdapter.run(JUnit4TestAdapter.java:39)
	at org.apache.tools.ant.taskdefs.optional.junit.JUnitTestRunner.run(JUnitTestRunner.java:420)
	at org.apache.tools.ant.taskdefs.optional.junit.JUnitTestRunner.launch(JUnitTestRunner.java:911)
	at org.apache.tools.ant.taskdefs.optional.junit.JUnitTestRunner.main(JUnitTestRunner.java:768)
DEBUG root : Starting rescuecore2.connection.StreamConnection@1cd0888. Registry: System
INFO root : Shutting down rescuecore2.connection.StreamConnection@1cd0888
ERROR root : StreamConnection error closing input buffer
java.io.IOException: Fail on close
	at rescuecore2.connection.StreamConnectionTest$TestInputStream.close(StreamConnectionTest.java:261)
	at rescuecore2.connection.StreamConnection.shutdownImpl(StreamConnection.java:88)
	at rescuecore2.connection.AbstractConnection.shutdown(AbstractConnection.java:87)
	at rescuecore2.connection.StreamConnectionTest.testExceptionOnInputClose(StreamConnectionTest.java:197)
	at sun.reflect.NativeMethodAccessorImpl.invoke0(Native Method)
	at sun.reflect.NativeMethodAccessorImpl.invoke(NativeMethodAccessorImpl.java:57)
	at sun.reflect.DelegatingMethodAccessorImpl.invoke(DelegatingMethodAccessorImpl.java:43)
	at java.lang.reflect.Method.invoke(Method.java:616)
	at org.junit.runners.model.FrameworkMethod$1.runReflectiveCall(FrameworkMethod.java:44)
	at org.junit.internal.runners.model.ReflectiveCallable.run(ReflectiveCallable.java:15)
	at org.junit.runners.model.FrameworkMethod.invokeExplosively(FrameworkMethod.java:41)
	at org.junit.internal.runners.statements.InvokeMethod.evaluate(InvokeMethod.java:20)
	at org.junit.internal.runners.statements.RunBefores.evaluate(RunBefores.java:28)
	at org.junit.internal.runners.statements.RunAfters.evaluate(RunAfters.java:31)
	at org.junit.runners.BlockJUnit4ClassRunner.runChild(BlockJUnit4ClassRunner.java:73)
	at org.junit.runners.BlockJUnit4ClassRunner.runChild(BlockJUnit4ClassRunner.java:46)
	at org.junit.runners.ParentRunner.runChildren(ParentRunner.java:180)
	at org.junit.runners.ParentRunner.access$000(ParentRunner.java:41)
	at org.junit.runners.ParentRunner$1.evaluate(ParentRunner.java:173)
	at org.junit.internal.runners.statements.RunBefores.evaluate(RunBefores.java:28)
	at org.junit.internal.runners.statements.RunAfters.evaluate(RunAfters.java:31)
	at org.junit.runners.ParentRunner.run(ParentRunner.java:220)
	at junit.framework.JUnit4TestAdapter.run(JUnit4TestAdapter.java:39)
	at org.apache.tools.ant.taskdefs.optional.junit.JUnitTestRunner.run(JUnitTestRunner.java:420)
	at org.apache.tools.ant.taskdefs.optional.junit.JUnitTestRunner.launch(JUnitTestRunner.java:911)
	at org.apache.tools.ant.taskdefs.optional.junit.JUnitTestRunner.main(JUnitTestRunner.java:768)
DEBUG root : Starting rescuecore2.connection.StreamConnection@1ffc686. Registry: System
ERROR root : AbstractConnection interrupted while shutting down broadcast thread
java.lang.InterruptedException
	at rescuecore2.misc.WorkerThread.kill(WorkerThread.java:37)
	at rescuecore2.connection.AbstractConnection.shutdown(AbstractConnection.java:82)
	at rescuecore2.connection.StreamConnectionTest.testInterruptedDuringShutdown(StreamConnectionTest.java:209)
	at sun.reflect.NativeMethodAccessorImpl.invoke0(Native Method)
	at sun.reflect.NativeMethodAccessorImpl.invoke(NativeMethodAccessorImpl.java:57)
	at sun.reflect.DelegatingMethodAccessorImpl.invoke(DelegatingMethodAccessorImpl.java:43)
	at java.lang.reflect.Method.invoke(Method.java:616)
	at org.junit.runners.model.FrameworkMethod$1.runReflectiveCall(FrameworkMethod.java:44)
	at org.junit.internal.runners.model.ReflectiveCallable.run(ReflectiveCallable.java:15)
	at org.junit.runners.model.FrameworkMethod.invokeExplosively(FrameworkMethod.java:41)
	at org.junit.internal.runners.statements.InvokeMethod.evaluate(InvokeMethod.java:20)
	at org.junit.internal.runners.statements.RunBefores.evaluate(RunBefores.java:28)
	at org.junit.internal.runners.statements.RunAfters.evaluate(RunAfters.java:31)
	at org.junit.runners.BlockJUnit4ClassRunner.runChild(BlockJUnit4ClassRunner.java:73)
	at org.junit.runners.BlockJUnit4ClassRunner.runChild(BlockJUnit4ClassRunner.java:46)
	at org.junit.runners.ParentRunner.runChildren(ParentRunner.java:180)
	at org.junit.runners.ParentRunner.access$000(ParentRunner.java:41)
	at org.junit.runners.ParentRunner$1.evaluate(ParentRunner.java:173)
	at org.junit.internal.runners.statements.RunBefores.evaluate(RunBefores.java:28)
	at org.junit.internal.runners.statements.RunAfters.evaluate(RunAfters.java:31)
	at org.junit.runners.ParentRunner.run(ParentRunner.java:220)
	at junit.framework.JUnit4TestAdapter.run(JUnit4TestAdapter.java:39)
	at org.apache.tools.ant.taskdefs.optional.junit.JUnitTestRunner.run(JUnitTestRunner.java:420)
	at org.apache.tools.ant.taskdefs.optional.junit.JUnitTestRunner.launch(JUnitTestRunner.java:911)
	at org.apache.tools.ant.taskdefs.optional.junit.JUnitTestRunner.main(JUnitTestRunner.java:768)
INFO root : Shutting down rescuecore2.connection.StreamConnection@1ffc686
DEBUG root : Starting rescuecore2.connection.StreamConnection@f0c85e. Registry: rescuecore2.registry.Registry@ac6a45
DEBUG root : Starting rescuecore2.connection.StreamConnection@1f297e7. Registry: rescuecore2.registry.Registry@ac6a45
DEBUG root : Starting rescuecore2.connection.StreamConnection@a084f8. Registry: rescuecore2.registry.Registry@c39a20
DEBUG root : Starting rescuecore2.connection.StreamConnection@79ed7f. Registry: rescuecore2.registry.Registry@c39a20
INFO root : Shutting down rescuecore2.connection.StreamConnection@79ed7f
DEBUG root : Starting rescuecore2.connection.StreamConnection@edf3f6. Registry: rescuecore2.registry.Registry@1acd47
INFO root : Shutting down rescuecore2.connection.StreamConnection@edf3f6
DEBUG root : Starting rescuecore2.connection.StreamConnection@13d28e3. Registry: rescuecore2.registry.Registry@18235ed
DEBUG root : Starting rescuecore2.connection.StreamConnection@476128. Registry: rescuecore2.registry.Registry@18235ed
DEBUG root : Starting rescuecore2.connection.StreamConnection@1326484. Registry: rescuecore2.registry.Registry@18a49e0
DEBUG root : Starting rescuecore2.connection.StreamConnection@16546ef. Registry: rescuecore2.registry.Registry@18a49e0
DEBUG root : Starting rescuecore2.connection.StreamConnection@1de9ac4. Registry: rescuecore2.registry.Registry@194d372
DEBUG root : Starting rescuecore2.connection.StreamConnection@182bcde. Registry: rescuecore2.registry.Registry@194d372
INFO root : Shutting down rescuecore2.connection.StreamConnection@182bcde
DEBUG root : Starting rescuecore2.connection.StreamConnection@1e228bc. Registry: rescuecore2.registry.Registry@1aae94f
DEBUG root : Starting rescuecore2.connection.StreamConnection@e06940. Registry: rescuecore2.registry.Registry@1aae94f
DEBUG root : Starting rescuecore2.connection.StreamConnection@192c8d9. Registry: rescuecore2.registry.Registry@1e232b5
DEBUG root : Starting rescuecore2.connection.StreamConnection@1c05ffd. Registry: rescuecore2.registry.Registry@1e232b5
DEBUG root : Starting rescuecore2.connection.StreamConnection@f6ac0b. Registry: rescuecore2.registry.Registry@147c1db
DEBUG root : Starting rescuecore2.connection.StreamConnection@9934d4. Registry: rescuecore2.registry.Registry@147c1db
DEBUG root : Starting rescuecore2.connection.StreamConnection@1712b3a. Registry: rescuecore2.registry.Registry@ba5c7a
DEBUG root : Starting rescuecore2.connection.StreamConnection@cd2e33. Registry: rescuecore2.registry.Registry@ba5c7a
DEBUG root : Starting rescuecore2.connection.StreamConnection@b7ec5d. Registry: rescuecore2.registry.Registry@e61a35
DEBUG root : Starting rescuecore2.connection.StreamConnection@90c06f. Registry: rescuecore2.registry.Registry@1267649
DEBUG root : Starting rescuecore2.connection.StreamConnection@1e328e0. Registry: rescuecore2.registry.Registry@1267649
INFO root : Shutting down rescuecore2.connection.StreamConnection@1e328e0
DEBUG root : Starting rescuecore2.connection.StreamConnection@186c730. Registry: rescuecore2.registry.Registry@1c6572b
DEBUG root : Starting rescuecore2.connection.StreamConnection@17f242c. Registry: rescuecore2.registry.Registry@1c6572b
WARN root : rescuecore2.registry.Registry@1c6572b: message Test message 1 is being clobbered by rescuecore2.connection.TestMessageFactory@1329642. Old factory: rescuecore2.connection.TestMessageFactory@26d607
]]></system-out>

      <system-err><![CDATA[Test negative size input
rescuecore2.connection.StreamConnection@79a2e7
16-byte message
Offset    Hex         Int
0         0x00000004    0   0   0   4
4         0x54657374   84 101 115 116
8         0x00000004    0   0   0   4
12        0x00000000    0   0   0   0
Test negative size input finished
]]></system-err>

  </testsuite>
  <testsuite errors="0" failures="0" hostname="atari" id="4" name="TCPConnectionTest" package="rescuecore2.connection" tests="17" time="10.22" timestamp="2011-04-02T19:32:08">
      <properties>
[...]
</properties>

      <testcase classname="rescuecore2.connection.TCPConnectionTest" name="testName" time="0.028" />

      <testcase classname="rescuecore2.connection.TCPConnectionTest" name="testConnectToPort" time="0.001" />

      <testcase classname="rescuecore2.connection.TCPConnectionTest" name="testConnectToHostAndPort" time="0.001" />

      <testcase classname="rescuecore2.connection.TCPConnectionTest" name="testShutdownIOException" time="1.052" />

      <testcase classname="rescuecore2.connection.TCPConnectionTest" name="testNoMessagesReceivedBeforeStartup" time="1.01" />

      <testcase classname="rescuecore2.connection.TCPConnectionTest" name="testNoMessagesAfterShutdown" time="2.005" />

      <testcase classname="rescuecore2.connection.TCPConnectionTest" name="testIsAlive" time="1.002" />

      <testcase classname="rescuecore2.connection.TCPConnectionTest" name="testRemoveConnectionListener" time="1.007" />

      <testcase classname="rescuecore2.connection.TCPConnectionTest" name="testMultipleStartup" time="0.006" />

      <testcase classname="rescuecore2.connection.TCPConnectionTest" name="testMultipleShutdown" time="3.008" />

      <testcase classname="rescuecore2.connection.TCPConnectionTest" name="testSendMessage" time="0.013" />

      <testcase classname="rescuecore2.connection.TCPConnectionTest" name="testSendMessages" time="0.008" />

      <testcase classname="rescuecore2.connection.TCPConnectionTest" name="testSendNullMessage" time="0.002" />

      <testcase classname="rescuecore2.connection.TCPConnectionTest" name="testSendNullMessages" time="0.001" />

      <testcase classname="rescuecore2.connection.TCPConnectionTest" name="testSendMessageBeforeStartup" time="0.001" />

      <testcase classname="rescuecore2.connection.TCPConnectionTest" name="testSendMessageAfterShutdown" time="1.005" />

      <testcase classname="rescuecore2.connection.TCPConnectionTest" name="testRegisterNewMessageFactory" time="0.011" />

      <system-out><![CDATA[DEBUG root : Starting TCPConnection: local port 40710, endpoint = localhost/127.0.0.1:19243. Registry: System
INFO root : Shutting down TCPConnection: local port 40710, endpoint = localhost/127.0.0.1:19243
ERROR root : StreamConnection error closing output buffer
java.io.IOException: Socket close failed
	at rescuecore2.connection.TCPConnectionTest$1.close(TCPConnectionTest.java:66)
	at java.net.SocketOutputStream.close(SocketOutputStream.java:167)
	at rescuecore2.connection.StreamConnection.shutdownImpl(StreamConnection.java:82)
	at rescuecore2.connection.TCPConnection.shutdownImpl(TCPConnection.java:47)
	at rescuecore2.connection.AbstractConnection.shutdown(AbstractConnection.java:87)
	at rescuecore2.connection.TCPConnectionTest.testShutdownIOException(TCPConnectionTest.java:72)
	at sun.reflect.NativeMethodAccessorImpl.invoke0(Native Method)
	at sun.reflect.NativeMethodAccessorImpl.invoke(NativeMethodAccessorImpl.java:57)
	at sun.reflect.DelegatingMethodAccessorImpl.invoke(DelegatingMethodAccessorImpl.java:43)
	at java.lang.reflect.Method.invoke(Method.java:616)
	at org.junit.runners.model.FrameworkMethod$1.runReflectiveCall(FrameworkMethod.java:44)
	at org.junit.internal.runners.model.ReflectiveCallable.run(ReflectiveCallable.java:15)
	at org.junit.runners.model.FrameworkMethod.invokeExplosively(FrameworkMethod.java:41)
	at org.junit.internal.runners.statements.InvokeMethod.evaluate(InvokeMethod.java:20)
	at org.junit.internal.runners.statements.RunBefores.evaluate(RunBefores.java:28)
	at org.junit.internal.runners.statements.RunAfters.evaluate(RunAfters.java:31)
	at org.junit.runners.BlockJUnit4ClassRunner.runChild(BlockJUnit4ClassRunner.java:73)
	at org.junit.runners.BlockJUnit4ClassRunner.runChild(BlockJUnit4ClassRunner.java:46)
	at org.junit.runners.ParentRunner.runChildren(ParentRunner.java:180)
	at org.junit.runners.ParentRunner.access$000(ParentRunner.java:41)
	at org.junit.runners.ParentRunner$1.evaluate(ParentRunner.java:173)
	at org.junit.internal.runners.statements.RunBefores.evaluate(RunBefores.java:28)
	at org.junit.internal.runners.statements.RunAfters.evaluate(RunAfters.java:31)
	at org.junit.runners.ParentRunner.run(ParentRunner.java:220)
	at junit.framework.JUnit4TestAdapter.run(JUnit4TestAdapter.java:39)
	at org.apache.tools.ant.taskdefs.optional.junit.JUnitTestRunner.run(JUnitTestRunner.java:420)
	at org.apache.tools.ant.taskdefs.optional.junit.JUnitTestRunner.launch(JUnitTestRunner.java:911)
	at org.apache.tools.ant.taskdefs.optional.junit.JUnitTestRunner.main(JUnitTestRunner.java:768)
ERROR root : StreamConnection error closing input buffer
java.io.IOException: Socket close failed
	at rescuecore2.connection.TCPConnectionTest$1.close(TCPConnectionTest.java:66)
	at java.net.SocketInputStream.close(SocketInputStream.java:248)
	at rescuecore2.connection.StreamConnection.shutdownImpl(StreamConnection.java:88)
	at rescuecore2.connection.TCPConnection.shutdownImpl(TCPConnection.java:47)
	at rescuecore2.connection.AbstractConnection.shutdown(AbstractConnection.java:87)
	at rescuecore2.connection.TCPConnectionTest.testShutdownIOException(TCPConnectionTest.java:72)
	at sun.reflect.NativeMethodAccessorImpl.invoke0(Native Method)
	at sun.reflect.NativeMethodAccessorImpl.invoke(NativeMethodAccessorImpl.java:57)
	at sun.reflect.DelegatingMethodAccessorImpl.invoke(DelegatingMethodAccessorImpl.java:43)
	at java.lang.reflect.Method.invoke(Method.java:616)
	at org.junit.runners.model.FrameworkMethod$1.runReflectiveCall(FrameworkMethod.java:44)
	at org.junit.internal.runners.model.ReflectiveCallable.run(ReflectiveCallable.java:15)
	at org.junit.runners.model.FrameworkMethod.invokeExplosively(FrameworkMethod.java:41)
	at org.junit.internal.runners.statements.InvokeMethod.evaluate(InvokeMethod.java:20)
	at org.junit.internal.runners.statements.RunBefores.evaluate(RunBefores.java:28)
	at org.junit.internal.runners.statements.RunAfters.evaluate(RunAfters.java:31)
	at org.junit.runners.BlockJUnit4ClassRunner.runChild(BlockJUnit4ClassRunner.java:73)
	at org.junit.runners.BlockJUnit4ClassRunner.runChild(BlockJUnit4ClassRunner.java:46)
	at org.junit.runners.ParentRunner.runChildren(ParentRunner.java:180)
	at org.junit.runners.ParentRunner.access$000(ParentRunner.java:41)
	at org.junit.runners.ParentRunner$1.evaluate(ParentRunner.java:173)
	at org.junit.internal.runners.statements.RunBefores.evaluate(RunBefores.java:28)
	at org.junit.internal.runners.statements.RunAfters.evaluate(RunAfters.java:31)
	at org.junit.runners.ParentRunner.run(ParentRunner.java:220)
	at junit.framework.JUnit4TestAdapter.run(JUnit4TestAdapter.java:39)
	at org.apache.tools.ant.taskdefs.optional.junit.JUnitTestRunner.run(JUnitTestRunner.java:420)
	at org.apache.tools.ant.taskdefs.optional.junit.JUnitTestRunner.launch(JUnitTestRunner.java:911)
	at org.apache.tools.ant.taskdefs.optional.junit.JUnitTestRunner.main(JUnitTestRunner.java:768)
ERROR root : Error closing TCP connection
java.io.IOException: Socket close failed
	at rescuecore2.connection.TCPConnectionTest$1.close(TCPConnectionTest.java:66)
	at rescuecore2.connection.TCPConnection.shutdownImpl(TCPConnection.java:49)
	at rescuecore2.connection.AbstractConnection.shutdown(AbstractConnection.java:87)
	at rescuecore2.connection.TCPConnectionTest.testShutdownIOException(TCPConnectionTest.java:72)
	at sun.reflect.NativeMethodAccessorImpl.invoke0(Native Method)
	at sun.reflect.NativeMethodAccessorImpl.invoke(NativeMethodAccessorImpl.java:57)
	at sun.reflect.DelegatingMethodAccessorImpl.invoke(DelegatingMethodAccessorImpl.java:43)
	at java.lang.reflect.Method.invoke(Method.java:616)
	at org.junit.runners.model.FrameworkMethod$1.runReflectiveCall(FrameworkMethod.java:44)
	at org.junit.internal.runners.model.ReflectiveCallable.run(ReflectiveCallable.java:15)
	at org.junit.runners.model.FrameworkMethod.invokeExplosively(FrameworkMethod.java:41)
	at org.junit.internal.runners.statements.InvokeMethod.evaluate(InvokeMethod.java:20)
	at org.junit.internal.runners.statements.RunBefores.evaluate(RunBefores.java:28)
	at org.junit.internal.runners.statements.RunAfters.evaluate(RunAfters.java:31)
	at org.junit.runners.BlockJUnit4ClassRunner.runChild(BlockJUnit4ClassRunner.java:73)
	at org.junit.runners.BlockJUnit4ClassRunner.runChild(BlockJUnit4ClassRunner.java:46)
	at org.junit.runners.ParentRunner.runChildren(ParentRunner.java:180)
	at org.junit.runners.ParentRunner.access$000(ParentRunner.java:41)
	at org.junit.runners.ParentRunner$1.evaluate(ParentRunner.java:173)
	at org.junit.internal.runners.statements.RunBefores.evaluate(RunBefores.java:28)
	at org.junit.internal.runners.statements.RunAfters.evaluate(RunAfters.java:31)
	at org.junit.runners.ParentRunner.run(ParentRunner.java:220)
	at junit.framework.JUnit4TestAdapter.run(JUnit4TestAdapter.java:39)
	at org.apache.tools.ant.taskdefs.optional.junit.JUnitTestRunner.run(JUnitTestRunner.java:420)
	at org.apache.tools.ant.taskdefs.optional.junit.JUnitTestRunner.launch(JUnitTestRunner.java:911)
	at org.apache.tools.ant.taskdefs.optional.junit.JUnitTestRunner.main(JUnitTestRunner.java:768)
DEBUG root : Starting TCPConnection: local port 40711, endpoint = localhost/127.0.0.1:19243. Registry: rescuecore2.registry.Registry@145c859
DEBUG root : Starting TCPConnection: local port 19243, endpoint = /127.0.0.1:40711. Registry: rescuecore2.registry.Registry@145c859
DEBUG root : Starting TCPConnection: local port 40712, endpoint = localhost/127.0.0.1:19243. Registry: rescuecore2.registry.Registry@60e128
DEBUG root : Starting TCPConnection: local port 19243, endpoint = /127.0.0.1:40712. Registry: rescuecore2.registry.Registry@60e128
INFO root : Shutting down TCPConnection: local port 19243, endpoint = /127.0.0.1:40712
ERROR root : Error writing to StreamConnection TCPConnection: local port 40712, endpoint = localhost/127.0.0.1:19243
java.net.SocketException: Broken pipe
	at java.net.SocketOutputStream.socketWrite0(Native Method)
	at java.net.SocketOutputStream.socketWrite(SocketOutputStream.java:109)
	at java.net.SocketOutputStream.write(SocketOutputStream.java:132)
	at rescuecore2.misc.EncodingTools.writeInt32(EncodingTools.java:46)
	at rescuecore2.connection.StreamConnection$WriteThread.work(StreamConnection.java:150)
	at rescuecore2.misc.WorkerThread.run(WorkerThread.java:48)
DEBUG root : Starting TCPConnection: local port 40713, endpoint = localhost/127.0.0.1:19243. Registry: rescuecore2.registry.Registry@1833eca
INFO root : Shutting down TCPConnection: local port 40713, endpoint = localhost/127.0.0.1:19243
DEBUG root : Starting TCPConnection: local port 40714, endpoint = localhost/127.0.0.1:19243. Registry: rescuecore2.registry.Registry@10dc6b5
DEBUG root : Starting TCPConnection: local port 19243, endpoint = /127.0.0.1:40714. Registry: rescuecore2.registry.Registry@10dc6b5
DEBUG root : Starting TCPConnection: local port 40715, endpoint = localhost/127.0.0.1:19243. Registry: rescuecore2.registry.Registry@29e357
DEBUG root : Starting TCPConnection: local port 19243, endpoint = /127.0.0.1:40715. Registry: rescuecore2.registry.Registry@29e357
DEBUG root : Starting TCPConnection: local port 40716, endpoint = localhost/127.0.0.1:19243. Registry: rescuecore2.registry.Registry@11a75a2
DEBUG root : Starting TCPConnection: local port 19243, endpoint = /127.0.0.1:40716. Registry: rescuecore2.registry.Registry@11a75a2
INFO root : Shutting down TCPConnection: local port 19243, endpoint = /127.0.0.1:40716
ERROR root : Error writing to StreamConnection TCPConnection: local port 40716, endpoint = localhost/127.0.0.1:19243
java.net.SocketException: Broken pipe
	at java.net.SocketOutputStream.socketWrite0(Native Method)
	at java.net.SocketOutputStream.socketWrite(SocketOutputStream.java:109)
	at java.net.SocketOutputStream.write(SocketOutputStream.java:132)
	at rescuecore2.misc.EncodingTools.writeInt32(EncodingTools.java:46)
	at rescuecore2.connection.StreamConnection$WriteThread.work(StreamConnection.java:150)
	at rescuecore2.misc.WorkerThread.run(WorkerThread.java:48)
DEBUG root : Starting TCPConnection: local port 40717, endpoint = localhost/127.0.0.1:19243. Registry: rescuecore2.registry.Registry@1bbd23f
DEBUG root : Starting TCPConnection: local port 19243, endpoint = /127.0.0.1:40717. Registry: rescuecore2.registry.Registry@1bbd23f
DEBUG root : Starting TCPConnection: local port 40718, endpoint = localhost/127.0.0.1:19243. Registry: rescuecore2.registry.Registry@13d28e3
DEBUG root : Starting TCPConnection: local port 19243, endpoint = /127.0.0.1:40718. Registry: rescuecore2.registry.Registry@13d28e3
DEBUG root : Starting TCPConnection: local port 40719, endpoint = localhost/127.0.0.1:19243. Registry: rescuecore2.registry.Registry@e0cc23
DEBUG root : Starting TCPConnection: local port 19243, endpoint = /127.0.0.1:40719. Registry: rescuecore2.registry.Registry@e0cc23
DEBUG root : Starting TCPConnection: local port 40720, endpoint = localhost/127.0.0.1:19243. Registry: rescuecore2.registry.Registry@12a55aa
DEBUG root : Starting TCPConnection: local port 19243, endpoint = /127.0.0.1:40720. Registry: rescuecore2.registry.Registry@12a55aa
DEBUG root : Starting TCPConnection: local port 19243, endpoint = /127.0.0.1:40721. Registry: rescuecore2.registry.Registry@273686
DEBUG root : Starting TCPConnection: local port 19243, endpoint = /127.0.0.1:40722. Registry: rescuecore2.registry.Registry@df1832
DEBUG root : Starting TCPConnection: local port 40722, endpoint = localhost/127.0.0.1:19243. Registry: rescuecore2.registry.Registry@df1832
INFO root : Shutting down TCPConnection: local port 40722, endpoint = localhost/127.0.0.1:19243
DEBUG root : Starting TCPConnection: local port 40723, endpoint = localhost/127.0.0.1:19243. Registry: rescuecore2.registry.Registry@766a24
DEBUG root : Starting TCPConnection: local port 19243, endpoint = /127.0.0.1:40723. Registry: rescuecore2.registry.Registry@766a24
WARN root : rescuecore2.registry.Registry@766a24: message Test message 1 is being clobbered by rescuecore2.connection.TestMessageFactory@100363. Old factory: rescuecore2.connection.TestMessageFactory@14e8cee
]]></system-out>

      <system-err />

  </testsuite>
  <testsuite errors="0" failures="0" hostname="atari" id="5" name="BBTreeTest" package="rescuecore2.misc.geometry.spatialindex" tests="6" time="17.703" timestamp="2011-04-02T19:32:21">
      <properties>
[...]
</properties>

      <testcase classname="rescuecore2.misc.geometry.spatialindex.BBTreeTest" name="testRetrieveAllPoints" time="1.084" />

      <testcase classname="rescuecore2.misc.geometry.spatialindex.BBTreeTest" name="testRetrieveAllLines" time="4.544" />

      <testcase classname="rescuecore2.misc.geometry.spatialindex.BBTreeTest" name="testRetrieveAllPointsAndLines" time="3.093" />

      <testcase classname="rescuecore2.misc.geometry.spatialindex.BBTreeTest" name="testRetrieveSomePoints" time="0.912" />

      <testcase classname="rescuecore2.misc.geometry.spatialindex.BBTreeTest" name="testRetrieveSomeLines" time="2.951" />

      <testcase classname="rescuecore2.misc.geometry.spatialindex.BBTreeTest" name="testRetrieveSomePointsAndLines" time="5.066" />

      <system-out />

      <system-err />

  </testsuite>
  <testsuite errors="0" failures="0" hostname="atari" id="6" name="ChannelCommunicationModelTest" package="rescuecore2.standard.kernel.comms" tests="17" time="0.3" timestamp="2011-04-02T19:32:41">
      <properties>
[...]
</properties>

      <testcase classname="rescuecore2.standard.kernel.comms.ChannelCommunicationModelTest" name="testName" time="0.014" />

      <testcase classname="rescuecore2.standard.kernel.comms.ChannelCommunicationModelTest" name="testSubscribeBasics" time="0.103" />

      <testcase classname="rescuecore2.standard.kernel.comms.ChannelCommunicationModelTest" name="testSubscribeMultipleChannels" time="0.015" />

      <testcase classname="rescuecore2.standard.kernel.comms.ChannelCommunicationModelTest" name="testSubscribeMultipleTimesteps" time="0.015" />

      <testcase classname="rescuecore2.standard.kernel.comms.ChannelCommunicationModelTest" name="testVoiceDoesNotNeedSubscribe" time="0.016" />

      <testcase classname="rescuecore2.standard.kernel.comms.ChannelCommunicationModelTest" name="testVoiceWorksWithSubscribe" time="0.013" />

      <testcase classname="rescuecore2.standard.kernel.comms.ChannelCommunicationModelTest" name="testVoiceDistance" time="0.013" />

      <testcase classname="rescuecore2.standard.kernel.comms.ChannelCommunicationModelTest" name="testInvalidConfig" time="0.003" />

      <testcase classname="rescuecore2.standard.kernel.comms.ChannelCommunicationModelTest" name="testPartlyInvalidConfig" time="0.003" />

      <testcase classname="rescuecore2.standard.kernel.comms.ChannelCommunicationModelTest" name="testMissingChannelsConfig" time="0.003" />

      <testcase classname="rescuecore2.standard.kernel.comms.ChannelCommunicationModelTest" name="testExtraChannelsConfig" time="0.003" />

      <testcase classname="rescuecore2.standard.kernel.comms.ChannelCommunicationModelTest" name="testIncorrectChannel" time="0.005" />

      <testcase classname="rescuecore2.standard.kernel.comms.ChannelCommunicationModelTest" name="testSubscribeNonExistantEntity" time="0.006" />

      <testcase classname="rescuecore2.standard.kernel.comms.ChannelCommunicationModelTest" name="testSubscriptionLimits" time="0.009" />

      <testcase classname="rescuecore2.standard.kernel.comms.ChannelCommunicationModelTest" name="testSubscriptionRemovesOldChannels" time="0.007" />

      <testcase classname="rescuecore2.standard.kernel.comms.ChannelCommunicationModelTest" name="testBadSubscriptionKeepsOKChannels" time="0.008" />

      <testcase classname="rescuecore2.standard.kernel.comms.ChannelCommunicationModelTest" name="testSubscribeFromNonAgent" time="0.005" />

      <system-out />

      <system-err><![CDATA[
Expected: [urn:rescuecore2.standard:message:speak : Agent ID = 1, Time = 1, Channel = 0, Message = 8 bytes of raw data]
Heard   : [urn:rescuecore2.standard:message:speak : Agent ID = 1, Time = 1, Channel = 0, Message = 8 bytes of raw data]
Expected: []
Heard   : []
INFO root : Created channel: Radio channel 0 (bandwidth = 128)
INFO root : Created channel: Radio channel 1 (bandwidth = 128)
INFO root : Created channel: Radio channel 2 (bandwidth = 128)
INFO root : Created channel: Radio channel 3 (bandwidth = 128)
DEBUG root : ChannelCommunicationModel processing commands at time 1: [urn:rescuecore2.standard:message:subscribe : Agent ID = 1, Time = 1, Channels = [0], urn:rescuecore2.standard:message:speak : Agent ID = 1, Time = 1, Channel = 0, Message = 8 bytes of raw data]
DEBUG root : Processing subscribe message : urn:rescuecore2.standard:message:subscribe : Agent ID = 1, Time = 1, Channels = [0]
DEBUG root : Processing speak: urn:rescuecore2.standard:message:speak : Agent ID = 1, Time = 1, Channel = 0, Message = 8 bytes of raw data
DEBUG root : Pushing urn:rescuecore2.standard:message:speak : Agent ID = 1, Time = 1, Channel = 0, Message = 8 bytes of raw data through channel 0
DEBUG root : Input noise result: urn:rescuecore2.standard:message:speak : Agent ID = 1, Time = 1, Channel = 0, Message = 8 bytes of raw data
DEBUG root : Radio channel 0 (bandwidth = 128) accepted message from 1
DEBUG root : Adding message urn:rescuecore2.standard:message:speak : Agent ID = 1, Time = 1, Channel = 0, Message = 8 bytes of raw data for agent Civilian (1)
DEBUG root : Output noise result: urn:rescuecore2.standard:message:speak : Agent ID = 1, Time = 1, Channel = 0, Message = 8 bytes of raw data

Expected: [urn:rescuecore2.standard:message:speak : Agent ID = 1, Time = 1, Channel = 0, Message = 8 bytes of raw data]
Heard   : [urn:rescuecore2.standard:message:speak : Agent ID = 1, Time = 1, Channel = 0, Message = 8 bytes of raw data]
Expected: [urn:rescuecore2.standard:message:speak : Agent ID = 1, Time = 1, Channel = 1, Message = 8 bytes of raw data]
Heard   : [urn:rescuecore2.standard:message:speak : Agent ID = 1, Time = 1, Channel = 1, Message = 8 bytes of raw data]
Expected: [urn:rescuecore2.standard:message:speak : Agent ID = 1, Time = 1, Channel = 0, Message = 8 bytes of raw data, urn:rescuecore2.standard:message:speak : Agent ID = 1, Time = 1, Channel = 1, Message = 8 bytes of raw data]
Heard   : [urn:rescuecore2.standard:message:speak : Agent ID = 1, Time = 1, Channel = 0, Message = 8 bytes of raw data, urn:rescuecore2.standard:message:speak : Agent ID = 1, Time = 1, Channel = 1, Message = 8 bytes of raw data]
Expected: []
Heard   : []
INFO root : Created channel: Radio channel 0 (bandwidth = 128)
INFO root : Created channel: Radio channel 1 (bandwidth = 128)
INFO root : Created channel: Radio channel 2 (bandwidth = 128)
INFO root : Created channel: Radio channel 3 (bandwidth = 128)
DEBUG root : ChannelCommunicationModel processing commands at time 1: [urn:rescuecore2.standard:message:subscribe : Agent ID = 1, Time = 1, Channels = [0], urn:rescuecore2.standard:message:subscribe : Agent ID = 2, Time = 1, Channels = [1], urn:rescuecore2.standard:message:subscribe : Agent ID = 3, Time = 1, Channels = [0, 1], urn:rescuecore2.standard:message:speak : Agent ID = 1, Time = 1, Channel = 0, Message = 8 bytes of raw data, urn:rescuecore2.standard:message:speak : Agent ID = 1, Time = 1, Channel = 1, Message = 8 bytes of raw data, urn:rescuecore2.standard:message:speak : Agent ID = 1, Time = 1, Channel = 2, Message = 8 bytes of raw data]
DEBUG root : Processing subscribe message : urn:rescuecore2.standard:message:subscribe : Agent ID = 1, Time = 1, Channels = [0]
DEBUG root : Processing subscribe message : urn:rescuecore2.standard:message:subscribe : Agent ID = 2, Time = 1, Channels = [1]
DEBUG root : Processing subscribe message : urn:rescuecore2.standard:message:subscribe : Agent ID = 3, Time = 1, Channels = [0, 1]
DEBUG root : Processing speak: urn:rescuecore2.standard:message:speak : Agent ID = 1, Time = 1, Channel = 0, Message = 8 bytes of raw data
DEBUG root : Pushing urn:rescuecore2.standard:message:speak : Agent ID = 1, Time = 1, Channel = 0, Message = 8 bytes of raw data through channel 0
DEBUG root : Input noise result: urn:rescuecore2.standard:message:speak : Agent ID = 1, Time = 1, Channel = 0, Message = 8 bytes of raw data
DEBUG root : Radio channel 0 (bandwidth = 128) accepted message from 1
DEBUG root : Adding message urn:rescuecore2.standard:message:speak : Agent ID = 1, Time = 1, Channel = 0, Message = 8 bytes of raw data for agent Civilian (1)
DEBUG root : Output noise result: urn:rescuecore2.standard:message:speak : Agent ID = 1, Time = 1, Channel = 0, Message = 8 bytes of raw data
DEBUG root : Adding message urn:rescuecore2.standard:message:speak : Agent ID = 1, Time = 1, Channel = 0, Message = 8 bytes of raw data for agent Civilian (3)
DEBUG root : Output noise result: urn:rescuecore2.standard:message:speak : Agent ID = 1, Time = 1, Channel = 0, Message = 8 bytes of raw data
DEBUG root : Processing speak: urn:rescuecore2.standard:message:speak : Agent ID = 1, Time = 1, Channel = 1, Message = 8 bytes of raw data
DEBUG root : Pushing urn:rescuecore2.standard:message:speak : Agent ID = 1, Time = 1, Channel = 1, Message = 8 bytes of raw data through channel 1
DEBUG root : Input noise result: urn:rescuecore2.standard:message:speak : Agent ID = 1, Time = 1, Channel = 1, Message = 8 bytes of raw data
DEBUG root : Radio channel 1 (bandwidth = 128) accepted message from 1
DEBUG root : Adding message urn:rescuecore2.standard:message:speak : Agent ID = 1, Time = 1, Channel = 1, Message = 8 bytes of raw data for agent Civilian (2)
DEBUG root : Output noise result: urn:rescuecore2.standard:message:speak : Agent ID = 1, Time = 1, Channel = 1, Message = 8 bytes of raw data
DEBUG root : Adding message urn:rescuecore2.standard:message:speak : Agent ID = 1, Time = 1, Channel = 1, Message = 8 bytes of raw data for agent Civilian (3)
DEBUG root : Output noise result: urn:rescuecore2.standard:message:speak : Agent ID = 1, Time = 1, Channel = 1, Message = 8 bytes of raw data
DEBUG root : Processing speak: urn:rescuecore2.standard:message:speak : Agent ID = 1, Time = 1, Channel = 2, Message = 8 bytes of raw data
DEBUG root : Pushing urn:rescuecore2.standard:message:speak : Agent ID = 1, Time = 1, Channel = 2, Message = 8 bytes of raw data through channel 2
DEBUG root : Input noise result: urn:rescuecore2.standard:message:speak : Agent ID = 1, Time = 1, Channel = 2, Message = 8 bytes of raw data
DEBUG root : Radio channel 2 (bandwidth = 128) accepted message from 1

Expected: [urn:rescuecore2.standard:message:speak : Agent ID = 1, Time = 2, Channel = 0, Message = 8 bytes of raw data]
Heard   : [urn:rescuecore2.standard:message:speak : Agent ID = 1, Time = 2, Channel = 0, Message = 8 bytes of raw data]
Expected: [urn:rescuecore2.standard:message:speak : Agent ID = 1, Time = 2, Channel = 0, Message = 8 bytes of raw data]
Heard   : [urn:rescuecore2.standard:message:speak : Agent ID = 1, Time = 2, Channel = 0, Message = 8 bytes of raw data]
Expected: [urn:rescuecore2.standard:message:speak : Agent ID = 1, Time = 3, Channel = 0, Message = 8 bytes of raw data]
Heard   : [urn:rescuecore2.standard:message:speak : Agent ID = 1, Time = 3, Channel = 0, Message = 8 bytes of raw data]
Expected: [urn:rescuecore2.standard:message:speak : Agent ID = 1, Time = 3, Channel = 0, Message = 8 bytes of raw data]
Heard   : [urn:rescuecore2.standard:message:speak : Agent ID = 1, Time = 3, Channel = 0, Message = 8 bytes of raw data]
INFO root : Created channel: Radio channel 0 (bandwidth = 128)
INFO root : Created channel: Radio channel 1 (bandwidth = 128)
INFO root : Created channel: Radio channel 2 (bandwidth = 128)
INFO root : Created channel: Radio channel 3 (bandwidth = 128)
DEBUG root : ChannelCommunicationModel processing commands at time 1: [urn:rescuecore2.standard:message:subscribe : Agent ID = 1, Time = 1, Channels = [0], urn:rescuecore2.standard:message:subscribe : Agent ID = 2, Time = 1, Channels = [0]]
DEBUG root : Processing subscribe message : urn:rescuecore2.standard:message:subscribe : Agent ID = 1, Time = 1, Channels = [0]
DEBUG root : Processing subscribe message : urn:rescuecore2.standard:message:subscribe : Agent ID = 2, Time = 1, Channels = [0]
DEBUG root : ChannelCommunicationModel processing commands at time 2: [urn:rescuecore2.standard:message:speak : Agent ID = 1, Time = 2, Channel = 0, Message = 8 bytes of raw data]
DEBUG root : Processing speak: urn:rescuecore2.standard:message:speak : Agent ID = 1, Time = 2, Channel = 0, Message = 8 bytes of raw data
DEBUG root : Pushing urn:rescuecore2.standard:message:speak : Agent ID = 1, Time = 2, Channel = 0, Message = 8 bytes of raw data through channel 0
DEBUG root : Input noise result: urn:rescuecore2.standard:message:speak : Agent ID = 1, Time = 2, Channel = 0, Message = 8 bytes of raw data
DEBUG root : Radio channel 0 (bandwidth = 128) accepted message from 1
DEBUG root : Adding message urn:rescuecore2.standard:message:speak : Agent ID = 1, Time = 2, Channel = 0, Message = 8 bytes of raw data for agent Civilian (1)
DEBUG root : Output noise result: urn:rescuecore2.standard:message:speak : Agent ID = 1, Time = 2, Channel = 0, Message = 8 bytes of raw data
DEBUG root : Adding message urn:rescuecore2.standard:message:speak : Agent ID = 1, Time = 2, Channel = 0, Message = 8 bytes of raw data for agent Civilian (2)
DEBUG root : Output noise result: urn:rescuecore2.standard:message:speak : Agent ID = 1, Time = 2, Channel = 0, Message = 8 bytes of raw data
DEBUG root : ChannelCommunicationModel processing commands at time 3: [urn:rescuecore2.standard:message:speak : Agent ID = 1, Time = 3, Channel = 0, Message = 8 bytes of raw data]
DEBUG root : Processing speak: urn:rescuecore2.standard:message:speak : Agent ID = 1, Time = 3, Channel = 0, Message = 8 bytes of raw data
DEBUG root : Pushing urn:rescuecore2.standard:message:speak : Agent ID = 1, Time = 3, Channel = 0, Message = 8 bytes of raw data through channel 0
DEBUG root : Input noise result: urn:rescuecore2.standard:message:speak : Agent ID = 1, Time = 3, Channel = 0, Message = 8 bytes of raw data
DEBUG root : Radio channel 0 (bandwidth = 128) accepted message from 1
DEBUG root : Adding message urn:rescuecore2.standard:message:speak : Agent ID = 1, Time = 3, Channel = 0, Message = 8 bytes of raw data for agent Civilian (1)
DEBUG root : Output noise result: urn:rescuecore2.standard:message:speak : Agent ID = 1, Time = 3, Channel = 0, Message = 8 bytes of raw data
DEBUG root : Adding message urn:rescuecore2.standard:message:speak : Agent ID = 1, Time = 3, Channel = 0, Message = 8 bytes of raw data for agent Civilian (2)
DEBUG root : Output noise result: urn:rescuecore2.standard:message:speak : Agent ID = 1, Time = 3, Channel = 0, Message = 8 bytes of raw data

Expected: [urn:rescuecore2.standard:message:speak : Agent ID = 1, Time = 1, Channel = 0, Message = 8 bytes of raw data, urn:rescuecore2.standard:message:speak : Agent ID = 1, Time = 1, Channel = 0, Message = 8 bytes of raw data]
Heard   : [urn:rescuecore2.standard:message:speak : Agent ID = 1, Time = 1, Channel = 0, Message = 8 bytes of raw data, urn:rescuecore2.standard:message:speak : Agent ID = 1, Time = 1, Channel = 0, Message = 8 bytes of raw data]
Expected: [urn:rescuecore2.standard:message:speak : Agent ID = 1, Time = 1, Channel = 0, Message = 8 bytes of raw data, urn:rescuecore2.standard:message:speak : Agent ID = 1, Time = 1, Channel = 0, Message = 8 bytes of raw data]
Heard   : [urn:rescuecore2.standard:message:speak : Agent ID = 1, Time = 1, Channel = 0, Message = 8 bytes of raw data, urn:rescuecore2.standard:message:speak : Agent ID = 1, Time = 1, Channel = 0, Message = 8 bytes of raw data]
Expected: [urn:rescuecore2.standard:message:speak : Agent ID = 1, Time = 1, Channel = 0, Message = 8 bytes of raw data, urn:rescuecore2.standard:message:speak : Agent ID = 1, Time = 1, Channel = 0, Message = 8 bytes of raw data]
Heard   : [urn:rescuecore2.standard:message:speak : Agent ID = 1, Time = 1, Channel = 0, Message = 8 bytes of raw data, urn:rescuecore2.standard:message:speak : Agent ID = 1, Time = 1, Channel = 0, Message = 8 bytes of raw data]
Expected: [urn:rescuecore2.standard:message:speak : Agent ID = 1, Time = 1, Channel = 0, Message = 8 bytes of raw data, urn:rescuecore2.standard:message:speak : Agent ID = 1, Time = 1, Channel = 0, Message = 8 bytes of raw data]
Heard   : [urn:rescuecore2.standard:message:speak : Agent ID = 1, Time = 1, Channel = 0, Message = 8 bytes of raw data, urn:rescuecore2.standard:message:speak : Agent ID = 1, Time = 1, Channel = 0, Message = 8 bytes of raw data]
INFO root : Created channel: Voice channel 0 (range = 10000, max 2 messages of size 100)
DEBUG root : ChannelCommunicationModel processing commands at time 1: [urn:rescuecore2.standard:message:speak : Agent ID = 1, Time = 1, Channel = 0, Message = 8 bytes of raw data, urn:rescuecore2.standard:message:speak : Agent ID = 1, Time = 1, Channel = 0, Message = 8 bytes of raw data]
DEBUG root : Processing speak: urn:rescuecore2.standard:message:speak : Agent ID = 1, Time = 1, Channel = 0, Message = 8 bytes of raw data
DEBUG root : Pushing urn:rescuecore2.standard:message:speak : Agent ID = 1, Time = 1, Channel = 0, Message = 8 bytes of raw data through channel 0
DEBUG root : Input noise result: urn:rescuecore2.standard:message:speak : Agent ID = 1, Time = 1, Channel = 0, Message = 8 bytes of raw data
DEBUG root : Civilian (1) can hear voice message from Civilian (1)
DEBUG root : Adding message urn:rescuecore2.standard:message:speak : Agent ID = 1, Time = 1, Channel = 0, Message = 8 bytes of raw data for agent Civilian (1)
DEBUG root : Output noise result: urn:rescuecore2.standard:message:speak : Agent ID = 1, Time = 1, Channel = 0, Message = 8 bytes of raw data
DEBUG root : Civilian (2) can hear voice message from Civilian (1)
DEBUG root : Adding message urn:rescuecore2.standard:message:speak : Agent ID = 1, Time = 1, Channel = 0, Message = 8 bytes of raw data for agent Civilian (2)
DEBUG root : Output noise result: urn:rescuecore2.standard:message:speak : Agent ID = 1, Time = 1, Channel = 0, Message = 8 bytes of raw data
DEBUG root : Civilian (3) can hear voice message from Civilian (1)
DEBUG root : Adding message urn:rescuecore2.standard:message:speak : Agent ID = 1, Time = 1, Channel = 0, Message = 8 bytes of raw data for agent Civilian (3)
DEBUG root : Output noise result: urn:rescuecore2.standard:message:speak : Agent ID = 1, Time = 1, Channel = 0, Message = 8 bytes of raw data
DEBUG root : Civilian (4) can hear voice message from Civilian (1)
DEBUG root : Adding message urn:rescuecore2.standard:message:speak : Agent ID = 1, Time = 1, Channel = 0, Message = 8 bytes of raw data for agent Civilian (4)
DEBUG root : Output noise result: urn:rescuecore2.standard:message:speak : Agent ID = 1, Time = 1, Channel = 0, Message = 8 bytes of raw data
DEBUG root : Fire brigade (5) can hear voice message from Civilian (1)
DEBUG root : Adding message urn:rescuecore2.standard:message:speak : Agent ID = 1, Time = 1, Channel = 0, Message = 8 bytes of raw data for agent Fire brigade (5)
DEBUG root : Output noise result: urn:rescuecore2.standard:message:speak : Agent ID = 1, Time = 1, Channel = 0, Message = 8 bytes of raw data
DEBUG root : Fire brigade (6) can hear voice message from Civilian (1)
DEBUG root : Adding message urn:rescuecore2.standard:message:speak : Agent ID = 1, Time = 1, Channel = 0, Message = 8 bytes of raw data for agent Fire brigade (6)
DEBUG root : Output noise result: urn:rescuecore2.standard:message:speak : Agent ID = 1, Time = 1, Channel = 0, Message = 8 bytes of raw data
DEBUG root : Police force (7) can hear voice message from Civilian (1)
DEBUG root : Adding message urn:rescuecore2.standard:message:speak : Agent ID = 1, Time = 1, Channel = 0, Message = 8 bytes of raw data for agent Police force (7)
DEBUG root : Output noise result: urn:rescuecore2.standard:message:speak : Agent ID = 1, Time = 1, Channel = 0, Message = 8 bytes of raw data
DEBUG root : Police force (8) can hear voice message from Civilian (1)
DEBUG root : Adding message urn:rescuecore2.standard:message:speak : Agent ID = 1, Time = 1, Channel = 0, Message = 8 bytes of raw data for agent Police force (8)
DEBUG root : Output noise result: urn:rescuecore2.standard:message:speak : Agent ID = 1, Time = 1, Channel = 0, Message = 8 bytes of raw data
DEBUG root : Ambulance team (9) can hear voice message from Civilian (1)
DEBUG root : Adding message urn:rescuecore2.standard:message:speak : Agent ID = 1, Time = 1, Channel = 0, Message = 8 bytes of raw data for agent Ambulance team (9)
DEBUG root : Output noise result: urn:rescuecore2.standard:message:speak : Agent ID = 1, Time = 1, Channel = 0, Message = 8 bytes of raw data
DEBUG root : Ambulance team (10) can hear voice message from Civilian (1)
DEBUG root : Adding message urn:rescuecore2.standard:message:speak : Agent ID = 1, Time = 1, Channel = 0, Message = 8 bytes of raw data for agent Ambulance team (10)
DEBUG root : Output noise result: urn:rescuecore2.standard:message:speak : Agent ID = 1, Time = 1, Channel = 0, Message = 8 bytes of raw data
DEBUG root : Processing speak: urn:rescuecore2.standard:message:speak : Agent ID = 1, Time = 1, Channel = 0, Message = 8 bytes of raw data
DEBUG root : Pushing urn:rescuecore2.standard:message:speak : Agent ID = 1, Time = 1, Channel = 0, Message = 8 bytes of raw data through channel 0
DEBUG root : Input noise result: urn:rescuecore2.standard:message:speak : Agent ID = 1, Time = 1, Channel = 0, Message = 8 bytes of raw data
DEBUG root : Civilian (1) can hear voice message from Civilian (1)
DEBUG root : Adding message urn:rescuecore2.standard:message:speak : Agent ID = 1, Time = 1, Channel = 0, Message = 8 bytes of raw data for agent Civilian (1)
DEBUG root : Output noise result: urn:rescuecore2.standard:message:speak : Agent ID = 1, Time = 1, Channel = 0, Message = 8 bytes of raw data
DEBUG root : Civilian (2) can hear voice message from Civilian (1)
DEBUG root : Adding message urn:rescuecore2.standard:message:speak : Agent ID = 1, Time = 1, Channel = 0, Message = 8 bytes of raw data for agent Civilian (2)
DEBUG root : Output noise result: urn:rescuecore2.standard:message:speak : Agent ID = 1, Time = 1, Channel = 0, Message = 8 bytes of raw data
DEBUG root : Civilian (3) can hear voice message from Civilian (1)
DEBUG root : Adding message urn:rescuecore2.standard:message:speak : Agent ID = 1, Time = 1, Channel = 0, Message = 8 bytes of raw data for agent Civilian (3)
DEBUG root : Output noise result: urn:rescuecore2.standard:message:speak : Agent ID = 1, Time = 1, Channel = 0, Message = 8 bytes of raw data
DEBUG root : Civilian (4) can hear voice message from Civilian (1)
DEBUG root : Adding message urn:rescuecore2.standard:message:speak : Agent ID = 1, Time = 1, Channel = 0, Message = 8 bytes of raw data for agent Civilian (4)
DEBUG root : Output noise result: urn:rescuecore2.standard:message:speak : Agent ID = 1, Time = 1, Channel = 0, Message = 8 bytes of raw data
DEBUG root : Fire brigade (5) can hear voice message from Civilian (1)
DEBUG root : Adding message urn:rescuecore2.standard:message:speak : Agent ID = 1, Time = 1, Channel = 0, Message = 8 bytes of raw data for agent Fire brigade (5)
DEBUG root : Output noise result: urn:rescuecore2.standard:message:speak : Agent ID = 1, Time = 1, Channel = 0, Message = 8 bytes of raw data
DEBUG root : Fire brigade (6) can hear voice message from Civilian (1)
DEBUG root : Adding message urn:rescuecore2.standard:message:speak : Agent ID = 1, Time = 1, Channel = 0, Message = 8 bytes of raw data for agent Fire brigade (6)
DEBUG root : Output noise result: urn:rescuecore2.standard:message:speak : Agent ID = 1, Time = 1, Channel = 0, Message = 8 bytes of raw data
DEBUG root : Police force (7) can hear voice message from Civilian (1)
DEBUG root : Adding message urn:rescuecore2.standard:message:speak : Agent ID = 1, Time = 1, Channel = 0, Message = 8 bytes of raw data for agent Police force (7)
DEBUG root : Output noise result: urn:rescuecore2.standard:message:speak : Agent ID = 1, Time = 1, Channel = 0, Message = 8 bytes of raw data
DEBUG root : Police force (8) can hear voice message from Civilian (1)
DEBUG root : Adding message urn:rescuecore2.standard:message:speak : Agent ID = 1, Time = 1, Channel = 0, Message = 8 bytes of raw data for agent Police force (8)
DEBUG root : Output noise result: urn:rescuecore2.standard:message:speak : Agent ID = 1, Time = 1, Channel = 0, Message = 8 bytes of raw data
DEBUG root : Ambulance team (9) can hear voice message from Civilian (1)
DEBUG root : Adding message urn:rescuecore2.standard:message:speak : Agent ID = 1, Time = 1, Channel = 0, Message = 8 bytes of raw data for agent Ambulance team (9)
DEBUG root : Output noise result: urn:rescuecore2.standard:message:speak : Agent ID = 1, Time = 1, Channel = 0, Message = 8 bytes of raw data
DEBUG root : Ambulance team (10) can hear voice message from Civilian (1)
DEBUG root : Adding message urn:rescuecore2.standard:message:speak : Agent ID = 1, Time = 1, Channel = 0, Message = 8 bytes of raw data for agent Ambulance team (10)
DEBUG root : Output noise result: urn:rescuecore2.standard:message:speak : Agent ID = 1, Time = 1, Channel = 0, Message = 8 bytes of raw data

Expected: [urn:rescuecore2.standard:message:speak : Agent ID = 1, Time = 1, Channel = 0, Message = 8 bytes of raw data, urn:rescuecore2.standard:message:speak : Agent ID = 1, Time = 1, Channel = 0, Message = 8 bytes of raw data]
Heard   : [urn:rescuecore2.standard:message:speak : Agent ID = 1, Time = 1, Channel = 0, Message = 8 bytes of raw data, urn:rescuecore2.standard:message:speak : Agent ID = 1, Time = 1, Channel = 0, Message = 8 bytes of raw data]
[...]
Looking for Agent 6 tried to subscribe to 3 channels but only 2 allowed
Looking for Agent 8 tried to subscribe to 3 channels but only 2 allowed
Looking for Agent 10 tried to subscribe to 3 channels but only 2 allowed
Looking for Agent 12 tried to subscribe to 4 channels but only 3 allowed
Looking for Agent 14 tried to subscribe to 4 channels but only 3 allowed
Looking for Agent 16 tried to subscribe to 4 channels but only 3 allowed
Expected: [urn:rescuecore2.standard:message:speak : Agent ID = 5, Time = 1, Channel = 0, Message = 8 bytes of raw data]
Heard   : [urn:rescuecore2.standard:message:speak : Agent ID = 5, Time = 1, Channel = 0, Message = 8 bytes of raw data]
Expected: [urn:rescuecore2.standard:message:speak : Agent ID = 5, Time = 1, Channel = 0, Message = 8 bytes of raw data]
Heard   : [urn:rescuecore2.standard:message:speak : Agent ID = 5, Time = 1, Channel = 0, Message = 8 bytes of raw data]
Expected: [urn:rescuecore2.standard:message:speak : Agent ID = 5, Time = 1, Channel = 0, Message = 8 bytes of raw data]
Heard   : [urn:rescuecore2.standard:message:speak : Agent ID = 5, Time = 1, Channel = 0, Message = 8 bytes of raw data]
Expected: [urn:rescuecore2.standard:message:speak : Agent ID = 5, Time = 1, Channel = 0, Message = 8 bytes of raw data]
Heard   : [urn:rescuecore2.standard:message:speak : Agent ID = 5, Time = 1, Channel = 0, Message = 8 bytes of raw data]
Expected: [urn:rescuecore2.standard:message:speak : Agent ID = 5, Time = 1, Channel = 0, Message = 8 bytes of raw data]
Heard   : [urn:rescuecore2.standard:message:speak : Agent ID = 5, Time = 1, Channel = 0, Message = 8 bytes of raw data]
Expected: [urn:rescuecore2.standard:message:speak : Agent ID = 5, Time = 1, Channel = 0, Message = 8 bytes of raw data]
Heard   : [urn:rescuecore2.standard:message:speak : Agent ID = 5, Time = 1, Channel = 0, Message = 8 bytes of raw data]
Expected: [urn:rescuecore2.standard:message:speak : Agent ID = 5, Time = 1, Channel = 0, Message = 8 bytes of raw data]
Heard   : [urn:rescuecore2.standard:message:speak : Agent ID = 5, Time = 1, Channel = 0, Message = 8 bytes of raw data]
Expected: []
Heard   : []
Expected: []
Heard   : []
Expected: []
Heard   : []
Expected: []
Heard   : []
Expected: []
Heard   : []
Expected: []
Heard   : []
Expected: []
Heard   : []
INFO root : Created channel: Radio channel 0 (bandwidth = 128)
INFO root : Created channel: Radio channel 1 (bandwidth = 128)
INFO root : Created channel: Radio channel 2 (bandwidth = 128)
INFO root : Created channel: Radio channel 3 (bandwidth = 128)
DEBUG root : ChannelCommunicationModel processing commands at time 1: [urn:rescuecore2.standard:message:subscribe : Agent ID = 1, Time = 1, Channels = [0, 1], urn:rescuecore2.standard:message:subscribe : Agent ID = 2, Time = 1, Channels = [0, 1, 2], urn:rescuecore2.standard:message:subscribe : Agent ID = 5, Time = 1, Channels = [0, 1], urn:rescuecore2.standard:message:subscribe : Agent ID = 6, Time = 1, Channels = [0, 1, 2], urn:rescuecore2.standard:message:subscribe : Agent ID = 7, Time = 1, Channels = [0, 1], urn:rescuecore2.standard:message:subscribe : Agent ID = 8, Time = 1, Channels = [0, 1, 2], urn:rescuecore2.standard:message:subscribe : Agent ID = 9, Time = 1, Channels = [0, 1], urn:rescuecore2.standard:message:subscribe : Agent ID = 10, Time = 1, Channels = [0, 1, 2], urn:rescuecore2.standard:message:subscribe : Agent ID = 11, Time = 1, Channels = [0, 1, 2], urn:rescuecore2.standard:message:subscribe : Agent ID = 12, Time = 1, Channels = [0, 1, 2, 3], urn:rescuecore2.standard:message:subscribe : Agent ID = 13, Time = 1, Channels = [0, 1, 2], urn:rescuecore2.standard:message:subscribe : Agent ID = 14, Time = 1, Channels = [0, 1, 2, 3], urn:rescuecore2.standard:message:subscribe : Agent ID = 15, Time = 1, Channels = [0, 1, 2], urn:rescuecore2.standard:message:subscribe : Agent ID = 16, Time = 1, Channels = [0, 1, 2, 3], urn:rescuecore2.standard:message:speak : Agent ID = 5, Time = 1, Channel = 0, Message = 8 bytes of raw data]
DEBUG root : Processing subscribe message : urn:rescuecore2.standard:message:subscribe : Agent ID = 1, Time = 1, Channels = [0, 1]
DEBUG root : Processing subscribe message : urn:rescuecore2.standard:message:subscribe : Agent ID = 2, Time = 1, Channels = [0, 1, 2]
WARN root : Agent 2 tried to subscribe to 3 channels but only 2 allowed
DEBUG root : Processing subscribe message : urn:rescuecore2.standard:message:subscribe : Agent ID = 5, Time = 1, Channels = [0, 1]
DEBUG root : Processing subscribe message : urn:rescuecore2.standard:message:subscribe : Agent ID = 6, Time = 1, Channels = [0, 1, 2]
WARN root : Agent 6 tried to subscribe to 3 channels but only 2 allowed
DEBUG root : Processing subscribe message : urn:rescuecore2.standard:message:subscribe : Agent ID = 7, Time = 1, Channels = [0, 1]
DEBUG root : Processing subscribe message : urn:rescuecore2.standard:message:subscribe : Agent ID = 8, Time = 1, Channels = [0, 1, 2]
WARN root : Agent 8 tried to subscribe to 3 channels but only 2 allowed
DEBUG root : Processing subscribe message : urn:rescuecore2.standard:message:subscribe : Agent ID = 9, Time = 1, Channels = [0, 1]
DEBUG root : Processing subscribe message : urn:rescuecore2.standard:message:subscribe : Agent ID = 10, Time = 1, Channels = [0, 1, 2]
WARN root : Agent 10 tried to subscribe to 3 channels but only 2 allowed
DEBUG root : Processing subscribe message : urn:rescuecore2.standard:message:subscribe : Agent ID = 11, Time = 1, Channels = [0, 1, 2]
DEBUG root : Processing subscribe message : urn:rescuecore2.standard:message:subscribe : Agent ID = 12, Time = 1, Channels = [0, 1, 2, 3]
WARN root : Agent 12 tried to subscribe to 4 channels but only 3 allowed
DEBUG root : Processing subscribe message : urn:rescuecore2.standard:message:subscribe : Agent ID = 13, Time = 1, Channels = [0, 1, 2]
DEBUG root : Processing subscribe message : urn:rescuecore2.standard:message:subscribe : Agent ID = 14, Time = 1, Channels = [0, 1, 2, 3]
WARN root : Agent 14 tried to subscribe to 4 channels but only 3 allowed
DEBUG root : Processing subscribe message : urn:rescuecore2.standard:message:subscribe : Agent ID = 15, Time = 1, Channels = [0, 1, 2]
DEBUG root : Processing subscribe message : urn:rescuecore2.standard:message:subscribe : Agent ID = 16, Time = 1, Channels = [0, 1, 2, 3]
WARN root : Agent 16 tried to subscribe to 4 channels but only 3 allowed
DEBUG root : Processing speak: urn:rescuecore2.standard:message:speak : Agent ID = 5, Time = 1, Channel = 0, Message = 8 bytes of raw data
DEBUG root : Pushing urn:rescuecore2.standard:message:speak : Agent ID = 5, Time = 1, Channel = 0, Message = 8 bytes of raw data through channel 0
DEBUG root : Input noise result: urn:rescuecore2.standard:message:speak : Agent ID = 5, Time = 1, Channel = 0, Message = 8 bytes of raw data
DEBUG root : Radio channel 0 (bandwidth = 128) accepted message from 5
DEBUG root : Adding message urn:rescuecore2.standard:message:speak : Agent ID = 5, Time = 1, Channel = 0, Message = 8 bytes of raw data for agent Civilian (1)
DEBUG root : Output noise result: urn:rescuecore2.standard:message:speak : Agent ID = 5, Time = 1, Channel = 0, Message = 8 bytes of raw data
DEBUG root : Adding message urn:rescuecore2.standard:message:speak : Agent ID = 5, Time = 1, Channel = 0, Message = 8 bytes of raw data for agent Fire brigade (5)
DEBUG root : Output noise result: urn:rescuecore2.standard:message:speak : Agent ID = 5, Time = 1, Channel = 0, Message = 8 bytes of raw data
DEBUG root : Adding message urn:rescuecore2.standard:message:speak : Agent ID = 5, Time = 1, Channel = 0, Message = 8 bytes of raw data for agent Police force (7)
DEBUG root : Output noise result: urn:rescuecore2.standard:message:speak : Agent ID = 5, Time = 1, Channel = 0, Message = 8 bytes of raw data
DEBUG root : Adding message urn:rescuecore2.standard:message:speak : Agent ID = 5, Time = 1, Channel = 0, Message = 8 bytes of raw data for agent Ambulance team (9)
DEBUG root : Output noise result: urn:rescuecore2.standard:message:speak : Agent ID = 5, Time = 1, Channel = 0, Message = 8 bytes of raw data
DEBUG root : Adding message urn:rescuecore2.standard:message:speak : Agent ID = 5, Time = 1, Channel = 0, Message = 8 bytes of raw data for agent Fire station (11)
DEBUG root : Output noise result: urn:rescuecore2.standard:message:speak : Agent ID = 5, Time = 1, Channel = 0, Message = 8 bytes of raw data
DEBUG root : Adding message urn:rescuecore2.standard:message:speak : Agent ID = 5, Time = 1, Channel = 0, Message = 8 bytes of raw data for agent Police office (13)
DEBUG root : Output noise result: urn:rescuecore2.standard:message:speak : Agent ID = 5, Time = 1, Channel = 0, Message = 8 bytes of raw data
DEBUG root : Adding message urn:rescuecore2.standard:message:speak : Agent ID = 5, Time = 1, Channel = 0, Message = 8 bytes of raw data for agent Ambulance centre (15)
DEBUG root : Output noise result: urn:rescuecore2.standard:message:speak : Agent ID = 5, Time = 1, Channel = 0, Message = 8 bytes of raw data

Expected: [urn:rescuecore2.standard:message:speak : Agent ID = 1, Time = 1, Channel = 0, Message = 8 bytes of raw data]
Heard   : [urn:rescuecore2.standard:message:speak : Agent ID = 1, Time = 1, Channel = 0, Message = 8 bytes of raw data]
Expected: [urn:rescuecore2.standard:message:speak : Agent ID = 1, Time = 2, Channel = 1, Message = 7 bytes of raw data]
Heard   : [urn:rescuecore2.standard:message:speak : Agent ID = 1, Time = 2, Channel = 1, Message = 7 bytes of raw data]
INFO root : Created channel: Radio channel 0 (bandwidth = 128)
INFO root : Created channel: Radio channel 1 (bandwidth = 128)
INFO root : Created channel: Radio channel 2 (bandwidth = 128)
INFO root : Created channel: Radio channel 3 (bandwidth = 128)
DEBUG root : ChannelCommunicationModel processing commands at time 1: [urn:rescuecore2.standard:message:subscribe : Agent ID = 1, Time = 1, Channels = [0], urn:rescuecore2.standard:message:speak : Agent ID = 1, Time = 1, Channel = 0, Message = 8 bytes of raw data, urn:rescuecore2.standard:message:speak : Agent ID = 1, Time = 1, Channel = 1, Message = 7 bytes of raw data]
DEBUG root : Processing subscribe message : urn:rescuecore2.standard:message:subscribe : Agent ID = 1, Time = 1, Channels = [0]
DEBUG root : Processing speak: urn:rescuecore2.standard:message:speak : Agent ID = 1, Time = 1, Channel = 0, Message = 8 bytes of raw data
DEBUG root : Pushing urn:rescuecore2.standard:message:speak : Agent ID = 1, Time = 1, Channel = 0, Message = 8 bytes of raw data through channel 0
DEBUG root : Input noise result: urn:rescuecore2.standard:message:speak : Agent ID = 1, Time = 1, Channel = 0, Message = 8 bytes of raw data
DEBUG root : Radio channel 0 (bandwidth = 128) accepted message from 1
DEBUG root : Adding message urn:rescuecore2.standard:message:speak : Agent ID = 1, Time = 1, Channel = 0, Message = 8 bytes of raw data for agent Civilian (1)
DEBUG root : Output noise result: urn:rescuecore2.standard:message:speak : Agent ID = 1, Time = 1, Channel = 0, Message = 8 bytes of raw data
DEBUG root : Processing speak: urn:rescuecore2.standard:message:speak : Agent ID = 1, Time = 1, Channel = 1, Message = 7 bytes of raw data
DEBUG root : Pushing urn:rescuecore2.standard:message:speak : Agent ID = 1, Time = 1, Channel = 1, Message = 7 bytes of raw data through channel 1
DEBUG root : Input noise result: urn:rescuecore2.standard:message:speak : Agent ID = 1, Time = 1, Channel = 1, Message = 7 bytes of raw data
DEBUG root : Radio channel 1 (bandwidth = 128) accepted message from 1
DEBUG root : ChannelCommunicationModel processing commands at time 2: [urn:rescuecore2.standard:message:subscribe : Agent ID = 1, Time = 2, Channels = [1], urn:rescuecore2.standard:message:speak : Agent ID = 1, Time = 2, Channel = 0, Message = 8 bytes of raw data, urn:rescuecore2.standard:message:speak : Agent ID = 1, Time = 2, Channel = 1, Message = 7 bytes of raw data]
DEBUG root : Processing subscribe message : urn:rescuecore2.standard:message:subscribe : Agent ID = 1, Time = 2, Channels = [1]
DEBUG root : Processing speak: urn:rescuecore2.standard:message:speak : Agent ID = 1, Time = 2, Channel = 0, Message = 8 bytes of raw data
DEBUG root : Pushing urn:rescuecore2.standard:message:speak : Agent ID = 1, Time = 2, Channel = 0, Message = 8 bytes of raw data through channel 0
DEBUG root : Input noise result: urn:rescuecore2.standard:message:speak : Agent ID = 1, Time = 2, Channel = 0, Message = 8 bytes of raw data
DEBUG root : Radio channel 0 (bandwidth = 128) accepted message from 1
DEBUG root : Processing speak: urn:rescuecore2.standard:message:speak : Agent ID = 1, Time = 2, Channel = 1, Message = 7 bytes of raw data
DEBUG root : Pushing urn:rescuecore2.standard:message:speak : Agent ID = 1, Time = 2, Channel = 1, Message = 7 bytes of raw data through channel 1
DEBUG root : Input noise result: urn:rescuecore2.standard:message:speak : Agent ID = 1, Time = 2, Channel = 1, Message = 7 bytes of raw data
DEBUG root : Radio channel 1 (bandwidth = 128) accepted message from 1
DEBUG root : Adding message urn:rescuecore2.standard:message:speak : Agent ID = 1, Time = 2, Channel = 1, Message = 7 bytes of raw data for agent Civilian (1)
DEBUG root : Output noise result: urn:rescuecore2.standard:message:speak : Agent ID = 1, Time = 2, Channel = 1, Message = 7 bytes of raw data

Expected: [urn:rescuecore2.standard:message:speak : Agent ID = 1, Time = 1, Channel = 0, Message = 8 bytes of raw data]
Heard   : [urn:rescuecore2.standard:message:speak : Agent ID = 1, Time = 1, Channel = 0, Message = 8 bytes of raw data]
Looking for Agent 1 tried to subscribe to non-existant channel 100
Expected: [urn:rescuecore2.standard:message:speak : Agent ID = 1, Time = 2, Channel = 1, Message = 7 bytes of raw data]
Heard   : [urn:rescuecore2.standard:message:speak : Agent ID = 1, Time = 2, Channel = 1, Message = 7 bytes of raw data]
INFO root : Created channel: Radio channel 0 (bandwidth = 128)
INFO root : Created channel: Radio channel 1 (bandwidth = 128)
INFO root : Created channel: Radio channel 2 (bandwidth = 128)
INFO root : Created channel: Radio channel 3 (bandwidth = 128)
DEBUG root : ChannelCommunicationModel processing commands at time 1: [urn:rescuecore2.standard:message:subscribe : Agent ID = 1, Time = 1, Channels = [0], urn:rescuecore2.standard:message:speak : Agent ID = 1, Time = 1, Channel = 0, Message = 8 bytes of raw data, urn:rescuecore2.standard:message:speak : Agent ID = 1, Time = 1, Channel = 1, Message = 7 bytes of raw data]
DEBUG root : Processing subscribe message : urn:rescuecore2.standard:message:subscribe : Agent ID = 1, Time = 1, Channels = [0]
DEBUG root : Processing speak: urn:rescuecore2.standard:message:speak : Agent ID = 1, Time = 1, Channel = 0, Message = 8 bytes of raw data
DEBUG root : Pushing urn:rescuecore2.standard:message:speak : Agent ID = 1, Time = 1, Channel = 0, Message = 8 bytes of raw data through channel 0
DEBUG root : Input noise result: urn:rescuecore2.standard:message:speak : Agent ID = 1, Time = 1, Channel = 0, Message = 8 bytes of raw data
DEBUG root : Radio channel 0 (bandwidth = 128) accepted message from 1
DEBUG root : Adding message urn:rescuecore2.standard:message:speak : Agent ID = 1, Time = 1, Channel = 0, Message = 8 bytes of raw data for agent Civilian (1)
DEBUG root : Output noise result: urn:rescuecore2.standard:message:speak : Agent ID = 1, Time = 1, Channel = 0, Message = 8 bytes of raw data
DEBUG root : Processing speak: urn:rescuecore2.standard:message:speak : Agent ID = 1, Time = 1, Channel = 1, Message = 7 bytes of raw data
DEBUG root : Pushing urn:rescuecore2.standard:message:speak : Agent ID = 1, Time = 1, Channel = 1, Message = 7 bytes of raw data through channel 1
DEBUG root : Input noise result: urn:rescuecore2.standard:message:speak : Agent ID = 1, Time = 1, Channel = 1, Message = 7 bytes of raw data
DEBUG root : Radio channel 1 (bandwidth = 128) accepted message from 1
DEBUG root : ChannelCommunicationModel processing commands at time 2: [urn:rescuecore2.standard:message:subscribe : Agent ID = 1, Time = 2, Channels = [1, 100], urn:rescuecore2.standard:message:speak : Agent ID = 1, Time = 2, Channel = 0, Message = 8 bytes of raw data, urn:rescuecore2.standard:message:speak : Agent ID = 1, Time = 2, Channel = 1, Message = 7 bytes of raw data]
DEBUG root : Processing subscribe message : urn:rescuecore2.standard:message:subscribe : Agent ID = 1, Time = 2, Channels = [1, 100]
WARN root : Agent 1 tried to subscribe to non-existant channel 100
DEBUG root : Processing speak: urn:rescuecore2.standard:message:speak : Agent ID = 1, Time = 2, Channel = 0, Message = 8 bytes of raw data
DEBUG root : Pushing urn:rescuecore2.standard:message:speak : Agent ID = 1, Time = 2, Channel = 0, Message = 8 bytes of raw data through channel 0
DEBUG root : Input noise result: urn:rescuecore2.standard:message:speak : Agent ID = 1, Time = 2, Channel = 0, Message = 8 bytes of raw data
DEBUG root : Radio channel 0 (bandwidth = 128) accepted message from 1
DEBUG root : Processing speak: urn:rescuecore2.standard:message:speak : Agent ID = 1, Time = 2, Channel = 1, Message = 7 bytes of raw data
DEBUG root : Pushing urn:rescuecore2.standard:message:speak : Agent ID = 1, Time = 2, Channel = 1, Message = 7 bytes of raw data through channel 1
DEBUG root : Input noise result: urn:rescuecore2.standard:message:speak : Agent ID = 1, Time = 2, Channel = 1, Message = 7 bytes of raw data
DEBUG root : Radio channel 1 (bandwidth = 128) accepted message from 1
DEBUG root : Adding message urn:rescuecore2.standard:message:speak : Agent ID = 1, Time = 2, Channel = 1, Message = 7 bytes of raw data for agent Civilian (1)
DEBUG root : Output noise result: urn:rescuecore2.standard:message:speak : Agent ID = 1, Time = 2, Channel = 1, Message = 7 bytes of raw data

Expected: [urn:rescuecore2.standard:message:speak : Agent ID = 1, Time = 1, Channel = 0, Message = 8 bytes of raw data]
Heard   : [urn:rescuecore2.standard:message:speak : Agent ID = 1, Time = 1, Channel = 0, Message = 8 bytes of raw data]
Looking for I don't know how to handle subscriptions for this entity: Road (17)
INFO root : Created channel: Radio channel 0 (bandwidth = 128)
INFO root : Created channel: Radio channel 1 (bandwidth = 128)
INFO root : Created channel: Radio channel 2 (bandwidth = 128)
INFO root : Created channel: Radio channel 3 (bandwidth = 128)
DEBUG root : ChannelCommunicationModel processing commands at time 1: [urn:rescuecore2.standard:message:subscribe : Agent ID = 1, Time = 1, Channels = [0], urn:rescuecore2.standard:message:subscribe : Agent ID = 17, Time = 1, Channels = [0], urn:rescuecore2.standard:message:speak : Agent ID = 1, Time = 1, Channel = 0, Message = 8 bytes of raw data]
DEBUG root : Processing subscribe message : urn:rescuecore2.standard:message:subscribe : Agent ID = 1, Time = 1, Channels = [0]
DEBUG root : Processing subscribe message : urn:rescuecore2.standard:message:subscribe : Agent ID = 17, Time = 1, Channels = [0]
WARN root : I don't know how to handle subscriptions for this entity: Road (17)
DEBUG root : Processing speak: urn:rescuecore2.standard:message:speak : Agent ID = 1, Time = 1, Channel = 0, Message = 8 bytes of raw data
DEBUG root : Pushing urn:rescuecore2.standard:message:speak : Agent ID = 1, Time = 1, Channel = 0, Message = 8 bytes of raw data through channel 0
DEBUG root : Input noise result: urn:rescuecore2.standard:message:speak : Agent ID = 1, Time = 1, Channel = 0, Message = 8 bytes of raw data
DEBUG root : Radio channel 0 (bandwidth = 128) accepted message from 1
DEBUG root : Adding message urn:rescuecore2.standard:message:speak : Agent ID = 1, Time = 1, Channel = 0, Message = 8 bytes of raw data for agent Civilian (1)
DEBUG root : Output noise result: urn:rescuecore2.standard:message:speak : Agent ID = 1, Time = 1, Channel = 0, Message = 8 bytes of raw data

]]></system-err>

  </testsuite>
</testsuites>
