<?xml version="1.0" encoding="UTF-8" ?>
<testsuite errors="0" failures="0" hostname="atari" name="rescuecore2.config.ConfigTest" tests="65" time="0.235" timestamp="2011-04-02T19:31:38">
  <properties>
[...]
</properties>
  <testcase classname="rescuecore2.config.ConfigTest" name="testConstructor" time="0.013" />
  <testcase classname="rescuecore2.config.ConfigTest" name="testReadFile" time="0.046" />
  <testcase classname="rescuecore2.config.ConfigTest" name="testReadReader" time="0.003" />
  <testcase classname="rescuecore2.config.ConfigTest" name="testReadReaderWithInclude" time="0.001" />
  <testcase classname="rescuecore2.config.ConfigTest" name="testReadResource" time="0.004" />
  <testcase classname="rescuecore2.config.ConfigTest" name="testCommentsIgnored" time="0.009" />
  <testcase classname="rescuecore2.config.ConfigTest" name="testReadFromConstructor" time="0.002" />
  <testcase classname="rescuecore2.config.ConfigTest" name="testReadWithIncludes" time="0.005" />
  <testcase classname="rescuecore2.config.ConfigTest" name="testReadWithIncludes2" time="0.002" />
  <testcase classname="rescuecore2.config.ConfigTest" name="testReadMultiple" time="0.005" />
  <testcase classname="rescuecore2.config.ConfigTest" name="testReadMultipleWithIncludes" time="0.004" />
  <testcase classname="rescuecore2.config.ConfigTest" name="testReadWithIncludeSubdir" time="0.001" />
  <testcase classname="rescuecore2.config.ConfigTest" name="testReadWithIncludeSubdirFile" time="0.001" />
  <testcase classname="rescuecore2.config.ConfigTest" name="testReadEntireDirectory" time="0.001" />
  <testcase classname="rescuecore2.config.ConfigTest" name="testReadEntireDirectoryTree" time="0.001" />
  <testcase classname="rescuecore2.config.ConfigTest" name="testWhitespace" time="0.003" />
  <testcase classname="rescuecore2.config.ConfigTest" name="testGetCaseSensitive" time="0.001" />
  <testcase classname="rescuecore2.config.ConfigTest" name="testGetAllKeys" time="0.002" />
  <testcase classname="rescuecore2.config.ConfigTest" name="testStrings" time="0.001" />
  <testcase classname="rescuecore2.config.ConfigTest" name="testIntegers" time="0.004" />
  <testcase classname="rescuecore2.config.ConfigTest" name="testDoubles" time="0.006" />
  <testcase classname="rescuecore2.config.ConfigTest" name="testBooleans" time="0.001" />
  <testcase classname="rescuecore2.config.ConfigTest" name="testParseBooleans" time="0.003" />
  <testcase classname="rescuecore2.config.ConfigTest" name="testArrays" time="0.002" />
  <testcase classname="rescuecore2.config.ConfigTest" name="testArraysDefaultValue" time="0.0" />
  <testcase classname="rescuecore2.config.ConfigTest" name="testRemoveKey" time="0.0" />
  <testcase classname="rescuecore2.config.ConfigTest" name="testRemoveAllKeys" time="0.0" />
  <testcase classname="rescuecore2.config.ConfigTest" name="testReadNullFile" time="0.0" />
  <testcase classname="rescuecore2.config.ConfigTest" name="testReadNullString" time="0.0" />
  <testcase classname="rescuecore2.config.ConfigTest" name="testReadNullReader" time="0.0" />
  <testcase classname="rescuecore2.config.ConfigTest" name="testReadNonexistantFile" time="0.0" />
  <testcase classname="rescuecore2.config.ConfigTest" name="testNonExistantInclude" time="0.001" />
  <testcase classname="rescuecore2.config.ConfigTest" name="testEmptyInclude" time="0.0" />
  <testcase classname="rescuecore2.config.ConfigTest" name="testMalformedConfig" time="0.001" />
  <testcase classname="rescuecore2.config.ConfigTest" name="testWrite" time="0.001" />
  <testcase classname="rescuecore2.config.ConfigTest" name="testWriteNullWriter" time="0.0" />
  <testcase classname="rescuecore2.config.ConfigTest" name="testGetNullKey" time="0.0" />
  <testcase classname="rescuecore2.config.ConfigTest" name="testGetNullIntKey" time="0.0" />
  <testcase classname="rescuecore2.config.ConfigTest" name="testGetNullFloatKey" time="0.0" />
  <testcase classname="rescuecore2.config.ConfigTest" name="testGetNullBooleanKey" time="0.0" />
  <testcase classname="rescuecore2.config.ConfigTest" name="testSetNullKey" time="0.0" />
  <testcase classname="rescuecore2.config.ConfigTest" name="testSetNullIntKey" time="0.001" />
  <testcase classname="rescuecore2.config.ConfigTest" name="testSetNullFloatKey" time="0.0" />
  <testcase classname="rescuecore2.config.ConfigTest" name="testSetNullBooleanKey" time="0.0" />
  <testcase classname="rescuecore2.config.ConfigTest" name="testRemoveNullKey" time="0.001" />
  <testcase classname="rescuecore2.config.ConfigTest" name="testSetNullValue" time="0.0" />
  <testcase classname="rescuecore2.config.ConfigTest" name="testGetNonexistantKey" time="0.0" />
  <testcase classname="rescuecore2.config.ConfigTest" name="testSetMethodsClearCache" time="0.0" />
  <testcase classname="rescuecore2.config.ConfigTest" name="testRemoveKeyClearsCache" time="0.001" />
  <testcase classname="rescuecore2.config.ConfigTest" name="testRemoveAllKeysClearsCache" time="0.0" />
  <testcase classname="rescuecore2.config.ConfigTest" name="testGetValueWithDefault" time="0.001" />
  <testcase classname="rescuecore2.config.ConfigTest" name="testGetValueWithNullKeyAndDefault" time="0.0" />
  <testcase classname="rescuecore2.config.ConfigTest" name="testGetIntValueWithDefault" time="0.0" />
  <testcase classname="rescuecore2.config.ConfigTest" name="testGetIntValueWithNullKeyAndDefault" time="0.0" />
  <testcase classname="rescuecore2.config.ConfigTest" name="testGetFloatValueWithDefault" time="0.001" />
  <testcase classname="rescuecore2.config.ConfigTest" name="testGetFloatValueWithNullKeyAndDefault" time="0.0" />
  <testcase classname="rescuecore2.config.ConfigTest" name="testGetBooleanValueWithDefault" time="0.001" />
  <testcase classname="rescuecore2.config.ConfigTest" name="testGetBooleanValueWithNullKeyAndDefault" time="0.0" />
  <testcase classname="rescuecore2.config.ConfigTest" name="testDollarNotation" time="0.001" />
  <testcase classname="rescuecore2.config.ConfigTest" name="testBrokenDollarNotation" time="0.0" />
  <testcase classname="rescuecore2.config.ConfigTest" name="testDollarNotationSetValue" time="0.006" />
  <testcase classname="rescuecore2.config.ConfigTest" name="testDollarNotationCache" time="0.001" />
  <testcase classname="rescuecore2.config.ConfigTest" name="testDollarNotationTypes" time="0.003" />
  <testcase classname="rescuecore2.config.ConfigTest" name="testWriteWithReferences" time="0.0" />
  <testcase classname="rescuecore2.config.ConfigTest" name="testReferenceWithDefault" time="0.0" />
  <system-out><![CDATA[TRACE root : Setting 'key' to 'value'
TRACE root : Setting 'int' to '5'
TRACE root : Setting 'float' to '3.4'
TRACE root : Setting 'boolean' to 'true'
TRACE root : Setting 'key' to 'value'
TRACE root : Setting 'int' to '5'
TRACE root : Setting 'float' to '3.4'
TRACE root : Setting 'boolean' to 'true'
TRACE root : Reading included config 'basic.cfg'
TRACE root : Setting 'resourcekey' to 'something'
TRACE root : Setting 'resourceint' to '-9'
TRACE root : Setting 'resourcefloat' to '27.4'
TRACE root : Setting 'resourceboolean' to 'false'
TRACE root : Setting 'key' to 'value'
TRACE root : Setting 'int' to '5'
TRACE root : Setting 'float' to '3.4'
TRACE root : Setting 'boolean' to 'true'
TRACE root : Setting 'key' to 'value'
TRACE root : Setting 'int' to '5'
TRACE root : Setting 'float' to '3.4'
TRACE root : Setting 'boolean' to 'true'
TRACE root : Reading included config 'basic.cfg'
TRACE root : Setting 'key' to 'value'
TRACE root : Setting 'int' to '5'
TRACE root : Setting 'float' to '3.4'
TRACE root : Setting 'boolean' to 'true'
TRACE root : Setting 'newkey' to 'newvalue'
TRACE root : Setting 'int' to '2'
WARN root : Redefining config key 'int' as '2'
TRACE root : Setting 'newkey' to 'newvalue'
TRACE root : Setting 'int' to '2'
TRACE root : Reading included config 'basic.cfg'
TRACE root : Setting 'key' to 'value'
TRACE root : Setting 'int' to '5'
WARN root : Redefining config key 'int' as '5'
TRACE root : Setting 'float' to '3.4'
TRACE root : Setting 'boolean' to 'true'
TRACE root : Setting 'key' to 'value'
TRACE root : Setting 'int' to '5'
TRACE root : Setting 'float' to '3.4'
TRACE root : Setting 'boolean' to 'true'
TRACE root : Setting 'key' to 'newvalue'
WARN root : Redefining config key 'key' as 'newvalue'
TRACE root : Setting 'int' to '6'
WARN root : Redefining config key 'int' as '6'
TRACE root : Setting 'float' to '9.4'
WARN root : Redefining config key 'float' as '9.4'
TRACE root : Setting 'boolean' to 'false'
WARN root : Redefining config key 'boolean' as 'false'
TRACE root : Setting 'key' to 'value'
TRACE root : Setting 'int' to '5'
TRACE root : Setting 'float' to '3.4'
TRACE root : Setting 'boolean' to 'true'
TRACE root : Reading included config 'basic.cfg'
TRACE root : Setting 'key' to 'value'
TRACE root : Setting 'int' to '5'
TRACE root : Setting 'float' to '3.4'
TRACE root : Setting 'boolean' to 'true'
TRACE root : Setting 'newkey' to 'newvalue'
TRACE root : Setting 'int' to '2'
WARN root : Redefining config key 'int' as '2'
TRACE root : Setting 'key1' to 'value1'
TRACE root : Reading included config 'configdir'
TRACE root : Setting 'key_a' to 'a'
TRACE root : Setting 'key_b' to 'b'
TRACE root : Setting 'key1' to 'value1'
TRACE root : Reading included config 'configdir/a.cfg'
TRACE root : Setting 'key_a' to 'a'
TRACE root : Setting 'key_a' to 'a'
TRACE root : Setting 'key_b' to 'b'
TRACE root : Setting 'key_a' to 'a'
TRACE root : Setting 'key_b' to 'b'
TRACE root : Setting 'key1' to 'value1'
TRACE root : Setting 'key2' to 'value2'
TRACE root : Setting 'key3' to 'value3'
TRACE root : Setting 'key4' to 'value4'
TRACE root : Setting 'key5' to 'value5'
TRACE root : Setting 'key6' to 'value6'
TRACE root : Setting 'key7' to 'value7'
TRACE root : Setting 'key8' to 'value8'
TRACE root : Setting 'key9' to 'value9'
TRACE root : Setting 'key10' to 'value10'
TRACE root : Setting 'key' to 'value'
TRACE root : Setting 'int' to '5'
TRACE root : Setting 'float' to '3.4'
TRACE root : Setting 'boolean' to 'true'
TRACE root : Setting 'key' to 'value'
TRACE root : Setting 'int' to '5'
TRACE root : Setting 'float' to '3.4'
TRACE root : Setting 'boolean' to 'true'
TRACE root : Setting 'key' to 'value'
TRACE root : Setting 'int' to '5'
TRACE root : Setting 'float' to '3.4'
TRACE root : Setting 'boolean' to 'true'
TRACE root : Setting 'key' to 'value'
TRACE root : Setting 'int' to '5'
TRACE root : Setting 'float' to '3.4'
TRACE root : Setting 'boolean' to 'true'
TRACE root : Setting 'key' to 'value'
TRACE root : Setting 'int' to '5'
TRACE root : Setting 'float' to '3.4'
TRACE root : Setting 'boolean' to 'true'
TRACE root : Setting 'key' to 'value'
TRACE root : Setting 'int' to '5'
TRACE root : Setting 'float' to '3.4'
TRACE root : Setting 'boolean' to 'true'
TRACE root : Setting 'key1' to 'true'
TRACE root : Setting 'key2' to 'True'
TRACE root : Setting 'key3' to 't'
TRACE root : Setting 'key4' to 'T'
TRACE root : Setting 'key5' to 'tRUe'
TRACE root : Setting 'key6' to 'yes'
TRACE root : Setting 'key7' to 'YEs'
TRACE root : Setting 'key8' to 'y'
TRACE root : Setting 'key9' to '1'
TRACE root : Setting 'key10' to 'false'
TRACE root : Setting 'key11' to 'something'
TRACE root : Setting 'key12' to '0'
TRACE root : Setting 'key13' to 'Yes!'
TRACE root : Setting 'key14' to 'Yes. I mean no. Well, maybe.'
TRACE root : Setting 'key15' to '11'
TRACE root : Setting 'key16' to 'true.'
TRACE root : Setting 'key17' to '!true'
TRACE root : Setting 'key1' to 'value'
TRACE root : Setting 'key2' to 'value1 value2'
TRACE root : Setting 'key3' to 'value1,value2'
TRACE root : Setting 'key4' to 'value1|value2'
TRACE root : Setting 'key5' to 'value1,   value2'
TRACE root : Setting 'key6' to 'value1  ,,,, ,  value2'
TRACE root : Setting 'key' to 'value'
TRACE root : Setting 'int' to '5'
TRACE root : Setting 'float' to '3.4'
TRACE root : Setting 'boolean' to 'true'
TRACE root : Setting 'key' to 'value'
TRACE root : Setting 'int' to '5'
TRACE root : Setting 'float' to '3.4'
TRACE root : Setting 'boolean' to 'true'
TRACE root : Setting 'key' to 'value'
TRACE root : Reading included config 'i-do-not-exist.cfg'
TRACE root : Setting 'key' to 'value'
TRACE root : Setting 'key' to 'value'
TRACE root : Setting 'int' to '5'
TRACE root : Setting 'float' to '3.4'
TRACE root : Setting 'boolean' to 'true'
TRACE root : Setting 'key' to 'value'
TRACE root : Setting 'int' to '5'
TRACE root : Setting 'float' to '3.4'
TRACE root : Setting 'boolean' to 'true'
TRACE root : Setting 'key' to 'value'
TRACE root : Setting 'int' to '5'
TRACE root : Setting 'float' to '3.4'
TRACE root : Setting 'boolean' to 'true'
TRACE root : Setting 'key' to 'value'
TRACE root : Setting 'int' to '5'
TRACE root : Setting 'float' to '3.4'
TRACE root : Setting 'boolean' to 'true'
TRACE root : Setting 'key' to 'value'
TRACE root : Setting 'int' to '5'
TRACE root : Setting 'float' to '3.4'
TRACE root : Setting 'boolean' to 'true'
TRACE root : Setting 'dollar.third' to '${dollar.first} and oranges'
TRACE root : Setting 'dollar.first' to 'apples'
TRACE root : Setting 'dollar.second' to 'oranges and ${dollar.first}'
TRACE root : Setting 'dollar.fourth' to '${dollar.first}'
TRACE root : Setting 'dollar.first' to 'bananas'
TRACE root : Setting 'dollar.second' to 'go ${dollar.third}!'
TRACE root : Setting 'dollar.third' to '${dollar.first} and oranges'
TRACE root : Setting 'dollar.first' to 'apples'
TRACE root : Setting 'dollar.second' to 'oranges and ${dollar.first}'
TRACE root : Setting 'dollar.fourth' to '${dollar.first}'
TRACE root : Setting 'dollar.third' to '${dollar.first} and oranges'
TRACE root : Setting 'dollar.first' to 'apples'
TRACE root : Setting 'dollar.second' to 'oranges and ${dollar.first}'
TRACE root : Setting 'dollar.fourth' to '${dollar.first}'
TRACE root : Setting 'int.first' to '10'
TRACE root : Setting 'int.second' to '${int.first}'
TRACE root : Setting 'float.first' to '0.4'
TRACE root : Setting 'float.second' to '${float.first}'
TRACE root : Setting 'boolean.first' to 'false'
TRACE root : Setting 'boolean.second' to '${boolean.first}'
TRACE root : Setting 'array.first' to 'foo bar'
TRACE root : Setting 'array.second' to '${array.first}'
TRACE root : Setting 'array.third' to '${array.first} baz'
TRACE root : Setting 'dollar.first' to 'apples'
TRACE root : Setting 'dollar.second' to '${dollar.first} and ${nonexistant:oranges}'
]]></system-out>
  <system-err><![CDATA[]]></system-err>
</testsuite>
