<?xml version="1.0" encoding="UTF-8" ?>
<testsuite errors="0" failures="0" hostname="atari" name="rescuecore2.connection.StreamConnectionTest" tests="24" time="15.254" timestamp="2011-04-02T19:31:50">
  <properties>
[...]
</properties>
  <testcase classname="rescuecore2.connection.StreamConnectionTest" name="testSendBytes" time="1.063" />
  <testcase classname="rescuecore2.connection.StreamConnectionTest" name="testIOExceptionOnReadSize" time="1.003" />
  <testcase classname="rescuecore2.connection.StreamConnectionTest" name="testIOExceptionOnReadSize2" time="1.002" />
  <testcase classname="rescuecore2.connection.StreamConnectionTest" name="testIOExceptionOnReadContent" time="1.002" />
  <testcase classname="rescuecore2.connection.StreamConnectionTest" name="testNegativeSizeInput" time="0.015" />
  <testcase classname="rescuecore2.connection.StreamConnectionTest" name="testShortContent" time="3.004" />
  <testcase classname="rescuecore2.connection.StreamConnectionTest" name="testShortSizeField" time="3.002" />
  <testcase classname="rescuecore2.connection.StreamConnectionTest" name="testExceptionOnOutputFlush" time="0.003" />
  <testcase classname="rescuecore2.connection.StreamConnectionTest" name="testExceptionOnOutputClose" time="0.003" />
  <testcase classname="rescuecore2.connection.StreamConnectionTest" name="testExceptionOnInputClose" time="0.004" />
  <testcase classname="rescuecore2.connection.StreamConnectionTest" name="testInterruptedDuringShutdown" time="0.006" />
  <testcase classname="rescuecore2.connection.StreamConnectionTest" name="testNoMessagesReceivedBeforeStartup" time="1.005" />
  <testcase classname="rescuecore2.connection.StreamConnectionTest" name="testNoMessagesAfterShutdown" time="1.007" />
  <testcase classname="rescuecore2.connection.StreamConnectionTest" name="testIsAlive" time="0.003" />
  <testcase classname="rescuecore2.connection.StreamConnectionTest" name="testRemoveConnectionListener" time="1.011" />
  <testcase classname="rescuecore2.connection.StreamConnectionTest" name="testMultipleStartup" time="0.008" />
  <testcase classname="rescuecore2.connection.StreamConnectionTest" name="testMultipleShutdown" time="2.007" />
  <testcase classname="rescuecore2.connection.StreamConnectionTest" name="testSendMessage" time="0.007" />
  <testcase classname="rescuecore2.connection.StreamConnectionTest" name="testSendMessages" time="0.008" />
  <testcase classname="rescuecore2.connection.StreamConnectionTest" name="testSendNullMessage" time="0.001" />
  <testcase classname="rescuecore2.connection.StreamConnectionTest" name="testSendNullMessages" time="0.001" />
  <testcase classname="rescuecore2.connection.StreamConnectionTest" name="testSendMessageBeforeStartup" time="0.0" />
  <testcase classname="rescuecore2.connection.StreamConnectionTest" name="testSendMessageAfterShutdown" time="0.004" />
  <testcase classname="rescuecore2.connection.StreamConnectionTest" name="testRegisterNewMessageFactory" time="0.02" />
  <system-out><![CDATA[DEBUG root : Starting rescuecore2.connection.StreamConnection@15fadcf. Registry: System
DEBUG root : Starting rescuecore2.connection.StreamConnection@19360e2. Registry: System
ERROR root : Error reading from StreamConnection rescuecore2.connection.StreamConnection@19360e2
java.io.IOException: Fail on read
	at rescuecore2.connection.StreamConnectionTest$TestInputStream.read(StreamConnectionTest.java:240)
	at rescuecore2.misc.EncodingTools.readInt32(EncodingTools.java:84)
	at rescuecore2.connection.StreamConnection$ReadThread.work(StreamConnection.java:110)
	at rescuecore2.misc.WorkerThread.run(WorkerThread.java:48)
DEBUG root : Starting rescuecore2.connection.StreamConnection@17e4ca. Registry: System
ERROR root : Error reading from StreamConnection rescuecore2.connection.StreamConnection@17e4ca
java.io.IOException: Fail on read
	at rescuecore2.connection.StreamConnectionTest$TestInputStream.read(StreamConnectionTest.java:240)
	at rescuecore2.misc.EncodingTools.readInt32(EncodingTools.java:88)
	at rescuecore2.connection.StreamConnection$ReadThread.work(StreamConnection.java:110)
	at rescuecore2.misc.WorkerThread.run(WorkerThread.java:48)
DEBUG root : Starting rescuecore2.connection.StreamConnection@c62c8. Registry: System
ERROR root : Error reading from StreamConnection rescuecore2.connection.StreamConnection@c62c8
java.io.IOException: Fail on read
	at rescuecore2.connection.StreamConnectionTest$TestInputStream.read(StreamConnectionTest.java:240)
	at java.io.InputStream.read(InputStream.java:171)
	at rescuecore2.misc.EncodingTools.readBytes(EncodingTools.java:264)
	at rescuecore2.connection.StreamConnection$ReadThread.work(StreamConnection.java:112)
	at rescuecore2.misc.WorkerThread.run(WorkerThread.java:48)
DEBUG root : Starting rescuecore2.connection.StreamConnection@79a2e7. Registry: rescuecore2.registry.Registry@14a55f2
ERROR root : AbstractConnection error reading message
java.io.EOFException: Broken input pipe. Read 0 bytes of 4.
	at rescuecore2.misc.EncodingTools.readInt32(EncodingTools.java:86)
	at rescuecore2.misc.EncodingTools.readString(EncodingTools.java:204)
	at rescuecore2.misc.EncodingTools.readMessage(EncodingTools.java:731)
	at rescuecore2.connection.AbstractConnection.bytesReceived(AbstractConnection.java:212)
	at rescuecore2.connection.StreamConnection$ReadThread.work(StreamConnection.java:113)
	at rescuecore2.misc.WorkerThread.run(WorkerThread.java:48)
DEBUG root : Starting rescuecore2.connection.StreamConnection@3bc257. Registry: System
DEBUG root : Starting rescuecore2.connection.StreamConnection@76fba0. Registry: System
DEBUG root : Starting rescuecore2.connection.StreamConnection@bc8e1e. Registry: System
INFO root : Shutting down rescuecore2.connection.StreamConnection@bc8e1e
ERROR root : StreamConnection error flushing output buffer
java.io.IOException: Fail on flush
	at rescuecore2.connection.StreamConnectionTest$TestOutputStream.flush(StreamConnectionTest.java:311)
	at rescuecore2.connection.StreamConnection.shutdownImpl(StreamConnection.java:76)
	at rescuecore2.connection.AbstractConnection.shutdown(AbstractConnection.java:87)
	at rescuecore2.connection.StreamConnectionTest.testExceptionOnOutputFlush(StreamConnectionTest.java:173)
	at sun.reflect.NativeMethodAccessorImpl.invoke0(Native Method)
	at sun.reflect.NativeMethodAccessorImpl.invoke(NativeMethodAccessorImpl.java:57)
	at sun.reflect.DelegatingMethodAccessorImpl.invoke(DelegatingMethodAccessorImpl.java:43)
	at java.lang.reflect.Method.invoke(Method.java:616)
	at org.junit.runners.model.FrameworkMethod$1.runReflectiveCall(FrameworkMethod.java:44)
	at org.junit.internal.runners.model.ReflectiveCallable.run(ReflectiveCallable.java:15)
	at org.junit.runners.model.FrameworkMethod.invokeExplosively(FrameworkMethod.java:41)
	at org.junit.internal.runners.statements.InvokeMethod.evaluate(InvokeMethod.java:20)
	at org.junit.internal.runners.statements.RunBefores.evaluate(RunBefores.java:28)
	at org.junit.internal.runners.statements.RunAfters.evaluate(RunAfters.java:31)
	at org.junit.runners.BlockJUnit4ClassRunner.runChild(BlockJUnit4ClassRunner.java:73)
	at org.junit.runners.BlockJUnit4ClassRunner.runChild(BlockJUnit4ClassRunner.java:46)
	at org.junit.runners.ParentRunner.runChildren(ParentRunner.java:180)
	at org.junit.runners.ParentRunner.access$000(ParentRunner.java:41)
	at org.junit.runners.ParentRunner$1.evaluate(ParentRunner.java:173)
	at org.junit.internal.runners.statements.RunBefores.evaluate(RunBefores.java:28)
	at org.junit.internal.runners.statements.RunAfters.evaluate(RunAfters.java:31)
	at org.junit.runners.ParentRunner.run(ParentRunner.java:220)
	at junit.framework.JUnit4TestAdapter.run(JUnit4TestAdapter.java:39)
	at org.apache.tools.ant.taskdefs.optional.junit.JUnitTestRunner.run(JUnitTestRunner.java:420)
	at org.apache.tools.ant.taskdefs.optional.junit.JUnitTestRunner.launch(JUnitTestRunner.java:911)
	at org.apache.tools.ant.taskdefs.optional.junit.JUnitTestRunner.main(JUnitTestRunner.java:768)
DEBUG root : Starting rescuecore2.connection.StreamConnection@10dc6b5. Registry: System
INFO root : Shutting down rescuecore2.connection.StreamConnection@10dc6b5
ERROR root : StreamConnection error closing output buffer
java.io.IOException: Fail on close
	at rescuecore2.connection.StreamConnectionTest$TestOutputStream.close(StreamConnectionTest.java:321)
	at rescuecore2.connection.StreamConnection.shutdownImpl(StreamConnection.java:82)
	at rescuecore2.connection.AbstractConnection.shutdown(AbstractConnection.java:87)
	at rescuecore2.connection.StreamConnectionTest.testExceptionOnOutputClose(StreamConnectionTest.java:185)
	at sun.reflect.NativeMethodAccessorImpl.invoke0(Native Method)
	at sun.reflect.NativeMethodAccessorImpl.invoke(NativeMethodAccessorImpl.java:57)
	at sun.reflect.DelegatingMethodAccessorImpl.invoke(DelegatingMethodAccessorImpl.java:43)
	at java.lang.reflect.Method.invoke(Method.java:616)
	at org.junit.runners.model.FrameworkMethod$1.runReflectiveCall(FrameworkMethod.java:44)
	at org.junit.internal.runners.model.ReflectiveCallable.run(ReflectiveCallable.java:15)
	at org.junit.runners.model.FrameworkMethod.invokeExplosively(FrameworkMethod.java:41)
	at org.junit.internal.runners.statements.InvokeMethod.evaluate(InvokeMethod.java:20)
	at org.junit.internal.runners.statements.RunBefores.evaluate(RunBefores.java:28)
	at org.junit.internal.runners.statements.RunAfters.evaluate(RunAfters.java:31)
	at org.junit.runners.BlockJUnit4ClassRunner.runChild(BlockJUnit4ClassRunner.java:73)
	at org.junit.runners.BlockJUnit4ClassRunner.runChild(BlockJUnit4ClassRunner.java:46)
	at org.junit.runners.ParentRunner.runChildren(ParentRunner.java:180)
	at org.junit.runners.ParentRunner.access$000(ParentRunner.java:41)
	at org.junit.runners.ParentRunner$1.evaluate(ParentRunner.java:173)
	at org.junit.internal.runners.statements.RunBefores.evaluate(RunBefores.java:28)
	at org.junit.internal.runners.statements.RunAfters.evaluate(RunAfters.java:31)
	at org.junit.runners.ParentRunner.run(ParentRunner.java:220)
	at junit.framework.JUnit4TestAdapter.run(JUnit4TestAdapter.java:39)
	at org.apache.tools.ant.taskdefs.optional.junit.JUnitTestRunner.run(JUnitTestRunner.java:420)
	at org.apache.tools.ant.taskdefs.optional.junit.JUnitTestRunner.launch(JUnitTestRunner.java:911)
	at org.apache.tools.ant.taskdefs.optional.junit.JUnitTestRunner.main(JUnitTestRunner.java:768)
DEBUG root : Starting rescuecore2.connection.StreamConnection@1cd0888. Registry: System
INFO root : Shutting down rescuecore2.connection.StreamConnection@1cd0888
ERROR root : StreamConnection error closing input buffer
java.io.IOException: Fail on close
	at rescuecore2.connection.StreamConnectionTest$TestInputStream.close(StreamConnectionTest.java:261)
	at rescuecore2.connection.StreamConnection.shutdownImpl(StreamConnection.java:88)
	at rescuecore2.connection.AbstractConnection.shutdown(AbstractConnection.java:87)
	at rescuecore2.connection.StreamConnectionTest.testExceptionOnInputClose(StreamConnectionTest.java:197)
	at sun.reflect.NativeMethodAccessorImpl.invoke0(Native Method)
	at sun.reflect.NativeMethodAccessorImpl.invoke(NativeMethodAccessorImpl.java:57)
	at sun.reflect.DelegatingMethodAccessorImpl.invoke(DelegatingMethodAccessorImpl.java:43)
	at java.lang.reflect.Method.invoke(Method.java:616)
	at org.junit.runners.model.FrameworkMethod$1.runReflectiveCall(FrameworkMethod.java:44)
	at org.junit.internal.runners.model.ReflectiveCallable.run(ReflectiveCallable.java:15)
	at org.junit.runners.model.FrameworkMethod.invokeExplosively(FrameworkMethod.java:41)
	at org.junit.internal.runners.statements.InvokeMethod.evaluate(InvokeMethod.java:20)
	at org.junit.internal.runners.statements.RunBefores.evaluate(RunBefores.java:28)
	at org.junit.internal.runners.statements.RunAfters.evaluate(RunAfters.java:31)
	at org.junit.runners.BlockJUnit4ClassRunner.runChild(BlockJUnit4ClassRunner.java:73)
	at org.junit.runners.BlockJUnit4ClassRunner.runChild(BlockJUnit4ClassRunner.java:46)
	at org.junit.runners.ParentRunner.runChildren(ParentRunner.java:180)
	at org.junit.runners.ParentRunner.access$000(ParentRunner.java:41)
	at org.junit.runners.ParentRunner$1.evaluate(ParentRunner.java:173)
	at org.junit.internal.runners.statements.RunBefores.evaluate(RunBefores.java:28)
	at org.junit.internal.runners.statements.RunAfters.evaluate(RunAfters.java:31)
	at org.junit.runners.ParentRunner.run(ParentRunner.java:220)
	at junit.framework.JUnit4TestAdapter.run(JUnit4TestAdapter.java:39)
	at org.apache.tools.ant.taskdefs.optional.junit.JUnitTestRunner.run(JUnitTestRunner.java:420)
	at org.apache.tools.ant.taskdefs.optional.junit.JUnitTestRunner.launch(JUnitTestRunner.java:911)
	at org.apache.tools.ant.taskdefs.optional.junit.JUnitTestRunner.main(JUnitTestRunner.java:768)
DEBUG root : Starting rescuecore2.connection.StreamConnection@1ffc686. Registry: System
ERROR root : AbstractConnection interrupted while shutting down broadcast thread
java.lang.InterruptedException
	at rescuecore2.misc.WorkerThread.kill(WorkerThread.java:37)
	at rescuecore2.connection.AbstractConnection.shutdown(AbstractConnection.java:82)
	at rescuecore2.connection.StreamConnectionTest.testInterruptedDuringShutdown(StreamConnectionTest.java:209)
	at sun.reflect.NativeMethodAccessorImpl.invoke0(Native Method)
	at sun.reflect.NativeMethodAccessorImpl.invoke(NativeMethodAccessorImpl.java:57)
	at sun.reflect.DelegatingMethodAccessorImpl.invoke(DelegatingMethodAccessorImpl.java:43)
	at java.lang.reflect.Method.invoke(Method.java:616)
	at org.junit.runners.model.FrameworkMethod$1.runReflectiveCall(FrameworkMethod.java:44)
	at org.junit.internal.runners.model.ReflectiveCallable.run(ReflectiveCallable.java:15)
	at org.junit.runners.model.FrameworkMethod.invokeExplosively(FrameworkMethod.java:41)
	at org.junit.internal.runners.statements.InvokeMethod.evaluate(InvokeMethod.java:20)
	at org.junit.internal.runners.statements.RunBefores.evaluate(RunBefores.java:28)
	at org.junit.internal.runners.statements.RunAfters.evaluate(RunAfters.java:31)
	at org.junit.runners.BlockJUnit4ClassRunner.runChild(BlockJUnit4ClassRunner.java:73)
	at org.junit.runners.BlockJUnit4ClassRunner.runChild(BlockJUnit4ClassRunner.java:46)
	at org.junit.runners.ParentRunner.runChildren(ParentRunner.java:180)
	at org.junit.runners.ParentRunner.access$000(ParentRunner.java:41)
	at org.junit.runners.ParentRunner$1.evaluate(ParentRunner.java:173)
	at org.junit.internal.runners.statements.RunBefores.evaluate(RunBefores.java:28)
	at org.junit.internal.runners.statements.RunAfters.evaluate(RunAfters.java:31)
	at org.junit.runners.ParentRunner.run(ParentRunner.java:220)
	at junit.framework.JUnit4TestAdapter.run(JUnit4TestAdapter.java:39)
	at org.apache.tools.ant.taskdefs.optional.junit.JUnitTestRunner.run(JUnitTestRunner.java:420)
	at org.apache.tools.ant.taskdefs.optional.junit.JUnitTestRunner.launch(JUnitTestRunner.java:911)
	at org.apache.tools.ant.taskdefs.optional.junit.JUnitTestRunner.main(JUnitTestRunner.java:768)
INFO root : Shutting down rescuecore2.connection.StreamConnection@1ffc686
DEBUG root : Starting rescuecore2.connection.StreamConnection@f0c85e. Registry: rescuecore2.registry.Registry@ac6a45
DEBUG root : Starting rescuecore2.connection.StreamConnection@1f297e7. Registry: rescuecore2.registry.Registry@ac6a45
DEBUG root : Starting rescuecore2.connection.StreamConnection@a084f8. Registry: rescuecore2.registry.Registry@c39a20
DEBUG root : Starting rescuecore2.connection.StreamConnection@79ed7f. Registry: rescuecore2.registry.Registry@c39a20
INFO root : Shutting down rescuecore2.connection.StreamConnection@79ed7f
DEBUG root : Starting rescuecore2.connection.StreamConnection@edf3f6. Registry: rescuecore2.registry.Registry@1acd47
INFO root : Shutting down rescuecore2.connection.StreamConnection@edf3f6
DEBUG root : Starting rescuecore2.connection.StreamConnection@13d28e3. Registry: rescuecore2.registry.Registry@18235ed
DEBUG root : Starting rescuecore2.connection.StreamConnection@476128. Registry: rescuecore2.registry.Registry@18235ed
DEBUG root : Starting rescuecore2.connection.StreamConnection@1326484. Registry: rescuecore2.registry.Registry@18a49e0
DEBUG root : Starting rescuecore2.connection.StreamConnection@16546ef. Registry: rescuecore2.registry.Registry@18a49e0
DEBUG root : Starting rescuecore2.connection.StreamConnection@1de9ac4. Registry: rescuecore2.registry.Registry@194d372
DEBUG root : Starting rescuecore2.connection.StreamConnection@182bcde. Registry: rescuecore2.registry.Registry@194d372
INFO root : Shutting down rescuecore2.connection.StreamConnection@182bcde
DEBUG root : Starting rescuecore2.connection.StreamConnection@1e228bc. Registry: rescuecore2.registry.Registry@1aae94f
DEBUG root : Starting rescuecore2.connection.StreamConnection@e06940. Registry: rescuecore2.registry.Registry@1aae94f
DEBUG root : Starting rescuecore2.connection.StreamConnection@192c8d9. Registry: rescuecore2.registry.Registry@1e232b5
DEBUG root : Starting rescuecore2.connection.StreamConnection@1c05ffd. Registry: rescuecore2.registry.Registry@1e232b5
DEBUG root : Starting rescuecore2.connection.StreamConnection@f6ac0b. Registry: rescuecore2.registry.Registry@147c1db
DEBUG root : Starting rescuecore2.connection.StreamConnection@9934d4. Registry: rescuecore2.registry.Registry@147c1db
DEBUG root : Starting rescuecore2.connection.StreamConnection@1712b3a. Registry: rescuecore2.registry.Registry@ba5c7a
DEBUG root : Starting rescuecore2.connection.StreamConnection@cd2e33. Registry: rescuecore2.registry.Registry@ba5c7a
DEBUG root : Starting rescuecore2.connection.StreamConnection@b7ec5d. Registry: rescuecore2.registry.Registry@e61a35
DEBUG root : Starting rescuecore2.connection.StreamConnection@90c06f. Registry: rescuecore2.registry.Registry@1267649
DEBUG root : Starting rescuecore2.connection.StreamConnection@1e328e0. Registry: rescuecore2.registry.Registry@1267649
INFO root : Shutting down rescuecore2.connection.StreamConnection@1e328e0
DEBUG root : Starting rescuecore2.connection.StreamConnection@186c730. Registry: rescuecore2.registry.Registry@1c6572b
DEBUG root : Starting rescuecore2.connection.StreamConnection@17f242c. Registry: rescuecore2.registry.Registry@1c6572b
WARN root : rescuecore2.registry.Registry@1c6572b: message Test message 1 is being clobbered by rescuecore2.connection.TestMessageFactory@1329642. Old factory: rescuecore2.connection.TestMessageFactory@26d607
]]></system-out>
  <system-err><![CDATA[Test negative size input
rescuecore2.connection.StreamConnection@79a2e7
16-byte message
Offset    Hex         Int
0         0x00000004    0   0   0   4
4         0x54657374   84 101 115 116
8         0x00000004    0   0   0   4
12        0x00000000    0   0   0   0
Test negative size input finished
]]></system-err>
</testsuite>
