<?xml version="1.0" encoding="UTF-8" ?>
<testsuite errors="0" failures="0" hostname="atari" name="rescuecore2.standard.kernel.comms.ChannelCommunicationModelTest" tests="17" time="0.3" timestamp="2011-04-02T19:32:41">
  <properties>
[...]
</properties>
  <testcase classname="rescuecore2.standard.kernel.comms.ChannelCommunicationModelTest" name="testName" time="0.014" />
  <testcase classname="rescuecore2.standard.kernel.comms.ChannelCommunicationModelTest" name="testSubscribeBasics" time="0.103" />
  <testcase classname="rescuecore2.standard.kernel.comms.ChannelCommunicationModelTest" name="testSubscribeMultipleChannels" time="0.015" />
  <testcase classname="rescuecore2.standard.kernel.comms.ChannelCommunicationModelTest" name="testSubscribeMultipleTimesteps" time="0.015" />
  <testcase classname="rescuecore2.standard.kernel.comms.ChannelCommunicationModelTest" name="testVoiceDoesNotNeedSubscribe" time="0.016" />
  <testcase classname="rescuecore2.standard.kernel.comms.ChannelCommunicationModelTest" name="testVoiceWorksWithSubscribe" time="0.013" />
  <testcase classname="rescuecore2.standard.kernel.comms.ChannelCommunicationModelTest" name="testVoiceDistance" time="0.013" />
  <testcase classname="rescuecore2.standard.kernel.comms.ChannelCommunicationModelTest" name="testInvalidConfig" time="0.003" />
  <testcase classname="rescuecore2.standard.kernel.comms.ChannelCommunicationModelTest" name="testPartlyInvalidConfig" time="0.003" />
  <testcase classname="rescuecore2.standard.kernel.comms.ChannelCommunicationModelTest" name="testMissingChannelsConfig" time="0.003" />
  <testcase classname="rescuecore2.standard.kernel.comms.ChannelCommunicationModelTest" name="testExtraChannelsConfig" time="0.003" />
  <testcase classname="rescuecore2.standard.kernel.comms.ChannelCommunicationModelTest" name="testIncorrectChannel" time="0.005" />
  <testcase classname="rescuecore2.standard.kernel.comms.ChannelCommunicationModelTest" name="testSubscribeNonExistantEntity" time="0.006" />
  <testcase classname="rescuecore2.standard.kernel.comms.ChannelCommunicationModelTest" name="testSubscriptionLimits" time="0.009" />
  <testcase classname="rescuecore2.standard.kernel.comms.ChannelCommunicationModelTest" name="testSubscriptionRemovesOldChannels" time="0.007" />
  <testcase classname="rescuecore2.standard.kernel.comms.ChannelCommunicationModelTest" name="testBadSubscriptionKeepsOKChannels" time="0.008" />
  <testcase classname="rescuecore2.standard.kernel.comms.ChannelCommunicationModelTest" name="testSubscribeFromNonAgent" time="0.005" />
  <system-out><![CDATA[]]></system-out>
  <system-err><![CDATA[
Expected: [urn:rescuecore2.standard:message:speak : Agent ID = 1, Time = 1, Channel = 0, Message = 8 bytes of raw data]
Heard   : [urn:rescuecore2.standard:message:speak : Agent ID = 1, Time = 1, Channel = 0, Message = 8 bytes of raw data]
Expected: []
Heard   : []
INFO root : Created channel: Radio channel 0 (bandwidth = 128)
INFO root : Created channel: Radio channel 1 (bandwidth = 128)
INFO root : Created channel: Radio channel 2 (bandwidth = 128)
INFO root : Created channel: Radio channel 3 (bandwidth = 128)
DEBUG root : ChannelCommunicationModel processing commands at time 1: [urn:rescuecore2.standard:message:subscribe : Agent ID = 1, Time = 1, Channels = [0], urn:rescuecore2.standard:message:speak : Agent ID = 1, Time = 1, Channel = 0, Message = 8 bytes of raw data]
DEBUG root : Processing subscribe message : urn:rescuecore2.standard:message:subscribe : Agent ID = 1, Time = 1, Channels = [0]
DEBUG root : Processing speak: urn:rescuecore2.standard:message:speak : Agent ID = 1, Time = 1, Channel = 0, Message = 8 bytes of raw data
DEBUG root : Pushing urn:rescuecore2.standard:message:speak : Agent ID = 1, Time = 1, Channel = 0, Message = 8 bytes of raw data through channel 0
DEBUG root : Input noise result: urn:rescuecore2.standard:message:speak : Agent ID = 1, Time = 1, Channel = 0, Message = 8 bytes of raw data
DEBUG root : Radio channel 0 (bandwidth = 128) accepted message from 1
DEBUG root : Adding message urn:rescuecore2.standard:message:speak : Agent ID = 1, Time = 1, Channel = 0, Message = 8 bytes of raw data for agent Civilian (1)
DEBUG root : Output noise result: urn:rescuecore2.standard:message:speak : Agent ID = 1, Time = 1, Channel = 0, Message = 8 bytes of raw data

Expected: [urn:rescuecore2.standard:message:speak : Agent ID = 1, Time = 1, Channel = 0, Message = 8 bytes of raw data]
Heard   : [urn:rescuecore2.standard:message:speak : Agent ID = 1, Time = 1, Channel = 0, Message = 8 bytes of raw data]
Expected: [urn:rescuecore2.standard:message:speak : Agent ID = 1, Time = 1, Channel = 1, Message = 8 bytes of raw data]
Heard   : [urn:rescuecore2.standard:message:speak : Agent ID = 1, Time = 1, Channel = 1, Message = 8 bytes of raw data]
Expected: [urn:rescuecore2.standard:message:speak : Agent ID = 1, Time = 1, Channel = 0, Message = 8 bytes of raw data, urn:rescuecore2.standard:message:speak : Agent ID = 1, Time = 1, Channel = 1, Message = 8 bytes of raw data]
Heard   : [urn:rescuecore2.standard:message:speak : Agent ID = 1, Time = 1, Channel = 0, Message = 8 bytes of raw data, urn:rescuecore2.standard:message:speak : Agent ID = 1, Time = 1, Channel = 1, Message = 8 bytes of raw data]
Expected: []
Heard   : []
INFO root : Created channel: Radio channel 0 (bandwidth = 128)
INFO root : Created channel: Radio channel 1 (bandwidth = 128)
INFO root : Created channel: Radio channel 2 (bandwidth = 128)
INFO root : Created channel: Radio channel 3 (bandwidth = 128)
DEBUG root : ChannelCommunicationModel processing commands at time 1: [urn:rescuecore2.standard:message:subscribe : Agent ID = 1, Time = 1, Channels = [0], urn:rescuecore2.standard:message:subscribe : Agent ID = 2, Time = 1, Channels = [1], urn:rescuecore2.standard:message:subscribe : Agent ID = 3, Time = 1, Channels = [0, 1], urn:rescuecore2.standard:message:speak : Agent ID = 1, Time = 1, Channel = 0, Message = 8 bytes of raw data, urn:rescuecore2.standard:message:speak : Agent ID = 1, Time = 1, Channel = 1, Message = 8 bytes of raw data, urn:rescuecore2.standard:message:speak : Agent ID = 1, Time = 1, Channel = 2, Message = 8 bytes of raw data]
DEBUG root : Processing subscribe message : urn:rescuecore2.standard:message:subscribe : Agent ID = 1, Time = 1, Channels = [0]
DEBUG root : Processing subscribe message : urn:rescuecore2.standard:message:subscribe : Agent ID = 2, Time = 1, Channels = [1]
DEBUG root : Processing subscribe message : urn:rescuecore2.standard:message:subscribe : Agent ID = 3, Time = 1, Channels = [0, 1]
DEBUG root : Processing speak: urn:rescuecore2.standard:message:speak : Agent ID = 1, Time = 1, Channel = 0, Message = 8 bytes of raw data
DEBUG root : Pushing urn:rescuecore2.standard:message:speak : Agent ID = 1, Time = 1, Channel = 0, Message = 8 bytes of raw data through channel 0
DEBUG root : Input noise result: urn:rescuecore2.standard:message:speak : Agent ID = 1, Time = 1, Channel = 0, Message = 8 bytes of raw data
DEBUG root : Radio channel 0 (bandwidth = 128) accepted message from 1
DEBUG root : Adding message urn:rescuecore2.standard:message:speak : Agent ID = 1, Time = 1, Channel = 0, Message = 8 bytes of raw data for agent Civilian (1)
DEBUG root : Output noise result: urn:rescuecore2.standard:message:speak : Agent ID = 1, Time = 1, Channel = 0, Message = 8 bytes of raw data
DEBUG root : Adding message urn:rescuecore2.standard:message:speak : Agent ID = 1, Time = 1, Channel = 0, Message = 8 bytes of raw data for agent Civilian (3)
DEBUG root : Output noise result: urn:rescuecore2.standard:message:speak : Agent ID = 1, Time = 1, Channel = 0, Message = 8 bytes of raw data
DEBUG root : Processing speak: urn:rescuecore2.standard:message:speak : Agent ID = 1, Time = 1, Channel = 1, Message = 8 bytes of raw data
DEBUG root : Pushing urn:rescuecore2.standard:message:speak : Agent ID = 1, Time = 1, Channel = 1, Message = 8 bytes of raw data through channel 1
DEBUG root : Input noise result: urn:rescuecore2.standard:message:speak : Agent ID = 1, Time = 1, Channel = 1, Message = 8 bytes of raw data
DEBUG root : Radio channel 1 (bandwidth = 128) accepted message from 1
DEBUG root : Adding message urn:rescuecore2.standard:message:speak : Agent ID = 1, Time = 1, Channel = 1, Message = 8 bytes of raw data for agent Civilian (2)
DEBUG root : Output noise result: urn:rescuecore2.standard:message:speak : Agent ID = 1, Time = 1, Channel = 1, Message = 8 bytes of raw data
DEBUG root : Adding message urn:rescuecore2.standard:message:speak : Agent ID = 1, Time = 1, Channel = 1, Message = 8 bytes of raw data for agent Civilian (3)
DEBUG root : Output noise result: urn:rescuecore2.standard:message:speak : Agent ID = 1, Time = 1, Channel = 1, Message = 8 bytes of raw data
DEBUG root : Processing speak: urn:rescuecore2.standard:message:speak : Agent ID = 1, Time = 1, Channel = 2, Message = 8 bytes of raw data
DEBUG root : Pushing urn:rescuecore2.standard:message:speak : Agent ID = 1, Time = 1, Channel = 2, Message = 8 bytes of raw data through channel 2
DEBUG root : Input noise result: urn:rescuecore2.standard:message:speak : Agent ID = 1, Time = 1, Channel = 2, Message = 8 bytes of raw data
DEBUG root : Radio channel 2 (bandwidth = 128) accepted message from 1

Expected: [urn:rescuecore2.standard:message:speak : Agent ID = 1, Time = 2, Channel = 0, Message = 8 bytes of raw data]
Heard   : [urn:rescuecore2.standard:message:speak : Agent ID = 1, Time = 2, Channel = 0, Message = 8 bytes of raw data]
Expected: [urn:rescuecore2.standard:message:speak : Agent ID = 1, Time = 2, Channel = 0, Message = 8 bytes of raw data]
Heard   : [urn:rescuecore2.standard:message:speak : Agent ID = 1, Time = 2, Channel = 0, Message = 8 bytes of raw data]
Expected: [urn:rescuecore2.standard:message:speak : Agent ID = 1, Time = 3, Channel = 0, Message = 8 bytes of raw data]
Heard   : [urn:rescuecore2.standard:message:speak : Agent ID = 1, Time = 3, Channel = 0, Message = 8 bytes of raw data]
Expected: [urn:rescuecore2.standard:message:speak : Agent ID = 1, Time = 3, Channel = 0, Message = 8 bytes of raw data]
Heard   : [urn:rescuecore2.standard:message:speak : Agent ID = 1, Time = 3, Channel = 0, Message = 8 bytes of raw data]
INFO root : Created channel: Radio channel 0 (bandwidth = 128)
INFO root : Created channel: Radio channel 1 (bandwidth = 128)
INFO root : Created channel: Radio channel 2 (bandwidth = 128)
INFO root : Created channel: Radio channel 3 (bandwidth = 128)
DEBUG root : ChannelCommunicationModel processing commands at time 1: [urn:rescuecore2.standard:message:subscribe : Agent ID = 1, Time = 1, Channels = [0], urn:rescuecore2.standard:message:subscribe : Agent ID = 2, Time = 1, Channels = [0]]
DEBUG root : Processing subscribe message : urn:rescuecore2.standard:message:subscribe : Agent ID = 1, Time = 1, Channels = [0]
DEBUG root : Processing subscribe message : urn:rescuecore2.standard:message:subscribe : Agent ID = 2, Time = 1, Channels = [0]
DEBUG root : ChannelCommunicationModel processing commands at time 2: [urn:rescuecore2.standard:message:speak : Agent ID = 1, Time = 2, Channel = 0, Message = 8 bytes of raw data]
DEBUG root : Processing speak: urn:rescuecore2.standard:message:speak : Agent ID = 1, Time = 2, Channel = 0, Message = 8 bytes of raw data
DEBUG root : Pushing urn:rescuecore2.standard:message:speak : Agent ID = 1, Time = 2, Channel = 0, Message = 8 bytes of raw data through channel 0
DEBUG root : Input noise result: urn:rescuecore2.standard:message:speak : Agent ID = 1, Time = 2, Channel = 0, Message = 8 bytes of raw data
DEBUG root : Radio channel 0 (bandwidth = 128) accepted message from 1
DEBUG root : Adding message urn:rescuecore2.standard:message:speak : Agent ID = 1, Time = 2, Channel = 0, Message = 8 bytes of raw data for agent Civilian (1)
DEBUG root : Output noise result: urn:rescuecore2.standard:message:speak : Agent ID = 1, Time = 2, Channel = 0, Message = 8 bytes of raw data
DEBUG root : Adding message urn:rescuecore2.standard:message:speak : Agent ID = 1, Time = 2, Channel = 0, Message = 8 bytes of raw data for agent Civilian (2)
DEBUG root : Output noise result: urn:rescuecore2.standard:message:speak : Agent ID = 1, Time = 2, Channel = 0, Message = 8 bytes of raw data
DEBUG root : ChannelCommunicationModel processing commands at time 3: [urn:rescuecore2.standard:message:speak : Agent ID = 1, Time = 3, Channel = 0, Message = 8 bytes of raw data]
DEBUG root : Processing speak: urn:rescuecore2.standard:message:speak : Agent ID = 1, Time = 3, Channel = 0, Message = 8 bytes of raw data
DEBUG root : Pushing urn:rescuecore2.standard:message:speak : Agent ID = 1, Time = 3, Channel = 0, Message = 8 bytes of raw data through channel 0
DEBUG root : Input noise result: urn:rescuecore2.standard:message:speak : Agent ID = 1, Time = 3, Channel = 0, Message = 8 bytes of raw data
DEBUG root : Radio channel 0 (bandwidth = 128) accepted message from 1
DEBUG root : Adding message urn:rescuecore2.standard:message:speak : Agent ID = 1, Time = 3, Channel = 0, Message = 8 bytes of raw data for agent Civilian (1)
DEBUG root : Output noise result: urn:rescuecore2.standard:message:speak : Agent ID = 1, Time = 3, Channel = 0, Message = 8 bytes of raw data
DEBUG root : Adding message urn:rescuecore2.standard:message:speak : Agent ID = 1, Time = 3, Channel = 0, Message = 8 bytes of raw data for agent Civilian (2)
DEBUG root : Output noise result: urn:rescuecore2.standard:message:speak : Agent ID = 1, Time = 3, Channel = 0, Message = 8 bytes of raw data

Expected: [urn:rescuecore2.standard:message:speak : Agent ID = 1, Time = 1, Channel = 0, Message = 8 bytes of raw data, urn:rescuecore2.standard:message:speak : Agent ID = 1, Time = 1, Channel = 0, Message = 8 bytes of raw data]
Heard   : [urn:rescuecore2.standard:message:speak : Agent ID = 1, Time = 1, Channel = 0, Message = 8 bytes of raw data, urn:rescuecore2.standard:message:speak : Agent ID = 1, Time = 1, Channel = 0, Message = 8 bytes of raw data]
Expected: [urn:rescuecore2.standard:message:speak : Agent ID = 1, Time = 1, Channel = 0, Message = 8 bytes of raw data, urn:rescuecore2.standard:message:speak : Agent ID = 1, Time = 1, Channel = 0, Message = 8 bytes of raw data]
Heard   : [urn:rescuecore2.standard:message:speak : Agent ID = 1, Time = 1, Channel = 0, Message = 8 bytes of raw data, urn:rescuecore2.standard:message:speak : Agent ID = 1, Time = 1, Channel = 0, Message = 8 bytes of raw data]
Expected: [urn:rescuecore2.standard:message:speak : Agent ID = 1, Time = 1, Channel = 0, Message = 8 bytes of raw data, urn:rescuecore2.standard:message:speak : Agent ID = 1, Time = 1, Channel = 0, Message = 8 bytes of raw data]
Heard   : [urn:rescuecore2.standard:message:speak : Agent ID = 1, Time = 1, Channel = 0, Message = 8 bytes of raw data, urn:rescuecore2.standard:message:speak : Agent ID = 1, Time = 1, Channel = 0, Message = 8 bytes of raw data]
Expected: [urn:rescuecore2.standard:message:speak : Agent ID = 1, Time = 1, Channel = 0, Message = 8 bytes of raw data, urn:rescuecore2.standard:message:speak : Agent ID = 1, Time = 1, Channel = 0, Message = 8 bytes of raw data]
Heard   : [urn:rescuecore2.standard:message:speak : Agent ID = 1, Time = 1, Channel = 0, Message = 8 bytes of raw data, urn:rescuecore2.standard:message:speak : Agent ID = 1, Time = 1, Channel = 0, Message = 8 bytes of raw data]
INFO root : Created channel: Voice channel 0 (range = 10000, max 2 messages of size 100)
DEBUG root : ChannelCommunicationModel processing commands at time 1: [urn:rescuecore2.standard:message:speak : Agent ID = 1, Time = 1, Channel = 0, Message = 8 bytes of raw data, urn:rescuecore2.standard:message:speak : Agent ID = 1, Time = 1, Channel = 0, Message = 8 bytes of raw data]
DEBUG root : Processing speak: urn:rescuecore2.standard:message:speak : Agent ID = 1, Time = 1, Channel = 0, Message = 8 bytes of raw data
DEBUG root : Pushing urn:rescuecore2.standard:message:speak : Agent ID = 1, Time = 1, Channel = 0, Message = 8 bytes of raw data through channel 0
DEBUG root : Input noise result: urn:rescuecore2.standard:message:speak : Agent ID = 1, Time = 1, Channel = 0, Message = 8 bytes of raw data
DEBUG root : Civilian (1) can hear voice message from Civilian (1)
DEBUG root : Adding message urn:rescuecore2.standard:message:speak : Agent ID = 1, Time = 1, Channel = 0, Message = 8 bytes of raw data for agent Civilian (1)
DEBUG root : Output noise result: urn:rescuecore2.standard:message:speak : Agent ID = 1, Time = 1, Channel = 0, Message = 8 bytes of raw data
DEBUG root : Civilian (2) can hear voice message from Civilian (1)
DEBUG root : Adding message urn:rescuecore2.standard:message:speak : Agent ID = 1, Time = 1, Channel = 0, Message = 8 bytes of raw data for agent Civilian (2)
DEBUG root : Output noise result: urn:rescuecore2.standard:message:speak : Agent ID = 1, Time = 1, Channel = 0, Message = 8 bytes of raw data
DEBUG root : Civilian (3) can hear voice message from Civilian (1)
DEBUG root : Adding message urn:rescuecore2.standard:message:speak : Agent ID = 1, Time = 1, Channel = 0, Message = 8 bytes of raw data for agent Civilian (3)
DEBUG root : Output noise result: urn:rescuecore2.standard:message:speak : Agent ID = 1, Time = 1, Channel = 0, Message = 8 bytes of raw data
DEBUG root : Civilian (4) can hear voice message from Civilian (1)
DEBUG root : Adding message urn:rescuecore2.standard:message:speak : Agent ID = 1, Time = 1, Channel = 0, Message = 8 bytes of raw data for agent Civilian (4)
DEBUG root : Output noise result: urn:rescuecore2.standard:message:speak : Agent ID = 1, Time = 1, Channel = 0, Message = 8 bytes of raw data
DEBUG root : Fire brigade (5) can hear voice message from Civilian (1)
DEBUG root : Adding message urn:rescuecore2.standard:message:speak : Agent ID = 1, Time = 1, Channel = 0, Message = 8 bytes of raw data for agent Fire brigade (5)
DEBUG root : Output noise result: urn:rescuecore2.standard:message:speak : Agent ID = 1, Time = 1, Channel = 0, Message = 8 bytes of raw data
DEBUG root : Fire brigade (6) can hear voice message from Civilian (1)
DEBUG root : Adding message urn:rescuecore2.standard:message:speak : Agent ID = 1, Time = 1, Channel = 0, Message = 8 bytes of raw data for agent Fire brigade (6)
DEBUG root : Output noise result: urn:rescuecore2.standard:message:speak : Agent ID = 1, Time = 1, Channel = 0, Message = 8 bytes of raw data
DEBUG root : Police force (7) can hear voice message from Civilian (1)
DEBUG root : Adding message urn:rescuecore2.standard:message:speak : Agent ID = 1, Time = 1, Channel = 0, Message = 8 bytes of raw data for agent Police force (7)
DEBUG root : Output noise result: urn:rescuecore2.standard:message:speak : Agent ID = 1, Time = 1, Channel = 0, Message = 8 bytes of raw data
DEBUG root : Police force (8) can hear voice message from Civilian (1)
DEBUG root : Adding message urn:rescuecore2.standard:message:speak : Agent ID = 1, Time = 1, Channel = 0, Message = 8 bytes of raw data for agent Police force (8)
DEBUG root : Output noise result: urn:rescuecore2.standard:message:speak : Agent ID = 1, Time = 1, Channel = 0, Message = 8 bytes of raw data
DEBUG root : Ambulance team (9) can hear voice message from Civilian (1)
DEBUG root : Adding message urn:rescuecore2.standard:message:speak : Agent ID = 1, Time = 1, Channel = 0, Message = 8 bytes of raw data for agent Ambulance team (9)
DEBUG root : Output noise result: urn:rescuecore2.standard:message:speak : Agent ID = 1, Time = 1, Channel = 0, Message = 8 bytes of raw data
DEBUG root : Ambulance team (10) can hear voice message from Civilian (1)
DEBUG root : Adding message urn:rescuecore2.standard:message:speak : Agent ID = 1, Time = 1, Channel = 0, Message = 8 bytes of raw data for agent Ambulance team (10)
DEBUG root : Output noise result: urn:rescuecore2.standard:message:speak : Agent ID = 1, Time = 1, Channel = 0, Message = 8 bytes of raw data
DEBUG root : Processing speak: urn:rescuecore2.standard:message:speak : Agent ID = 1, Time = 1, Channel = 0, Message = 8 bytes of raw data
DEBUG root : Pushing urn:rescuecore2.standard:message:speak : Agent ID = 1, Time = 1, Channel = 0, Message = 8 bytes of raw data through channel 0
DEBUG root : Input noise result: urn:rescuecore2.standard:message:speak : Agent ID = 1, Time = 1, Channel = 0, Message = 8 bytes of raw data
DEBUG root : Civilian (1) can hear voice message from Civilian (1)
DEBUG root : Adding message urn:rescuecore2.standard:message:speak : Agent ID = 1, Time = 1, Channel = 0, Message = 8 bytes of raw data for agent Civilian (1)
DEBUG root : Output noise result: urn:rescuecore2.standard:message:speak : Agent ID = 1, Time = 1, Channel = 0, Message = 8 bytes of raw data
DEBUG root : Civilian (2) can hear voice message from Civilian (1)
DEBUG root : Adding message urn:rescuecore2.standard:message:speak : Agent ID = 1, Time = 1, Channel = 0, Message = 8 bytes of raw data for agent Civilian (2)
DEBUG root : Output noise result: urn:rescuecore2.standard:message:speak : Agent ID = 1, Time = 1, Channel = 0, Message = 8 bytes of raw data
DEBUG root : Civilian (3) can hear voice message from Civilian (1)
DEBUG root : Adding message urn:rescuecore2.standard:message:speak : Agent ID = 1, Time = 1, Channel = 0, Message = 8 bytes of raw data for agent Civilian (3)
DEBUG root : Output noise result: urn:rescuecore2.standard:message:speak : Agent ID = 1, Time = 1, Channel = 0, Message = 8 bytes of raw data
DEBUG root : Civilian (4) can hear voice message from Civilian (1)
DEBUG root : Adding message urn:rescuecore2.standard:message:speak : Agent ID = 1, Time = 1, Channel = 0, Message = 8 bytes of raw data for agent Civilian (4)
DEBUG root : Output noise result: urn:rescuecore2.standard:message:speak : Agent ID = 1, Time = 1, Channel = 0, Message = 8 bytes of raw data
DEBUG root : Fire brigade (5) can hear voice message from Civilian (1)
DEBUG root : Adding message urn:rescuecore2.standard:message:speak : Agent ID = 1, Time = 1, Channel = 0, Message = 8 bytes of raw data for agent Fire brigade (5)
DEBUG root : Output noise result: urn:rescuecore2.standard:message:speak : Agent ID = 1, Time = 1, Channel = 0, Message = 8 bytes of raw data
DEBUG root : Fire brigade (6) can hear voice message from Civilian (1)
DEBUG root : Adding message urn:rescuecore2.standard:message:speak : Agent ID = 1, Time = 1, Channel = 0, Message = 8 bytes of raw data for agent Fire brigade (6)
DEBUG root : Output noise result: urn:rescuecore2.standard:message:speak : Agent ID = 1, Time = 1, Channel = 0, Message = 8 bytes of raw data
DEBUG root : Police force (7) can hear voice message from Civilian (1)
DEBUG root : Adding message urn:rescuecore2.standard:message:speak : Agent ID = 1, Time = 1, Channel = 0, Message = 8 bytes of raw data for agent Police force (7)
DEBUG root : Output noise result: urn:rescuecore2.standard:message:speak : Agent ID = 1, Time = 1, Channel = 0, Message = 8 bytes of raw data
DEBUG root : Police force (8) can hear voice message from Civilian (1)
DEBUG root : Adding message urn:rescuecore2.standard:message:speak : Agent ID = 1, Time = 1, Channel = 0, Message = 8 bytes of raw data for agent Police force (8)
DEBUG root : Output noise result: urn:rescuecore2.standard:message:speak : Agent ID = 1, Time = 1, Channel = 0, Message = 8 bytes of raw data
DEBUG root : Ambulance team (9) can hear voice message from Civilian (1)
DEBUG root : Adding message urn:rescuecore2.standard:message:speak : Agent ID = 1, Time = 1, Channel = 0, Message = 8 bytes of raw data for agent Ambulance team (9)
DEBUG root : Output noise result: urn:rescuecore2.standard:message:speak : Agent ID = 1, Time = 1, Channel = 0, Message = 8 bytes of raw data
DEBUG root : Ambulance team (10) can hear voice message from Civilian (1)
DEBUG root : Adding message urn:rescuecore2.standard:message:speak : Agent ID = 1, Time = 1, Channel = 0, Message = 8 bytes of raw data for agent Ambulance team (10)
DEBUG root : Output noise result: urn:rescuecore2.standard:message:speak : Agent ID = 1, Time = 1, Channel = 0, Message = 8 bytes of raw data

Expected: [urn:rescuecore2.standard:message:speak : Agent ID = 1, Time = 1, Channel = 0, Message = 8 bytes of raw data, urn:rescuecore2.standard:message:speak : Agent ID = 1, Time = 1, Channel = 0, Message = 8 bytes of raw data]
Heard   : [urn:rescuecore2.standard:message:speak : Agent ID = 1, Time = 1, Channel = 0, Message = 8 bytes of raw data, urn:rescuecore2.standard:message:speak : Agent ID = 1, Time = 1, Channel = 0, Message = 8 bytes of raw data]
Expected: [urn:rescuecore2.standard:message:speak : Agent ID = 1, Time = 1, Channel = 0, Message = 8 bytes of raw data, urn:rescuecore2.standard:message:speak : Agent ID = 1, Time = 1, Channel = 0, Message = 8 bytes of raw data]
Heard   : [urn:rescuecore2.standard:message:speak : Agent ID = 1, Time = 1, Channel = 0, Message = 8 bytes of raw data, urn:rescuecore2.standard:message:speak : Agent ID = 1, Time = 1, Channel = 0, Message = 8 bytes of raw data]
Expected: [urn:rescuecore2.standard:message:speak : Agent ID = 1, Time = 1, Channel = 0, Message = 8 bytes of raw data, urn:rescuecore2.standard:message:speak : Agent ID = 1, Time = 1, Channel = 0, Message = 8 bytes of raw data]
Heard   : [urn:rescuecore2.standard:message:speak : Agent ID = 1, Time = 1, Channel = 0, Message = 8 bytes of raw data, urn:rescuecore2.standard:message:speak : Agent ID = 1, Time = 1, Channel = 0, Message = 8 bytes of raw data]
Expected: [urn:rescuecore2.standard:message:speak : Agent ID = 1, Time = 1, Channel = 0, Message = 8 bytes of raw data, urn:rescuecore2.standard:message:speak : Agent ID = 1, Time = 1, Channel = 0, Message = 8 bytes of raw data]
Heard   : [urn:rescuecore2.standard:message:speak : Agent ID = 1, Time = 1, Channel = 0, Message = 8 bytes of raw data, urn:rescuecore2.standard:message:speak : Agent ID = 1, Time = 1, Channel = 0, Message = 8 bytes of raw data]
INFO root : Created channel: Voice channel 0 (range = 10000, max 2 messages of size 100)
INFO root : Created channel: Radio channel 1 (bandwidth = 128)
INFO root : Created channel: Radio channel 2 (bandwidth = 128)
INFO root : Created channel: Radio channel 3 (bandwidth = 128)
DEBUG root : ChannelCommunicationModel processing commands at time 1: [urn:rescuecore2.standard:message:subscribe : Agent ID = 2, Time = 1, Channels = [0], urn:rescuecore2.standard:message:subscribe : Agent ID = 3, Time = 1, Channels = [1], urn:rescuecore2.standard:message:subscribe : Agent ID = 4, Time = 1, Channels = [0, 1], urn:rescuecore2.standard:message:speak : Agent ID = 1, Time = 1, Channel = 0, Message = 8 bytes of raw data, urn:rescuecore2.standard:message:speak : Agent ID = 1, Time = 1, Channel = 0, Message = 8 bytes of raw data]
DEBUG root : Processing subscribe message : urn:rescuecore2.standard:message:subscribe : Agent ID = 2, Time = 1, Channels = [0]
DEBUG root : Processing subscribe message : urn:rescuecore2.standard:message:subscribe : Agent ID = 3, Time = 1, Channels = [1]
DEBUG root : Processing subscribe message : urn:rescuecore2.standard:message:subscribe : Agent ID = 4, Time = 1, Channels = [0, 1]
DEBUG root : Processing speak: urn:rescuecore2.standard:message:speak : Agent ID = 1, Time = 1, Channel = 0, Message = 8 bytes of raw data
DEBUG root : Pushing urn:rescuecore2.standard:message:speak : Agent ID = 1, Time = 1, Channel = 0, Message = 8 bytes of raw data through channel 0
DEBUG root : Input noise result: urn:rescuecore2.standard:message:speak : Agent ID = 1, Time = 1, Channel = 0, Message = 8 bytes of raw data
DEBUG root : Civilian (1) can hear voice message from Civilian (1)
DEBUG root : Adding message urn:rescuecore2.standard:message:speak : Agent ID = 1, Time = 1, Channel = 0, Message = 8 bytes of raw data for agent Civilian (1)
DEBUG root : Output noise result: urn:rescuecore2.standard:message:speak : Agent ID = 1, Time = 1, Channel = 0, Message = 8 bytes of raw data
DEBUG root : Civilian (2) can hear voice message from Civilian (1)
DEBUG root : Adding message urn:rescuecore2.standard:message:speak : Agent ID = 1, Time = 1, Channel = 0, Message = 8 bytes of raw data for agent Civilian (2)
DEBUG root : Output noise result: urn:rescuecore2.standard:message:speak : Agent ID = 1, Time = 1, Channel = 0, Message = 8 bytes of raw data
DEBUG root : Civilian (3) can hear voice message from Civilian (1)
DEBUG root : Adding message urn:rescuecore2.standard:message:speak : Agent ID = 1, Time = 1, Channel = 0, Message = 8 bytes of raw data for agent Civilian (3)
DEBUG root : Output noise result: urn:rescuecore2.standard:message:speak : Agent ID = 1, Time = 1, Channel = 0, Message = 8 bytes of raw data
DEBUG root : Civilian (4) can hear voice message from Civilian (1)
DEBUG root : Adding message urn:rescuecore2.standard:message:speak : Agent ID = 1, Time = 1, Channel = 0, Message = 8 bytes of raw data for agent Civilian (4)
DEBUG root : Output noise result: urn:rescuecore2.standard:message:speak : Agent ID = 1, Time = 1, Channel = 0, Message = 8 bytes of raw data
DEBUG root : Fire brigade (5) can hear voice message from Civilian (1)
DEBUG root : Adding message urn:rescuecore2.standard:message:speak : Agent ID = 1, Time = 1, Channel = 0, Message = 8 bytes of raw data for agent Fire brigade (5)
DEBUG root : Output noise result: urn:rescuecore2.standard:message:speak : Agent ID = 1, Time = 1, Channel = 0, Message = 8 bytes of raw data
DEBUG root : Fire brigade (6) can hear voice message from Civilian (1)
DEBUG root : Adding message urn:rescuecore2.standard:message:speak : Agent ID = 1, Time = 1, Channel = 0, Message = 8 bytes of raw data for agent Fire brigade (6)
DEBUG root : Output noise result: urn:rescuecore2.standard:message:speak : Agent ID = 1, Time = 1, Channel = 0, Message = 8 bytes of raw data
DEBUG root : Police force (7) can hear voice message from Civilian (1)
DEBUG root : Adding message urn:rescuecore2.standard:message:speak : Agent ID = 1, Time = 1, Channel = 0, Message = 8 bytes of raw data for agent Police force (7)
DEBUG root : Output noise result: urn:rescuecore2.standard:message:speak : Agent ID = 1, Time = 1, Channel = 0, Message = 8 bytes of raw data
DEBUG root : Police force (8) can hear voice message from Civilian (1)
DEBUG root : Adding message urn:rescuecore2.standard:message:speak : Agent ID = 1, Time = 1, Channel = 0, Message = 8 bytes of raw data for agent Police force (8)
DEBUG root : Output noise result: urn:rescuecore2.standard:message:speak : Agent ID = 1, Time = 1, Channel = 0, Message = 8 bytes of raw data
DEBUG root : Ambulance team (9) can hear voice message from Civilian (1)
DEBUG root : Adding message urn:rescuecore2.standard:message:speak : Agent ID = 1, Time = 1, Channel = 0, Message = 8 bytes of raw data for agent Ambulance team (9)
DEBUG root : Output noise result: urn:rescuecore2.standard:message:speak : Agent ID = 1, Time = 1, Channel = 0, Message = 8 bytes of raw data
DEBUG root : Ambulance team (10) can hear voice message from Civilian (1)
DEBUG root : Adding message urn:rescuecore2.standard:message:speak : Agent ID = 1, Time = 1, Channel = 0, Message = 8 bytes of raw data for agent Ambulance team (10)
DEBUG root : Output noise result: urn:rescuecore2.standard:message:speak : Agent ID = 1, Time = 1, Channel = 0, Message = 8 bytes of raw data
DEBUG root : Processing speak: urn:rescuecore2.standard:message:speak : Agent ID = 1, Time = 1, Channel = 0, Message = 8 bytes of raw data
DEBUG root : Pushing urn:rescuecore2.standard:message:speak : Agent ID = 1, Time = 1, Channel = 0, Message = 8 bytes of raw data through channel 0
DEBUG root : Input noise result: urn:rescuecore2.standard:message:speak : Agent ID = 1, Time = 1, Channel = 0, Message = 8 bytes of raw data
DEBUG root : Civilian (1) can hear voice message from Civilian (1)
DEBUG root : Adding message urn:rescuecore2.standard:message:speak : Agent ID = 1, Time = 1, Channel = 0, Message = 8 bytes of raw data for agent Civilian (1)
DEBUG root : Output noise result: urn:rescuecore2.standard:message:speak : Agent ID = 1, Time = 1, Channel = 0, Message = 8 bytes of raw data
DEBUG root : Civilian (2) can hear voice message from Civilian (1)
DEBUG root : Adding message urn:rescuecore2.standard:message:speak : Agent ID = 1, Time = 1, Channel = 0, Message = 8 bytes of raw data for agent Civilian (2)
DEBUG root : Output noise result: urn:rescuecore2.standard:message:speak : Agent ID = 1, Time = 1, Channel = 0, Message = 8 bytes of raw data
DEBUG root : Civilian (3) can hear voice message from Civilian (1)
DEBUG root : Adding message urn:rescuecore2.standard:message:speak : Agent ID = 1, Time = 1, Channel = 0, Message = 8 bytes of raw data for agent Civilian (3)
DEBUG root : Output noise result: urn:rescuecore2.standard:message:speak : Agent ID = 1, Time = 1, Channel = 0, Message = 8 bytes of raw data
DEBUG root : Civilian (4) can hear voice message from Civilian (1)
DEBUG root : Adding message urn:rescuecore2.standard:message:speak : Agent ID = 1, Time = 1, Channel = 0, Message = 8 bytes of raw data for agent Civilian (4)
DEBUG root : Output noise result: urn:rescuecore2.standard:message:speak : Agent ID = 1, Time = 1, Channel = 0, Message = 8 bytes of raw data
DEBUG root : Fire brigade (5) can hear voice message from Civilian (1)
DEBUG root : Adding message urn:rescuecore2.standard:message:speak : Agent ID = 1, Time = 1, Channel = 0, Message = 8 bytes of raw data for agent Fire brigade (5)
DEBUG root : Output noise result: urn:rescuecore2.standard:message:speak : Agent ID = 1, Time = 1, Channel = 0, Message = 8 bytes of raw data
DEBUG root : Fire brigade (6) can hear voice message from Civilian (1)
DEBUG root : Adding message urn:rescuecore2.standard:message:speak : Agent ID = 1, Time = 1, Channel = 0, Message = 8 bytes of raw data for agent Fire brigade (6)
DEBUG root : Output noise result: urn:rescuecore2.standard:message:speak : Agent ID = 1, Time = 1, Channel = 0, Message = 8 bytes of raw data
DEBUG root : Police force (7) can hear voice message from Civilian (1)
DEBUG root : Adding message urn:rescuecore2.standard:message:speak : Agent ID = 1, Time = 1, Channel = 0, Message = 8 bytes of raw data for agent Police force (7)
DEBUG root : Output noise result: urn:rescuecore2.standard:message:speak : Agent ID = 1, Time = 1, Channel = 0, Message = 8 bytes of raw data
DEBUG root : Police force (8) can hear voice message from Civilian (1)
DEBUG root : Adding message urn:rescuecore2.standard:message:speak : Agent ID = 1, Time = 1, Channel = 0, Message = 8 bytes of raw data for agent Police force (8)
DEBUG root : Output noise result: urn:rescuecore2.standard:message:speak : Agent ID = 1, Time = 1, Channel = 0, Message = 8 bytes of raw data
DEBUG root : Ambulance team (9) can hear voice message from Civilian (1)
DEBUG root : Adding message urn:rescuecore2.standard:message:speak : Agent ID = 1, Time = 1, Channel = 0, Message = 8 bytes of raw data for agent Ambulance team (9)
DEBUG root : Output noise result: urn:rescuecore2.standard:message:speak : Agent ID = 1, Time = 1, Channel = 0, Message = 8 bytes of raw data
DEBUG root : Ambulance team (10) can hear voice message from Civilian (1)
DEBUG root : Adding message urn:rescuecore2.standard:message:speak : Agent ID = 1, Time = 1, Channel = 0, Message = 8 bytes of raw data for agent Ambulance team (10)
DEBUG root : Output noise result: urn:rescuecore2.standard:message:speak : Agent ID = 1, Time = 1, Channel = 0, Message = 8 bytes of raw data

Expected: [urn:rescuecore2.standard:message:speak : Agent ID = 1, Time = 1, Channel = 0, Message = 8 bytes of raw data, urn:rescuecore2.standard:message:speak : Agent ID = 2, Time = 1, Channel = 0, Message = 8 bytes of raw data]
Heard   : [urn:rescuecore2.standard:message:speak : Agent ID = 1, Time = 1, Channel = 0, Message = 8 bytes of raw data, urn:rescuecore2.standard:message:speak : Agent ID = 2, Time = 1, Channel = 0, Message = 8 bytes of raw data]
Expected: [urn:rescuecore2.standard:message:speak : Agent ID = 1, Time = 1, Channel = 0, Message = 8 bytes of raw data, urn:rescuecore2.standard:message:speak : Agent ID = 2, Time = 1, Channel = 0, Message = 8 bytes of raw data, urn:rescuecore2.standard:message:speak : Agent ID = 3, Time = 1, Channel = 0, Message = 8 bytes of raw data]
Heard   : [urn:rescuecore2.standard:message:speak : Agent ID = 3, Time = 1, Channel = 0, Message = 8 bytes of raw data, urn:rescuecore2.standard:message:speak : Agent ID = 1, Time = 1, Channel = 0, Message = 8 bytes of raw data, urn:rescuecore2.standard:message:speak : Agent ID = 2, Time = 1, Channel = 0, Message = 8 bytes of raw data]
Expected: [urn:rescuecore2.standard:message:speak : Agent ID = 2, Time = 1, Channel = 0, Message = 8 bytes of raw data, urn:rescuecore2.standard:message:speak : Agent ID = 3, Time = 1, Channel = 0, Message = 8 bytes of raw data]
Heard   : [urn:rescuecore2.standard:message:speak : Agent ID = 3, Time = 1, Channel = 0, Message = 8 bytes of raw data, urn:rescuecore2.standard:message:speak : Agent ID = 2, Time = 1, Channel = 0, Message = 8 bytes of raw data]
Expected: [urn:rescuecore2.standard:message:speak : Agent ID = 4, Time = 1, Channel = 0, Message = 8 bytes of raw data]
Heard   : [urn:rescuecore2.standard:message:speak : Agent ID = 4, Time = 1, Channel = 0, Message = 8 bytes of raw data]
INFO root : Created channel: Voice channel 0 (range = 10000, max 2 messages of size 100)
DEBUG root : ChannelCommunicationModel processing commands at time 1: [urn:rescuecore2.standard:message:speak : Agent ID = 1, Time = 1, Channel = 0, Message = 8 bytes of raw data, urn:rescuecore2.standard:message:speak : Agent ID = 2, Time = 1, Channel = 0, Message = 8 bytes of raw data, urn:rescuecore2.standard:message:speak : Agent ID = 3, Time = 1, Channel = 0, Message = 8 bytes of raw data, urn:rescuecore2.standard:message:speak : Agent ID = 4, Time = 1, Channel = 0, Message = 8 bytes of raw data]
DEBUG root : Processing speak: urn:rescuecore2.standard:message:speak : Agent ID = 1, Time = 1, Channel = 0, Message = 8 bytes of raw data
DEBUG root : Pushing urn:rescuecore2.standard:message:speak : Agent ID = 1, Time = 1, Channel = 0, Message = 8 bytes of raw data through channel 0
DEBUG root : Input noise result: urn:rescuecore2.standard:message:speak : Agent ID = 1, Time = 1, Channel = 0, Message = 8 bytes of raw data
DEBUG root : Civilian (1) can hear voice message from Civilian (1)
DEBUG root : Adding message urn:rescuecore2.standard:message:speak : Agent ID = 1, Time = 1, Channel = 0, Message = 8 bytes of raw data for agent Civilian (1)
DEBUG root : Output noise result: urn:rescuecore2.standard:message:speak : Agent ID = 1, Time = 1, Channel = 0, Message = 8 bytes of raw data
DEBUG root : Civilian (2) can hear voice message from Civilian (1)
DEBUG root : Adding message urn:rescuecore2.standard:message:speak : Agent ID = 1, Time = 1, Channel = 0, Message = 8 bytes of raw data for agent Civilian (2)
DEBUG root : Output noise result: urn:rescuecore2.standard:message:speak : Agent ID = 1, Time = 1, Channel = 0, Message = 8 bytes of raw data
DEBUG root : Fire brigade (5) can hear voice message from Civilian (1)
DEBUG root : Adding message urn:rescuecore2.standard:message:speak : Agent ID = 1, Time = 1, Channel = 0, Message = 8 bytes of raw data for agent Fire brigade (5)
DEBUG root : Output noise result: urn:rescuecore2.standard:message:speak : Agent ID = 1, Time = 1, Channel = 0, Message = 8 bytes of raw data
DEBUG root : Fire brigade (6) can hear voice message from Civilian (1)
DEBUG root : Adding message urn:rescuecore2.standard:message:speak : Agent ID = 1, Time = 1, Channel = 0, Message = 8 bytes of raw data for agent Fire brigade (6)
DEBUG root : Output noise result: urn:rescuecore2.standard:message:speak : Agent ID = 1, Time = 1, Channel = 0, Message = 8 bytes of raw data
DEBUG root : Police force (7) can hear voice message from Civilian (1)
DEBUG root : Adding message urn:rescuecore2.standard:message:speak : Agent ID = 1, Time = 1, Channel = 0, Message = 8 bytes of raw data for agent Police force (7)
DEBUG root : Output noise result: urn:rescuecore2.standard:message:speak : Agent ID = 1, Time = 1, Channel = 0, Message = 8 bytes of raw data
DEBUG root : Police force (8) can hear voice message from Civilian (1)
DEBUG root : Adding message urn:rescuecore2.standard:message:speak : Agent ID = 1, Time = 1, Channel = 0, Message = 8 bytes of raw data for agent Police force (8)
DEBUG root : Output noise result: urn:rescuecore2.standard:message:speak : Agent ID = 1, Time = 1, Channel = 0, Message = 8 bytes of raw data
DEBUG root : Ambulance team (9) can hear voice message from Civilian (1)
DEBUG root : Adding message urn:rescuecore2.standard:message:speak : Agent ID = 1, Time = 1, Channel = 0, Message = 8 bytes of raw data for agent Ambulance team (9)
DEBUG root : Output noise result: urn:rescuecore2.standard:message:speak : Agent ID = 1, Time = 1, Channel = 0, Message = 8 bytes of raw data
DEBUG root : Ambulance team (10) can hear voice message from Civilian (1)
DEBUG root : Adding message urn:rescuecore2.standard:message:speak : Agent ID = 1, Time = 1, Channel = 0, Message = 8 bytes of raw data for agent Ambulance team (10)
DEBUG root : Output noise result: urn:rescuecore2.standard:message:speak : Agent ID = 1, Time = 1, Channel = 0, Message = 8 bytes of raw data
DEBUG root : Processing speak: urn:rescuecore2.standard:message:speak : Agent ID = 2, Time = 1, Channel = 0, Message = 8 bytes of raw data
DEBUG root : Pushing urn:rescuecore2.standard:message:speak : Agent ID = 2, Time = 1, Channel = 0, Message = 8 bytes of raw data through channel 0
DEBUG root : Input noise result: urn:rescuecore2.standard:message:speak : Agent ID = 2, Time = 1, Channel = 0, Message = 8 bytes of raw data
DEBUG root : Civilian (1) can hear voice message from Civilian (2)
DEBUG root : Adding message urn:rescuecore2.standard:message:speak : Agent ID = 2, Time = 1, Channel = 0, Message = 8 bytes of raw data for agent Civilian (1)
DEBUG root : Output noise result: urn:rescuecore2.standard:message:speak : Agent ID = 2, Time = 1, Channel = 0, Message = 8 bytes of raw data
DEBUG root : Civilian (2) can hear voice message from Civilian (2)
DEBUG root : Adding message urn:rescuecore2.standard:message:speak : Agent ID = 2, Time = 1, Channel = 0, Message = 8 bytes of raw data for agent Civilian (2)
DEBUG root : Output noise result: urn:rescuecore2.standard:message:speak : Agent ID = 2, Time = 1, Channel = 0, Message = 8 bytes of raw data
DEBUG root : Civilian (3) can hear voice message from Civilian (2)
DEBUG root : Adding message urn:rescuecore2.standard:message:speak : Agent ID = 2, Time = 1, Channel = 0, Message = 8 bytes of raw data for agent Civilian (3)
DEBUG root : Output noise result: urn:rescuecore2.standard:message:speak : Agent ID = 2, Time = 1, Channel = 0, Message = 8 bytes of raw data
DEBUG root : Fire brigade (5) can hear voice message from Civilian (2)
DEBUG root : Adding message urn:rescuecore2.standard:message:speak : Agent ID = 2, Time = 1, Channel = 0, Message = 8 bytes of raw data for agent Fire brigade (5)
DEBUG root : Output noise result: urn:rescuecore2.standard:message:speak : Agent ID = 2, Time = 1, Channel = 0, Message = 8 bytes of raw data
DEBUG root : Fire brigade (6) can hear voice message from Civilian (2)
DEBUG root : Adding message urn:rescuecore2.standard:message:speak : Agent ID = 2, Time = 1, Channel = 0, Message = 8 bytes of raw data for agent Fire brigade (6)
DEBUG root : Output noise result: urn:rescuecore2.standard:message:speak : Agent ID = 2, Time = 1, Channel = 0, Message = 8 bytes of raw data
DEBUG root : Police force (7) can hear voice message from Civilian (2)
DEBUG root : Adding message urn:rescuecore2.standard:message:speak : Agent ID = 2, Time = 1, Channel = 0, Message = 8 bytes of raw data for agent Police force (7)
DEBUG root : Output noise result: urn:rescuecore2.standard:message:speak : Agent ID = 2, Time = 1, Channel = 0, Message = 8 bytes of raw data
DEBUG root : Police force (8) can hear voice message from Civilian (2)
DEBUG root : Adding message urn:rescuecore2.standard:message:speak : Agent ID = 2, Time = 1, Channel = 0, Message = 8 bytes of raw data for agent Police force (8)
DEBUG root : Output noise result: urn:rescuecore2.standard:message:speak : Agent ID = 2, Time = 1, Channel = 0, Message = 8 bytes of raw data
DEBUG root : Ambulance team (9) can hear voice message from Civilian (2)
DEBUG root : Adding message urn:rescuecore2.standard:message:speak : Agent ID = 2, Time = 1, Channel = 0, Message = 8 bytes of raw data for agent Ambulance team (9)
DEBUG root : Output noise result: urn:rescuecore2.standard:message:speak : Agent ID = 2, Time = 1, Channel = 0, Message = 8 bytes of raw data
DEBUG root : Ambulance team (10) can hear voice message from Civilian (2)
DEBUG root : Adding message urn:rescuecore2.standard:message:speak : Agent ID = 2, Time = 1, Channel = 0, Message = 8 bytes of raw data for agent Ambulance team (10)
DEBUG root : Output noise result: urn:rescuecore2.standard:message:speak : Agent ID = 2, Time = 1, Channel = 0, Message = 8 bytes of raw data
DEBUG root : Processing speak: urn:rescuecore2.standard:message:speak : Agent ID = 3, Time = 1, Channel = 0, Message = 8 bytes of raw data
DEBUG root : Pushing urn:rescuecore2.standard:message:speak : Agent ID = 3, Time = 1, Channel = 0, Message = 8 bytes of raw data through channel 0
DEBUG root : Input noise result: urn:rescuecore2.standard:message:speak : Agent ID = 3, Time = 1, Channel = 0, Message = 8 bytes of raw data
DEBUG root : Civilian (2) can hear voice message from Civilian (3)
DEBUG root : Adding message urn:rescuecore2.standard:message:speak : Agent ID = 3, Time = 1, Channel = 0, Message = 8 bytes of raw data for agent Civilian (2)
DEBUG root : Output noise result: urn:rescuecore2.standard:message:speak : Agent ID = 3, Time = 1, Channel = 0, Message = 8 bytes of raw data
DEBUG root : Civilian (3) can hear voice message from Civilian (3)
DEBUG root : Adding message urn:rescuecore2.standard:message:speak : Agent ID = 3, Time = 1, Channel = 0, Message = 8 bytes of raw data for agent Civilian (3)
DEBUG root : Output noise result: urn:rescuecore2.standard:message:speak : Agent ID = 3, Time = 1, Channel = 0, Message = 8 bytes of raw data
DEBUG root : Fire brigade (5) can hear voice message from Civilian (3)
DEBUG root : Adding message urn:rescuecore2.standard:message:speak : Agent ID = 3, Time = 1, Channel = 0, Message = 8 bytes of raw data for agent Fire brigade (5)
DEBUG root : Output noise result: urn:rescuecore2.standard:message:speak : Agent ID = 3, Time = 1, Channel = 0, Message = 8 bytes of raw data
DEBUG root : Fire brigade (6) can hear voice message from Civilian (3)
DEBUG root : Adding message urn:rescuecore2.standard:message:speak : Agent ID = 3, Time = 1, Channel = 0, Message = 8 bytes of raw data for agent Fire brigade (6)
DEBUG root : Output noise result: urn:rescuecore2.standard:message:speak : Agent ID = 3, Time = 1, Channel = 0, Message = 8 bytes of raw data
DEBUG root : Police force (7) can hear voice message from Civilian (3)
DEBUG root : Adding message urn:rescuecore2.standard:message:speak : Agent ID = 3, Time = 1, Channel = 0, Message = 8 bytes of raw data for agent Police force (7)
DEBUG root : Output noise result: urn:rescuecore2.standard:message:speak : Agent ID = 3, Time = 1, Channel = 0, Message = 8 bytes of raw data
DEBUG root : Police force (8) can hear voice message from Civilian (3)
DEBUG root : Adding message urn:rescuecore2.standard:message:speak : Agent ID = 3, Time = 1, Channel = 0, Message = 8 bytes of raw data for agent Police force (8)
DEBUG root : Output noise result: urn:rescuecore2.standard:message:speak : Agent ID = 3, Time = 1, Channel = 0, Message = 8 bytes of raw data
DEBUG root : Ambulance team (9) can hear voice message from Civilian (3)
DEBUG root : Adding message urn:rescuecore2.standard:message:speak : Agent ID = 3, Time = 1, Channel = 0, Message = 8 bytes of raw data for agent Ambulance team (9)
DEBUG root : Output noise result: urn:rescuecore2.standard:message:speak : Agent ID = 3, Time = 1, Channel = 0, Message = 8 bytes of raw data
DEBUG root : Ambulance team (10) can hear voice message from Civilian (3)
DEBUG root : Adding message urn:rescuecore2.standard:message:speak : Agent ID = 3, Time = 1, Channel = 0, Message = 8 bytes of raw data for agent Ambulance team (10)
DEBUG root : Output noise result: urn:rescuecore2.standard:message:speak : Agent ID = 3, Time = 1, Channel = 0, Message = 8 bytes of raw data
DEBUG root : Processing speak: urn:rescuecore2.standard:message:speak : Agent ID = 4, Time = 1, Channel = 0, Message = 8 bytes of raw data
DEBUG root : Pushing urn:rescuecore2.standard:message:speak : Agent ID = 4, Time = 1, Channel = 0, Message = 8 bytes of raw data through channel 0
DEBUG root : Input noise result: urn:rescuecore2.standard:message:speak : Agent ID = 4, Time = 1, Channel = 0, Message = 8 bytes of raw data
DEBUG root : Civilian (4) can hear voice message from Civilian (4)
DEBUG root : Adding message urn:rescuecore2.standard:message:speak : Agent ID = 4, Time = 1, Channel = 0, Message = 8 bytes of raw data for agent Civilian (4)
DEBUG root : Output noise result: urn:rescuecore2.standard:message:speak : Agent ID = 4, Time = 1, Channel = 0, Message = 8 bytes of raw data
DEBUG root : Fire brigade (5) can hear voice message from Civilian (4)
DEBUG root : Adding message urn:rescuecore2.standard:message:speak : Agent ID = 4, Time = 1, Channel = 0, Message = 8 bytes of raw data for agent Fire brigade (5)
DEBUG root : Output noise result: urn:rescuecore2.standard:message:speak : Agent ID = 4, Time = 1, Channel = 0, Message = 8 bytes of raw data
DEBUG root : Fire brigade (6) can hear voice message from Civilian (4)
DEBUG root : Adding message urn:rescuecore2.standard:message:speak : Agent ID = 4, Time = 1, Channel = 0, Message = 8 bytes of raw data for agent Fire brigade (6)
DEBUG root : Output noise result: urn:rescuecore2.standard:message:speak : Agent ID = 4, Time = 1, Channel = 0, Message = 8 bytes of raw data
DEBUG root : Police force (7) can hear voice message from Civilian (4)
DEBUG root : Adding message urn:rescuecore2.standard:message:speak : Agent ID = 4, Time = 1, Channel = 0, Message = 8 bytes of raw data for agent Police force (7)
DEBUG root : Output noise result: urn:rescuecore2.standard:message:speak : Agent ID = 4, Time = 1, Channel = 0, Message = 8 bytes of raw data
DEBUG root : Police force (8) can hear voice message from Civilian (4)
DEBUG root : Adding message urn:rescuecore2.standard:message:speak : Agent ID = 4, Time = 1, Channel = 0, Message = 8 bytes of raw data for agent Police force (8)
DEBUG root : Output noise result: urn:rescuecore2.standard:message:speak : Agent ID = 4, Time = 1, Channel = 0, Message = 8 bytes of raw data
DEBUG root : Ambulance team (9) can hear voice message from Civilian (4)
DEBUG root : Adding message urn:rescuecore2.standard:message:speak : Agent ID = 4, Time = 1, Channel = 0, Message = 8 bytes of raw data for agent Ambulance team (9)
DEBUG root : Output noise result: urn:rescuecore2.standard:message:speak : Agent ID = 4, Time = 1, Channel = 0, Message = 8 bytes of raw data
DEBUG root : Ambulance team (10) can hear voice message from Civilian (4)
DEBUG root : Adding message urn:rescuecore2.standard:message:speak : Agent ID = 4, Time = 1, Channel = 0, Message = 8 bytes of raw data for agent Ambulance team (10)
DEBUG root : Output noise result: urn:rescuecore2.standard:message:speak : Agent ID = 4, Time = 1, Channel = 0, Message = 8 bytes of raw data

Looking for Unrecognised channel type
ERROR root : Unrecognised channel type: comms.channels.0.type = 'blah'

Looking for Unrecognised channel type
ERROR root : Unrecognised channel type: comms.channels.0.type = 'blah'
INFO root : Created channel: Radio channel 1 (bandwidth = 128)

INFO root : Created channel: Radio channel 0 (bandwidth = 128)

INFO root : Created channel: Radio channel 0 (bandwidth = 128)

Looking for Unrecognised channel: 10
Expected: []
Heard   : []
Expected: []
Heard   : []
Expected: []
Heard   : []
Expected: []
Heard   : []
INFO root : Created channel: Radio channel 0 (bandwidth = 128)
INFO root : Created channel: Radio channel 1 (bandwidth = 128)
INFO root : Created channel: Radio channel 2 (bandwidth = 128)
INFO root : Created channel: Radio channel 3 (bandwidth = 128)
DEBUG root : ChannelCommunicationModel processing commands at time 1: [urn:rescuecore2.standard:message:speak : Agent ID = 1, Time = 1, Channel = 10, Message = 8 bytes of raw data]
DEBUG root : Processing speak: urn:rescuecore2.standard:message:speak : Agent ID = 1, Time = 1, Channel = 10, Message = 8 bytes of raw data
WARN root : Invalid message: urn:rescuecore2.standard:message:speak : Agent ID = 1, Time = 1, Channel = 10, Message = 8 bytes of raw data: Unrecognised channel: 10

Looking for Couldn't find entity -5
Expected: []
Heard   : []
Expected: []
Heard   : []
Expected: []
Heard   : []
Expected: []
Heard   : []
INFO root : Created channel: Radio channel 0 (bandwidth = 128)
INFO root : Created channel: Radio channel 1 (bandwidth = 128)
INFO root : Created channel: Radio channel 2 (bandwidth = 128)
INFO root : Created channel: Radio channel 3 (bandwidth = 128)
DEBUG root : ChannelCommunicationModel processing commands at time 1: [urn:rescuecore2.standard:message:subscribe : Agent ID = -5, Time = 1, Channels = [0], urn:rescuecore2.standard:message:speak : Agent ID = 1, Time = 1, Channel = 1, Message = 8 bytes of raw data]
DEBUG root : Processing subscribe message : urn:rescuecore2.standard:message:subscribe : Agent ID = -5, Time = 1, Channels = [0]
WARN root : Couldn't find entity -5
DEBUG root : Processing speak: urn:rescuecore2.standard:message:speak : Agent ID = 1, Time = 1, Channel = 1, Message = 8 bytes of raw data
DEBUG root : Pushing urn:rescuecore2.standard:message:speak : Agent ID = 1, Time = 1, Channel = 1, Message = 8 bytes of raw data through channel 1
DEBUG root : Input noise result: urn:rescuecore2.standard:message:speak : Agent ID = 1, Time = 1, Channel = 1, Message = 8 bytes of raw data
DEBUG root : Radio channel 1 (bandwidth = 128) accepted message from 1

Looking for Agent 2 tried to subscribe to 3 channels but only 2 allowed
Looking for Agent 6 tried to subscribe to 3 channels but only 2 allowed
Looking for Agent 8 tried to subscribe to 3 channels but only 2 allowed
Looking for Agent 10 tried to subscribe to 3 channels but only 2 allowed
Looking for Agent 12 tried to subscribe to 4 channels but only 3 allowed
Looking for Agent 14 tried to subscribe to 4 channels but only 3 allowed
Looking for Agent 16 tried to subscribe to 4 channels but only 3 allowed
Expected: [urn:rescuecore2.standard:message:speak : Agent ID = 5, Time = 1, Channel = 0, Message = 8 bytes of raw data]
Heard   : [urn:rescuecore2.standard:message:speak : Agent ID = 5, Time = 1, Channel = 0, Message = 8 bytes of raw data]
Expected: [urn:rescuecore2.standard:message:speak : Agent ID = 5, Time = 1, Channel = 0, Message = 8 bytes of raw data]
Heard   : [urn:rescuecore2.standard:message:speak : Agent ID = 5, Time = 1, Channel = 0, Message = 8 bytes of raw data]
Expected: [urn:rescuecore2.standard:message:speak : Agent ID = 5, Time = 1, Channel = 0, Message = 8 bytes of raw data]
Heard   : [urn:rescuecore2.standard:message:speak : Agent ID = 5, Time = 1, Channel = 0, Message = 8 bytes of raw data]
Expected: [urn:rescuecore2.standard:message:speak : Agent ID = 5, Time = 1, Channel = 0, Message = 8 bytes of raw data]
Heard   : [urn:rescuecore2.standard:message:speak : Agent ID = 5, Time = 1, Channel = 0, Message = 8 bytes of raw data]
Expected: [urn:rescuecore2.standard:message:speak : Agent ID = 5, Time = 1, Channel = 0, Message = 8 bytes of raw data]
Heard   : [urn:rescuecore2.standard:message:speak : Agent ID = 5, Time = 1, Channel = 0, Message = 8 bytes of raw data]
Expected: [urn:rescuecore2.standard:message:speak : Agent ID = 5, Time = 1, Channel = 0, Message = 8 bytes of raw data]
Heard   : [urn:rescuecore2.standard:message:speak : Agent ID = 5, Time = 1, Channel = 0, Message = 8 bytes of raw data]
Expected: [urn:rescuecore2.standard:message:speak : Agent ID = 5, Time = 1, Channel = 0, Message = 8 bytes of raw data]
Heard   : [urn:rescuecore2.standard:message:speak : Agent ID = 5, Time = 1, Channel = 0, Message = 8 bytes of raw data]
Expected: []
Heard   : []
Expected: []
Heard   : []
Expected: []
Heard   : []
Expected: []
Heard   : []
Expected: []
Heard   : []
Expected: []
Heard   : []
Expected: []
Heard   : []
INFO root : Created channel: Radio channel 0 (bandwidth = 128)
INFO root : Created channel: Radio channel 1 (bandwidth = 128)
INFO root : Created channel: Radio channel 2 (bandwidth = 128)
INFO root : Created channel: Radio channel 3 (bandwidth = 128)
DEBUG root : ChannelCommunicationModel processing commands at time 1: [urn:rescuecore2.standard:message:subscribe : Agent ID = 1, Time = 1, Channels = [0, 1], urn:rescuecore2.standard:message:subscribe : Agent ID = 2, Time = 1, Channels = [0, 1, 2], urn:rescuecore2.standard:message:subscribe : Agent ID = 5, Time = 1, Channels = [0, 1], urn:rescuecore2.standard:message:subscribe : Agent ID = 6, Time = 1, Channels = [0, 1, 2], urn:rescuecore2.standard:message:subscribe : Agent ID = 7, Time = 1, Channels = [0, 1], urn:rescuecore2.standard:message:subscribe : Agent ID = 8, Time = 1, Channels = [0, 1, 2], urn:rescuecore2.standard:message:subscribe : Agent ID = 9, Time = 1, Channels = [0, 1], urn:rescuecore2.standard:message:subscribe : Agent ID = 10, Time = 1, Channels = [0, 1, 2], urn:rescuecore2.standard:message:subscribe : Agent ID = 11, Time = 1, Channels = [0, 1, 2], urn:rescuecore2.standard:message:subscribe : Agent ID = 12, Time = 1, Channels = [0, 1, 2, 3], urn:rescuecore2.standard:message:subscribe : Agent ID = 13, Time = 1, Channels = [0, 1, 2], urn:rescuecore2.standard:message:subscribe : Agent ID = 14, Time = 1, Channels = [0, 1, 2, 3], urn:rescuecore2.standard:message:subscribe : Agent ID = 15, Time = 1, Channels = [0, 1, 2], urn:rescuecore2.standard:message:subscribe : Agent ID = 16, Time = 1, Channels = [0, 1, 2, 3], urn:rescuecore2.standard:message:speak : Agent ID = 5, Time = 1, Channel = 0, Message = 8 bytes of raw data]
DEBUG root : Processing subscribe message : urn:rescuecore2.standard:message:subscribe : Agent ID = 1, Time = 1, Channels = [0, 1]
DEBUG root : Processing subscribe message : urn:rescuecore2.standard:message:subscribe : Agent ID = 2, Time = 1, Channels = [0, 1, 2]
WARN root : Agent 2 tried to subscribe to 3 channels but only 2 allowed
DEBUG root : Processing subscribe message : urn:rescuecore2.standard:message:subscribe : Agent ID = 5, Time = 1, Channels = [0, 1]
DEBUG root : Processing subscribe message : urn:rescuecore2.standard:message:subscribe : Agent ID = 6, Time = 1, Channels = [0, 1, 2]
WARN root : Agent 6 tried to subscribe to 3 channels but only 2 allowed
DEBUG root : Processing subscribe message : urn:rescuecore2.standard:message:subscribe : Agent ID = 7, Time = 1, Channels = [0, 1]
DEBUG root : Processing subscribe message : urn:rescuecore2.standard:message:subscribe : Agent ID = 8, Time = 1, Channels = [0, 1, 2]
WARN root : Agent 8 tried to subscribe to 3 channels but only 2 allowed
DEBUG root : Processing subscribe message : urn:rescuecore2.standard:message:subscribe : Agent ID = 9, Time = 1, Channels = [0, 1]
DEBUG root : Processing subscribe message : urn:rescuecore2.standard:message:subscribe : Agent ID = 10, Time = 1, Channels = [0, 1, 2]
WARN root : Agent 10 tried to subscribe to 3 channels but only 2 allowed
DEBUG root : Processing subscribe message : urn:rescuecore2.standard:message:subscribe : Agent ID = 11, Time = 1, Channels = [0, 1, 2]
DEBUG root : Processing subscribe message : urn:rescuecore2.standard:message:subscribe : Agent ID = 12, Time = 1, Channels = [0, 1, 2, 3]
WARN root : Agent 12 tried to subscribe to 4 channels but only 3 allowed
DEBUG root : Processing subscribe message : urn:rescuecore2.standard:message:subscribe : Agent ID = 13, Time = 1, Channels = [0, 1, 2]
DEBUG root : Processing subscribe message : urn:rescuecore2.standard:message:subscribe : Agent ID = 14, Time = 1, Channels = [0, 1, 2, 3]
WARN root : Agent 14 tried to subscribe to 4 channels but only 3 allowed
DEBUG root : Processing subscribe message : urn:rescuecore2.standard:message:subscribe : Agent ID = 15, Time = 1, Channels = [0, 1, 2]
DEBUG root : Processing subscribe message : urn:rescuecore2.standard:message:subscribe : Agent ID = 16, Time = 1, Channels = [0, 1, 2, 3]
WARN root : Agent 16 tried to subscribe to 4 channels but only 3 allowed
DEBUG root : Processing speak: urn:rescuecore2.standard:message:speak : Agent ID = 5, Time = 1, Channel = 0, Message = 8 bytes of raw data
DEBUG root : Pushing urn:rescuecore2.standard:message:speak : Agent ID = 5, Time = 1, Channel = 0, Message = 8 bytes of raw data through channel 0
DEBUG root : Input noise result: urn:rescuecore2.standard:message:speak : Agent ID = 5, Time = 1, Channel = 0, Message = 8 bytes of raw data
DEBUG root : Radio channel 0 (bandwidth = 128) accepted message from 5
DEBUG root : Adding message urn:rescuecore2.standard:message:speak : Agent ID = 5, Time = 1, Channel = 0, Message = 8 bytes of raw data for agent Civilian (1)
DEBUG root : Output noise result: urn:rescuecore2.standard:message:speak : Agent ID = 5, Time = 1, Channel = 0, Message = 8 bytes of raw data
DEBUG root : Adding message urn:rescuecore2.standard:message:speak : Agent ID = 5, Time = 1, Channel = 0, Message = 8 bytes of raw data for agent Fire brigade (5)
DEBUG root : Output noise result: urn:rescuecore2.standard:message:speak : Agent ID = 5, Time = 1, Channel = 0, Message = 8 bytes of raw data
DEBUG root : Adding message urn:rescuecore2.standard:message:speak : Agent ID = 5, Time = 1, Channel = 0, Message = 8 bytes of raw data for agent Police force (7)
DEBUG root : Output noise result: urn:rescuecore2.standard:message:speak : Agent ID = 5, Time = 1, Channel = 0, Message = 8 bytes of raw data
DEBUG root : Adding message urn:rescuecore2.standard:message:speak : Agent ID = 5, Time = 1, Channel = 0, Message = 8 bytes of raw data for agent Ambulance team (9)
DEBUG root : Output noise result: urn:rescuecore2.standard:message:speak : Agent ID = 5, Time = 1, Channel = 0, Message = 8 bytes of raw data
DEBUG root : Adding message urn:rescuecore2.standard:message:speak : Agent ID = 5, Time = 1, Channel = 0, Message = 8 bytes of raw data for agent Fire station (11)
DEBUG root : Output noise result: urn:rescuecore2.standard:message:speak : Agent ID = 5, Time = 1, Channel = 0, Message = 8 bytes of raw data
DEBUG root : Adding message urn:rescuecore2.standard:message:speak : Agent ID = 5, Time = 1, Channel = 0, Message = 8 bytes of raw data for agent Police office (13)
DEBUG root : Output noise result: urn:rescuecore2.standard:message:speak : Agent ID = 5, Time = 1, Channel = 0, Message = 8 bytes of raw data
DEBUG root : Adding message urn:rescuecore2.standard:message:speak : Agent ID = 5, Time = 1, Channel = 0, Message = 8 bytes of raw data for agent Ambulance centre (15)
DEBUG root : Output noise result: urn:rescuecore2.standard:message:speak : Agent ID = 5, Time = 1, Channel = 0, Message = 8 bytes of raw data

Expected: [urn:rescuecore2.standard:message:speak : Agent ID = 1, Time = 1, Channel = 0, Message = 8 bytes of raw data]
Heard   : [urn:rescuecore2.standard:message:speak : Agent ID = 1, Time = 1, Channel = 0, Message = 8 bytes of raw data]
Expected: [urn:rescuecore2.standard:message:speak : Agent ID = 1, Time = 2, Channel = 1, Message = 7 bytes of raw data]
Heard   : [urn:rescuecore2.standard:message:speak : Agent ID = 1, Time = 2, Channel = 1, Message = 7 bytes of raw data]
INFO root : Created channel: Radio channel 0 (bandwidth = 128)
INFO root : Created channel: Radio channel 1 (bandwidth = 128)
INFO root : Created channel: Radio channel 2 (bandwidth = 128)
INFO root : Created channel: Radio channel 3 (bandwidth = 128)
DEBUG root : ChannelCommunicationModel processing commands at time 1: [urn:rescuecore2.standard:message:subscribe : Agent ID = 1, Time = 1, Channels = [0], urn:rescuecore2.standard:message:speak : Agent ID = 1, Time = 1, Channel = 0, Message = 8 bytes of raw data, urn:rescuecore2.standard:message:speak : Agent ID = 1, Time = 1, Channel = 1, Message = 7 bytes of raw data]
DEBUG root : Processing subscribe message : urn:rescuecore2.standard:message:subscribe : Agent ID = 1, Time = 1, Channels = [0]
DEBUG root : Processing speak: urn:rescuecore2.standard:message:speak : Agent ID = 1, Time = 1, Channel = 0, Message = 8 bytes of raw data
DEBUG root : Pushing urn:rescuecore2.standard:message:speak : Agent ID = 1, Time = 1, Channel = 0, Message = 8 bytes of raw data through channel 0
DEBUG root : Input noise result: urn:rescuecore2.standard:message:speak : Agent ID = 1, Time = 1, Channel = 0, Message = 8 bytes of raw data
DEBUG root : Radio channel 0 (bandwidth = 128) accepted message from 1
DEBUG root : Adding message urn:rescuecore2.standard:message:speak : Agent ID = 1, Time = 1, Channel = 0, Message = 8 bytes of raw data for agent Civilian (1)
DEBUG root : Output noise result: urn:rescuecore2.standard:message:speak : Agent ID = 1, Time = 1, Channel = 0, Message = 8 bytes of raw data
DEBUG root : Processing speak: urn:rescuecore2.standard:message:speak : Agent ID = 1, Time = 1, Channel = 1, Message = 7 bytes of raw data
DEBUG root : Pushing urn:rescuecore2.standard:message:speak : Agent ID = 1, Time = 1, Channel = 1, Message = 7 bytes of raw data through channel 1
DEBUG root : Input noise result: urn:rescuecore2.standard:message:speak : Agent ID = 1, Time = 1, Channel = 1, Message = 7 bytes of raw data
DEBUG root : Radio channel 1 (bandwidth = 128) accepted message from 1
DEBUG root : ChannelCommunicationModel processing commands at time 2: [urn:rescuecore2.standard:message:subscribe : Agent ID = 1, Time = 2, Channels = [1], urn:rescuecore2.standard:message:speak : Agent ID = 1, Time = 2, Channel = 0, Message = 8 bytes of raw data, urn:rescuecore2.standard:message:speak : Agent ID = 1, Time = 2, Channel = 1, Message = 7 bytes of raw data]
DEBUG root : Processing subscribe message : urn:rescuecore2.standard:message:subscribe : Agent ID = 1, Time = 2, Channels = [1]
DEBUG root : Processing speak: urn:rescuecore2.standard:message:speak : Agent ID = 1, Time = 2, Channel = 0, Message = 8 bytes of raw data
DEBUG root : Pushing urn:rescuecore2.standard:message:speak : Agent ID = 1, Time = 2, Channel = 0, Message = 8 bytes of raw data through channel 0
DEBUG root : Input noise result: urn:rescuecore2.standard:message:speak : Agent ID = 1, Time = 2, Channel = 0, Message = 8 bytes of raw data
DEBUG root : Radio channel 0 (bandwidth = 128) accepted message from 1
DEBUG root : Processing speak: urn:rescuecore2.standard:message:speak : Agent ID = 1, Time = 2, Channel = 1, Message = 7 bytes of raw data
DEBUG root : Pushing urn:rescuecore2.standard:message:speak : Agent ID = 1, Time = 2, Channel = 1, Message = 7 bytes of raw data through channel 1
DEBUG root : Input noise result: urn:rescuecore2.standard:message:speak : Agent ID = 1, Time = 2, Channel = 1, Message = 7 bytes of raw data
DEBUG root : Radio channel 1 (bandwidth = 128) accepted message from 1
DEBUG root : Adding message urn:rescuecore2.standard:message:speak : Agent ID = 1, Time = 2, Channel = 1, Message = 7 bytes of raw data for agent Civilian (1)
DEBUG root : Output noise result: urn:rescuecore2.standard:message:speak : Agent ID = 1, Time = 2, Channel = 1, Message = 7 bytes of raw data

Expected: [urn:rescuecore2.standard:message:speak : Agent ID = 1, Time = 1, Channel = 0, Message = 8 bytes of raw data]
Heard   : [urn:rescuecore2.standard:message:speak : Agent ID = 1, Time = 1, Channel = 0, Message = 8 bytes of raw data]
Looking for Agent 1 tried to subscribe to non-existant channel 100
Expected: [urn:rescuecore2.standard:message:speak : Agent ID = 1, Time = 2, Channel = 1, Message = 7 bytes of raw data]
Heard   : [urn:rescuecore2.standard:message:speak : Agent ID = 1, Time = 2, Channel = 1, Message = 7 bytes of raw data]
INFO root : Created channel: Radio channel 0 (bandwidth = 128)
INFO root : Created channel: Radio channel 1 (bandwidth = 128)
INFO root : Created channel: Radio channel 2 (bandwidth = 128)
INFO root : Created channel: Radio channel 3 (bandwidth = 128)
DEBUG root : ChannelCommunicationModel processing commands at time 1: [urn:rescuecore2.standard:message:subscribe : Agent ID = 1, Time = 1, Channels = [0], urn:rescuecore2.standard:message:speak : Agent ID = 1, Time = 1, Channel = 0, Message = 8 bytes of raw data, urn:rescuecore2.standard:message:speak : Agent ID = 1, Time = 1, Channel = 1, Message = 7 bytes of raw data]
DEBUG root : Processing subscribe message : urn:rescuecore2.standard:message:subscribe : Agent ID = 1, Time = 1, Channels = [0]
DEBUG root : Processing speak: urn:rescuecore2.standard:message:speak : Agent ID = 1, Time = 1, Channel = 0, Message = 8 bytes of raw data
DEBUG root : Pushing urn:rescuecore2.standard:message:speak : Agent ID = 1, Time = 1, Channel = 0, Message = 8 bytes of raw data through channel 0
DEBUG root : Input noise result: urn:rescuecore2.standard:message:speak : Agent ID = 1, Time = 1, Channel = 0, Message = 8 bytes of raw data
DEBUG root : Radio channel 0 (bandwidth = 128) accepted message from 1
DEBUG root : Adding message urn:rescuecore2.standard:message:speak : Agent ID = 1, Time = 1, Channel = 0, Message = 8 bytes of raw data for agent Civilian (1)
DEBUG root : Output noise result: urn:rescuecore2.standard:message:speak : Agent ID = 1, Time = 1, Channel = 0, Message = 8 bytes of raw data
DEBUG root : Processing speak: urn:rescuecore2.standard:message:speak : Agent ID = 1, Time = 1, Channel = 1, Message = 7 bytes of raw data
DEBUG root : Pushing urn:rescuecore2.standard:message:speak : Agent ID = 1, Time = 1, Channel = 1, Message = 7 bytes of raw data through channel 1
DEBUG root : Input noise result: urn:rescuecore2.standard:message:speak : Agent ID = 1, Time = 1, Channel = 1, Message = 7 bytes of raw data
DEBUG root : Radio channel 1 (bandwidth = 128) accepted message from 1
DEBUG root : ChannelCommunicationModel processing commands at time 2: [urn:rescuecore2.standard:message:subscribe : Agent ID = 1, Time = 2, Channels = [1, 100], urn:rescuecore2.standard:message:speak : Agent ID = 1, Time = 2, Channel = 0, Message = 8 bytes of raw data, urn:rescuecore2.standard:message:speak : Agent ID = 1, Time = 2, Channel = 1, Message = 7 bytes of raw data]
DEBUG root : Processing subscribe message : urn:rescuecore2.standard:message:subscribe : Agent ID = 1, Time = 2, Channels = [1, 100]
WARN root : Agent 1 tried to subscribe to non-existant channel 100
DEBUG root : Processing speak: urn:rescuecore2.standard:message:speak : Agent ID = 1, Time = 2, Channel = 0, Message = 8 bytes of raw data
DEBUG root : Pushing urn:rescuecore2.standard:message:speak : Agent ID = 1, Time = 2, Channel = 0, Message = 8 bytes of raw data through channel 0
DEBUG root : Input noise result: urn:rescuecore2.standard:message:speak : Agent ID = 1, Time = 2, Channel = 0, Message = 8 bytes of raw data
DEBUG root : Radio channel 0 (bandwidth = 128) accepted message from 1
DEBUG root : Processing speak: urn:rescuecore2.standard:message:speak : Agent ID = 1, Time = 2, Channel = 1, Message = 7 bytes of raw data
DEBUG root : Pushing urn:rescuecore2.standard:message:speak : Agent ID = 1, Time = 2, Channel = 1, Message = 7 bytes of raw data through channel 1
DEBUG root : Input noise result: urn:rescuecore2.standard:message:speak : Agent ID = 1, Time = 2, Channel = 1, Message = 7 bytes of raw data
DEBUG root : Radio channel 1 (bandwidth = 128) accepted message from 1
DEBUG root : Adding message urn:rescuecore2.standard:message:speak : Agent ID = 1, Time = 2, Channel = 1, Message = 7 bytes of raw data for agent Civilian (1)
DEBUG root : Output noise result: urn:rescuecore2.standard:message:speak : Agent ID = 1, Time = 2, Channel = 1, Message = 7 bytes of raw data

Expected: [urn:rescuecore2.standard:message:speak : Agent ID = 1, Time = 1, Channel = 0, Message = 8 bytes of raw data]
Heard   : [urn:rescuecore2.standard:message:speak : Agent ID = 1, Time = 1, Channel = 0, Message = 8 bytes of raw data]
Looking for I don't know how to handle subscriptions for this entity: Road (17)
INFO root : Created channel: Radio channel 0 (bandwidth = 128)
INFO root : Created channel: Radio channel 1 (bandwidth = 128)
INFO root : Created channel: Radio channel 2 (bandwidth = 128)
INFO root : Created channel: Radio channel 3 (bandwidth = 128)
DEBUG root : ChannelCommunicationModel processing commands at time 1: [urn:rescuecore2.standard:message:subscribe : Agent ID = 1, Time = 1, Channels = [0], urn:rescuecore2.standard:message:subscribe : Agent ID = 17, Time = 1, Channels = [0], urn:rescuecore2.standard:message:speak : Agent ID = 1, Time = 1, Channel = 0, Message = 8 bytes of raw data]
DEBUG root : Processing subscribe message : urn:rescuecore2.standard:message:subscribe : Agent ID = 1, Time = 1, Channels = [0]
DEBUG root : Processing subscribe message : urn:rescuecore2.standard:message:subscribe : Agent ID = 17, Time = 1, Channels = [0]
WARN root : I don't know how to handle subscriptions for this entity: Road (17)
DEBUG root : Processing speak: urn:rescuecore2.standard:message:speak : Agent ID = 1, Time = 1, Channel = 0, Message = 8 bytes of raw data
DEBUG root : Pushing urn:rescuecore2.standard:message:speak : Agent ID = 1, Time = 1, Channel = 0, Message = 8 bytes of raw data through channel 0
DEBUG root : Input noise result: urn:rescuecore2.standard:message:speak : Agent ID = 1, Time = 1, Channel = 0, Message = 8 bytes of raw data
DEBUG root : Radio channel 0 (bandwidth = 128) accepted message from 1
DEBUG root : Adding message urn:rescuecore2.standard:message:speak : Agent ID = 1, Time = 1, Channel = 0, Message = 8 bytes of raw data for agent Civilian (1)
DEBUG root : Output noise result: urn:rescuecore2.standard:message:speak : Agent ID = 1, Time = 1, Channel = 0, Message = 8 bytes of raw data

]]></system-err>
</testsuite>
