<?xml version="1.0" encoding="UTF-8" ?>
<testsuite errors="0" failures="0" hostname="atari" name="rescuecore2.connection.TCPConnectionTest" tests="17" time="10.22" timestamp="2011-04-02T19:32:08">
  <properties>
[...]
</properties>
  <testcase classname="rescuecore2.connection.TCPConnectionTest" name="testName" time="0.028" />
  <testcase classname="rescuecore2.connection.TCPConnectionTest" name="testConnectToPort" time="0.001" />
  <testcase classname="rescuecore2.connection.TCPConnectionTest" name="testConnectToHostAndPort" time="0.001" />
  <testcase classname="rescuecore2.connection.TCPConnectionTest" name="testShutdownIOException" time="1.052" />
  <testcase classname="rescuecore2.connection.TCPConnectionTest" name="testNoMessagesReceivedBeforeStartup" time="1.01" />
  <testcase classname="rescuecore2.connection.TCPConnectionTest" name="testNoMessagesAfterShutdown" time="2.005" />
  <testcase classname="rescuecore2.connection.TCPConnectionTest" name="testIsAlive" time="1.002" />
  <testcase classname="rescuecore2.connection.TCPConnectionTest" name="testRemoveConnectionListener" time="1.007" />
  <testcase classname="rescuecore2.connection.TCPConnectionTest" name="testMultipleStartup" time="0.006" />
  <testcase classname="rescuecore2.connection.TCPConnectionTest" name="testMultipleShutdown" time="3.008" />
  <testcase classname="rescuecore2.connection.TCPConnectionTest" name="testSendMessage" time="0.013" />
  <testcase classname="rescuecore2.connection.TCPConnectionTest" name="testSendMessages" time="0.008" />
  <testcase classname="rescuecore2.connection.TCPConnectionTest" name="testSendNullMessage" time="0.002" />
  <testcase classname="rescuecore2.connection.TCPConnectionTest" name="testSendNullMessages" time="0.001" />
  <testcase classname="rescuecore2.connection.TCPConnectionTest" name="testSendMessageBeforeStartup" time="0.001" />
  <testcase classname="rescuecore2.connection.TCPConnectionTest" name="testSendMessageAfterShutdown" time="1.005" />
  <testcase classname="rescuecore2.connection.TCPConnectionTest" name="testRegisterNewMessageFactory" time="0.011" />
  <system-out><![CDATA[DEBUG root : Starting TCPConnection: local port 40710, endpoint = localhost/127.0.0.1:19243. Registry: System
INFO root : Shutting down TCPConnection: local port 40710, endpoint = localhost/127.0.0.1:19243
ERROR root : StreamConnection error closing output buffer
java.io.IOException: Socket close failed
	at rescuecore2.connection.TCPConnectionTest$1.close(TCPConnectionTest.java:66)
	at java.net.SocketOutputStream.close(SocketOutputStream.java:167)
	at rescuecore2.connection.StreamConnection.shutdownImpl(StreamConnection.java:82)
	at rescuecore2.connection.TCPConnection.shutdownImpl(TCPConnection.java:47)
	at rescuecore2.connection.AbstractConnection.shutdown(AbstractConnection.java:87)
	at rescuecore2.connection.TCPConnectionTest.testShutdownIOException(TCPConnectionTest.java:72)
	at sun.reflect.NativeMethodAccessorImpl.invoke0(Native Method)
	at sun.reflect.NativeMethodAccessorImpl.invoke(NativeMethodAccessorImpl.java:57)
	at sun.reflect.DelegatingMethodAccessorImpl.invoke(DelegatingMethodAccessorImpl.java:43)
	at java.lang.reflect.Method.invoke(Method.java:616)
	at org.junit.runners.model.FrameworkMethod$1.runReflectiveCall(FrameworkMethod.java:44)
	at org.junit.internal.runners.model.ReflectiveCallable.run(ReflectiveCallable.java:15)
	at org.junit.runners.model.FrameworkMethod.invokeExplosively(FrameworkMethod.java:41)
	at org.junit.internal.runners.statements.InvokeMethod.evaluate(InvokeMethod.java:20)
	at org.junit.internal.runners.statements.RunBefores.evaluate(RunBefores.java:28)
	at org.junit.internal.runners.statements.RunAfters.evaluate(RunAfters.java:31)
	at org.junit.runners.BlockJUnit4ClassRunner.runChild(BlockJUnit4ClassRunner.java:73)
	at org.junit.runners.BlockJUnit4ClassRunner.runChild(BlockJUnit4ClassRunner.java:46)
	at org.junit.runners.ParentRunner.runChildren(ParentRunner.java:180)
	at org.junit.runners.ParentRunner.access$000(ParentRunner.java:41)
	at org.junit.runners.ParentRunner$1.evaluate(ParentRunner.java:173)
	at org.junit.internal.runners.statements.RunBefores.evaluate(RunBefores.java:28)
	at org.junit.internal.runners.statements.RunAfters.evaluate(RunAfters.java:31)
	at org.junit.runners.ParentRunner.run(ParentRunner.java:220)
	at junit.framework.JUnit4TestAdapter.run(JUnit4TestAdapter.java:39)
	at org.apache.tools.ant.taskdefs.optional.junit.JUnitTestRunner.run(JUnitTestRunner.java:420)
	at org.apache.tools.ant.taskdefs.optional.junit.JUnitTestRunner.launch(JUnitTestRunner.java:911)
	at org.apache.tools.ant.taskdefs.optional.junit.JUnitTestRunner.main(JUnitTestRunner.java:768)
ERROR root : StreamConnection error closing input buffer
java.io.IOException: Socket close failed
	at rescuecore2.connection.TCPConnectionTest$1.close(TCPConnectionTest.java:66)
	at java.net.SocketInputStream.close(SocketInputStream.java:248)
	at rescuecore2.connection.StreamConnection.shutdownImpl(StreamConnection.java:88)
	at rescuecore2.connection.TCPConnection.shutdownImpl(TCPConnection.java:47)
	at rescuecore2.connection.AbstractConnection.shutdown(AbstractConnection.java:87)
	at rescuecore2.connection.TCPConnectionTest.testShutdownIOException(TCPConnectionTest.java:72)
	at sun.reflect.NativeMethodAccessorImpl.invoke0(Native Method)
	at sun.reflect.NativeMethodAccessorImpl.invoke(NativeMethodAccessorImpl.java:57)
	at sun.reflect.DelegatingMethodAccessorImpl.invoke(DelegatingMethodAccessorImpl.java:43)
	at java.lang.reflect.Method.invoke(Method.java:616)
	at org.junit.runners.model.FrameworkMethod$1.runReflectiveCall(FrameworkMethod.java:44)
	at org.junit.internal.runners.model.ReflectiveCallable.run(ReflectiveCallable.java:15)
	at org.junit.runners.model.FrameworkMethod.invokeExplosively(FrameworkMethod.java:41)
	at org.junit.internal.runners.statements.InvokeMethod.evaluate(InvokeMethod.java:20)
	at org.junit.internal.runners.statements.RunBefores.evaluate(RunBefores.java:28)
	at org.junit.internal.runners.statements.RunAfters.evaluate(RunAfters.java:31)
	at org.junit.runners.BlockJUnit4ClassRunner.runChild(BlockJUnit4ClassRunner.java:73)
	at org.junit.runners.BlockJUnit4ClassRunner.runChild(BlockJUnit4ClassRunner.java:46)
	at org.junit.runners.ParentRunner.runChildren(ParentRunner.java:180)
	at org.junit.runners.ParentRunner.access$000(ParentRunner.java:41)
	at org.junit.runners.ParentRunner$1.evaluate(ParentRunner.java:173)
	at org.junit.internal.runners.statements.RunBefores.evaluate(RunBefores.java:28)
	at org.junit.internal.runners.statements.RunAfters.evaluate(RunAfters.java:31)
	at org.junit.runners.ParentRunner.run(ParentRunner.java:220)
	at junit.framework.JUnit4TestAdapter.run(JUnit4TestAdapter.java:39)
	at org.apache.tools.ant.taskdefs.optional.junit.JUnitTestRunner.run(JUnitTestRunner.java:420)
	at org.apache.tools.ant.taskdefs.optional.junit.JUnitTestRunner.launch(JUnitTestRunner.java:911)
	at org.apache.tools.ant.taskdefs.optional.junit.JUnitTestRunner.main(JUnitTestRunner.java:768)
ERROR root : Error closing TCP connection
java.io.IOException: Socket close failed
	at rescuecore2.connection.TCPConnectionTest$1.close(TCPConnectionTest.java:66)
	at rescuecore2.connection.TCPConnection.shutdownImpl(TCPConnection.java:49)
	at rescuecore2.connection.AbstractConnection.shutdown(AbstractConnection.java:87)
	at rescuecore2.connection.TCPConnectionTest.testShutdownIOException(TCPConnectionTest.java:72)
	at sun.reflect.NativeMethodAccessorImpl.invoke0(Native Method)
	at sun.reflect.NativeMethodAccessorImpl.invoke(NativeMethodAccessorImpl.java:57)
	at sun.reflect.DelegatingMethodAccessorImpl.invoke(DelegatingMethodAccessorImpl.java:43)
	at java.lang.reflect.Method.invoke(Method.java:616)
	at org.junit.runners.model.FrameworkMethod$1.runReflectiveCall(FrameworkMethod.java:44)
	at org.junit.internal.runners.model.ReflectiveCallable.run(ReflectiveCallable.java:15)
	at org.junit.runners.model.FrameworkMethod.invokeExplosively(FrameworkMethod.java:41)
	at org.junit.internal.runners.statements.InvokeMethod.evaluate(InvokeMethod.java:20)
	at org.junit.internal.runners.statements.RunBefores.evaluate(RunBefores.java:28)
	at org.junit.internal.runners.statements.RunAfters.evaluate(RunAfters.java:31)
	at org.junit.runners.BlockJUnit4ClassRunner.runChild(BlockJUnit4ClassRunner.java:73)
	at org.junit.runners.BlockJUnit4ClassRunner.runChild(BlockJUnit4ClassRunner.java:46)
	at org.junit.runners.ParentRunner.runChildren(ParentRunner.java:180)
	at org.junit.runners.ParentRunner.access$000(ParentRunner.java:41)
	at org.junit.runners.ParentRunner$1.evaluate(ParentRunner.java:173)
	at org.junit.internal.runners.statements.RunBefores.evaluate(RunBefores.java:28)
	at org.junit.internal.runners.statements.RunAfters.evaluate(RunAfters.java:31)
	at org.junit.runners.ParentRunner.run(ParentRunner.java:220)
	at junit.framework.JUnit4TestAdapter.run(JUnit4TestAdapter.java:39)
	at org.apache.tools.ant.taskdefs.optional.junit.JUnitTestRunner.run(JUnitTestRunner.java:420)
	at org.apache.tools.ant.taskdefs.optional.junit.JUnitTestRunner.launch(JUnitTestRunner.java:911)
	at org.apache.tools.ant.taskdefs.optional.junit.JUnitTestRunner.main(JUnitTestRunner.java:768)
DEBUG root : Starting TCPConnection: local port 40711, endpoint = localhost/127.0.0.1:19243. Registry: rescuecore2.registry.Registry@145c859
DEBUG root : Starting TCPConnection: local port 19243, endpoint = /127.0.0.1:40711. Registry: rescuecore2.registry.Registry@145c859
DEBUG root : Starting TCPConnection: local port 40712, endpoint = localhost/127.0.0.1:19243. Registry: rescuecore2.registry.Registry@60e128
DEBUG root : Starting TCPConnection: local port 19243, endpoint = /127.0.0.1:40712. Registry: rescuecore2.registry.Registry@60e128
INFO root : Shutting down TCPConnection: local port 19243, endpoint = /127.0.0.1:40712
ERROR root : Error writing to StreamConnection TCPConnection: local port 40712, endpoint = localhost/127.0.0.1:19243
java.net.SocketException: Broken pipe
	at java.net.SocketOutputStream.socketWrite0(Native Method)
	at java.net.SocketOutputStream.socketWrite(SocketOutputStream.java:109)
	at java.net.SocketOutputStream.write(SocketOutputStream.java:132)
	at rescuecore2.misc.EncodingTools.writeInt32(EncodingTools.java:46)
	at rescuecore2.connection.StreamConnection$WriteThread.work(StreamConnection.java:150)
	at rescuecore2.misc.WorkerThread.run(WorkerThread.java:48)
DEBUG root : Starting TCPConnection: local port 40713, endpoint = localhost/127.0.0.1:19243. Registry: rescuecore2.registry.Registry@1833eca
INFO root : Shutting down TCPConnection: local port 40713, endpoint = localhost/127.0.0.1:19243
DEBUG root : Starting TCPConnection: local port 40714, endpoint = localhost/127.0.0.1:19243. Registry: rescuecore2.registry.Registry@10dc6b5
DEBUG root : Starting TCPConnection: local port 19243, endpoint = /127.0.0.1:40714. Registry: rescuecore2.registry.Registry@10dc6b5
DEBUG root : Starting TCPConnection: local port 40715, endpoint = localhost/127.0.0.1:19243. Registry: rescuecore2.registry.Registry@29e357
DEBUG root : Starting TCPConnection: local port 19243, endpoint = /127.0.0.1:40715. Registry: rescuecore2.registry.Registry@29e357
DEBUG root : Starting TCPConnection: local port 40716, endpoint = localhost/127.0.0.1:19243. Registry: rescuecore2.registry.Registry@11a75a2
DEBUG root : Starting TCPConnection: local port 19243, endpoint = /127.0.0.1:40716. Registry: rescuecore2.registry.Registry@11a75a2
INFO root : Shutting down TCPConnection: local port 19243, endpoint = /127.0.0.1:40716
ERROR root : Error writing to StreamConnection TCPConnection: local port 40716, endpoint = localhost/127.0.0.1:19243
java.net.SocketException: Broken pipe
	at java.net.SocketOutputStream.socketWrite0(Native Method)
	at java.net.SocketOutputStream.socketWrite(SocketOutputStream.java:109)
	at java.net.SocketOutputStream.write(SocketOutputStream.java:132)
	at rescuecore2.misc.EncodingTools.writeInt32(EncodingTools.java:46)
	at rescuecore2.connection.StreamConnection$WriteThread.work(StreamConnection.java:150)
	at rescuecore2.misc.WorkerThread.run(WorkerThread.java:48)
DEBUG root : Starting TCPConnection: local port 40717, endpoint = localhost/127.0.0.1:19243. Registry: rescuecore2.registry.Registry@1bbd23f
DEBUG root : Starting TCPConnection: local port 19243, endpoint = /127.0.0.1:40717. Registry: rescuecore2.registry.Registry@1bbd23f
DEBUG root : Starting TCPConnection: local port 40718, endpoint = localhost/127.0.0.1:19243. Registry: rescuecore2.registry.Registry@13d28e3
DEBUG root : Starting TCPConnection: local port 19243, endpoint = /127.0.0.1:40718. Registry: rescuecore2.registry.Registry@13d28e3
DEBUG root : Starting TCPConnection: local port 40719, endpoint = localhost/127.0.0.1:19243. Registry: rescuecore2.registry.Registry@e0cc23
DEBUG root : Starting TCPConnection: local port 19243, endpoint = /127.0.0.1:40719. Registry: rescuecore2.registry.Registry@e0cc23
DEBUG root : Starting TCPConnection: local port 40720, endpoint = localhost/127.0.0.1:19243. Registry: rescuecore2.registry.Registry@12a55aa
DEBUG root : Starting TCPConnection: local port 19243, endpoint = /127.0.0.1:40720. Registry: rescuecore2.registry.Registry@12a55aa
DEBUG root : Starting TCPConnection: local port 19243, endpoint = /127.0.0.1:40721. Registry: rescuecore2.registry.Registry@273686
DEBUG root : Starting TCPConnection: local port 19243, endpoint = /127.0.0.1:40722. Registry: rescuecore2.registry.Registry@df1832
DEBUG root : Starting TCPConnection: local port 40722, endpoint = localhost/127.0.0.1:19243. Registry: rescuecore2.registry.Registry@df1832
INFO root : Shutting down TCPConnection: local port 40722, endpoint = localhost/127.0.0.1:19243
DEBUG root : Starting TCPConnection: local port 40723, endpoint = localhost/127.0.0.1:19243. Registry: rescuecore2.registry.Registry@766a24
DEBUG root : Starting TCPConnection: local port 19243, endpoint = /127.0.0.1:40723. Registry: rescuecore2.registry.Registry@766a24
WARN root : rescuecore2.registry.Registry@766a24: message Test message 1 is being clobbered by rescuecore2.connection.TestMessageFactory@100363. Old factory: rescuecore2.connection.TestMessageFactory@14e8cee
]]></system-out>
  <system-err><![CDATA[]]></system-err>
</testsuite>
