<?xml version="1.0" encoding="UTF-8" ?>
<testsuite errors="0" failures="0" hostname="atari" name="rescuecore2.connection.ConnectionManagerTest" tests="5" time="7.171" timestamp="2011-04-02T19:31:41">
  <properties>
[...]
</properties>
  <testcase classname="rescuecore2.connection.ConnectionManagerTest" name="testListen" time="1.099" />
  <testcase classname="rescuecore2.connection.ConnectionManagerTest" name="testListenMultiplePorts" time="1.005" />
  <testcase classname="rescuecore2.connection.ConnectionManagerTest" name="testShutdown" time="2.004" />
  <testcase classname="rescuecore2.connection.ConnectionManagerTest" name="testShutdownPreventsListen" time="1.006" />
  <testcase classname="rescuecore2.connection.ConnectionManagerTest" name="testInterruptedShutdown" time="2.005" />
  <system-out><![CDATA[INFO root : Listening for connections on port 34332
DEBUG root : Starting TCPConnection: local port 34332, endpoint = /127.0.0.1:33060. Registry: rescuecore2.registry.Registry@1315d34
DEBUG root : Starting TCPConnection: local port 34332, endpoint = /127.0.0.1:33061. Registry: rescuecore2.registry.Registry@1315d34
DEBUG root : Starting TCPConnection: local port 34332, endpoint = /127.0.0.1:33062. Registry: rescuecore2.registry.Registry@1315d34
DEBUG root : Starting TCPConnection: local port 34332, endpoint = /127.0.0.1:33063. Registry: rescuecore2.registry.Registry@1315d34
DEBUG root : Starting TCPConnection: local port 34332, endpoint = /127.0.0.1:33064. Registry: rescuecore2.registry.Registry@1315d34
DEBUG root : Starting TCPConnection: local port 34332, endpoint = /127.0.0.1:33065. Registry: rescuecore2.registry.Registry@1315d34
INFO root : Listening for connections on port 34332
INFO root : Listening for connections on port 34333
DEBUG root : Starting TCPConnection: local port 34333, endpoint = /127.0.0.1:50933. Registry: rescuecore2.registry.Registry@e6f7d2
DEBUG root : Starting TCPConnection: local port 34332, endpoint = /127.0.0.1:33066. Registry: rescuecore2.registry.Registry@e6f7d2
INFO root : Listening for connections on port 34332
INFO root : Listening for connections on port 34333
DEBUG root : Starting TCPConnection: local port 34332, endpoint = /127.0.0.1:33068. Registry: rescuecore2.registry.Registry@9e5c73
DEBUG root : Starting TCPConnection: local port 34333, endpoint = /127.0.0.1:50935. Registry: rescuecore2.registry.Registry@9e5c73
INFO root : Listening for connections on port 34332
DEBUG root : Starting TCPConnection: local port 34332, endpoint = /127.0.0.1:33072. Registry: rescuecore2.registry.Registry@290fbc
INFO root : Listening for connections on port 34332
DEBUG root : Starting TCPConnection: local port 34332, endpoint = /127.0.0.1:33074. Registry: rescuecore2.registry.Registry@10dc6b5
ERROR root : ConnectionManager interrupted while shutting down read threads
java.lang.InterruptedException
	at rescuecore2.misc.WorkerThread.kill(WorkerThread.java:37)
	at rescuecore2.connection.ConnectionManager.shutdown(ConnectionManager.java:66)
	at rescuecore2.connection.ConnectionManagerTest.testInterruptedShutdown(ConnectionManagerTest.java:132)
	at sun.reflect.NativeMethodAccessorImpl.invoke0(Native Method)
	at sun.reflect.NativeMethodAccessorImpl.invoke(NativeMethodAccessorImpl.java:57)
	at sun.reflect.DelegatingMethodAccessorImpl.invoke(DelegatingMethodAccessorImpl.java:43)
	at java.lang.reflect.Method.invoke(Method.java:616)
	at org.junit.runners.model.FrameworkMethod$1.runReflectiveCall(FrameworkMethod.java:44)
	at org.junit.internal.runners.model.ReflectiveCallable.run(ReflectiveCallable.java:15)
	at org.junit.runners.model.FrameworkMethod.invokeExplosively(FrameworkMethod.java:41)
	at org.junit.internal.runners.statements.InvokeMethod.evaluate(InvokeMethod.java:20)
	at org.junit.internal.runners.statements.RunBefores.evaluate(RunBefores.java:28)
	at org.junit.internal.runners.statements.RunAfters.evaluate(RunAfters.java:31)
	at org.junit.runners.BlockJUnit4ClassRunner.runChild(BlockJUnit4ClassRunner.java:73)
	at org.junit.runners.BlockJUnit4ClassRunner.runChild(BlockJUnit4ClassRunner.java:46)
	at org.junit.runners.ParentRunner.runChildren(ParentRunner.java:180)
	at org.junit.runners.ParentRunner.access$000(ParentRunner.java:41)
	at org.junit.runners.ParentRunner$1.evaluate(ParentRunner.java:173)
	at org.junit.internal.runners.statements.RunBefores.evaluate(RunBefores.java:28)
	at org.junit.internal.runners.statements.RunAfters.evaluate(RunAfters.java:31)
	at org.junit.runners.ParentRunner.run(ParentRunner.java:220)
	at junit.framework.JUnit4TestAdapter.run(JUnit4TestAdapter.java:39)
	at org.apache.tools.ant.taskdefs.optional.junit.JUnitTestRunner.run(JUnitTestRunner.java:420)
	at org.apache.tools.ant.taskdefs.optional.junit.JUnitTestRunner.launch(JUnitTestRunner.java:911)
	at org.apache.tools.ant.taskdefs.optional.junit.JUnitTestRunner.main(JUnitTestRunner.java:768)
]]></system-out>
  <system-err><![CDATA[]]></system-err>
</testsuite>
